[2025-12-04 14:48:03,349][nequip.utils.versions.package_versions][INFO] - [rank: 0] Version Information:
[2025-12-04 14:48:03,351][nequip.utils.versions.package_versions][INFO] - [rank: 0] torch 2.9.1
[2025-12-04 14:48:03,352][nequip.utils.versions.package_versions][INFO] - [rank: 0] e3nn 0.5.8
[2025-12-04 14:48:03,352][nequip.utils.versions.package_versions][INFO] - [rank: 0] nequip 0.16.1
[2025-12-04 14:48:03,352][nequip.scripts.train][INFO] - [rank: 0] This `nequip-train` run will perform the following tasks: ['train', 'test']
[2025-12-04 14:48:03,353][nequip.scripts.train][INFO] - [rank: 0] and use the output directory provided by Hydra: /global/cfs/cdirs/m5047/train_sam/nequip_10e/outputs/2025-12-04/14-48-03
[2025-12-04 14:48:03,443][nequip.scripts.train][INFO] - [rank: 0] Building datamodule ...
[2025-12-04 14:48:03,454][nequip.data.datamodule._base_datamodule][INFO] - [rank: 0] Found 1 training dataset(s), 1 validation dataset(s), 1 test dataset(s), and 0 predict dataset(s).
[2025-12-04 14:48:29,070][nequip.data.stats_manager][INFO] - [rank: 0] Computed data statistics:
[2025-12-04 14:48:29,071][nequip.data.stats_manager][INFO] - [rank: 0] num_neighbors_mean: 94.33615740740741
[2025-12-04 14:48:29,072][nequip.data.stats_manager][INFO] - [rank: 0] per_type_num_neighbors_mean_O: 94.15547453703704
[2025-12-04 14:48:29,072][nequip.data.stats_manager][INFO] - [rank: 0] per_type_num_neighbors_mean_H: 94.42649884259255
[2025-12-04 14:48:29,073][nequip.data.stats_manager][INFO] - [rank: 0] per_atom_energy_mean: -5.208124335341453
[2025-12-04 14:48:29,073][nequip.data.stats_manager][INFO] - [rank: 0] forces_rms: 0.83703964537533
[2025-12-04 14:48:29,074][nequip.data.stats_manager][INFO] - [rank: 0] per_type_forces_rms_O: 1.0227243578030132
[2025-12-04 14:48:29,075][nequip.data.stats_manager][INFO] - [rank: 0] per_type_forces_rms_H: 0.7266157828407632
[2025-12-04 14:48:29,082][nequip.scripts.train][INFO] - [rank: 0] Building model and training_module from scratch ...
[2025-12-04 14:48:31,242][nequip.scripts.train][INFO] - [rank: 0] TRAIN RUN START
[2025-12-04 19:09:41,049][nequip.scripts.train][INFO] - [rank: 0] TRAIN RUN END
[2025-12-04 19:09:41,054][nequip.scripts.train][INFO] - [rank: 0] TEST RUN START
[2025-12-04 19:09:52,860][nequip.scripts.train][INFO] - [rank: 0] TEST RUN END
