2025-12-04 03:23:46.452 INFO: ===========VERIFYING SETTINGS===========
2025-12-04 03:23:46.455 INFO: Stage Two is activated as start_stage_two was defined
2025-12-04 03:23:46.456 INFO: MACE version: 0.3.15
2025-12-04 03:23:48.739 INFO: CUDA version: 12.8, CUDA device: 0
2025-12-04 03:23:49.699 INFO: ===========LOADING INPUT DATA===========
2025-12-04 03:23:49.700 INFO: Using heads: ['Default']
2025-12-04 03:23:49.701 INFO: Using the key specifications to parse data:
2025-12-04 03:23:49.701 INFO: Default: KeySpecification(info_keys={'energy': 'energy', 'stress': 'REF_stress', 'virials': 'REF_virials', 'dipole': 'dipole', 'head': 'head', 'elec_temp': 'elec_temp', 'total_charge': 'total_charge', 'polarizability': 'polarizability', 'total_spin': 'total_spin'}, arrays_keys={'forces': 'forces', 'charges': 'REF_charges'})
2025-12-04 03:23:49.702 INFO: =============    Processing head Default     ===========
2025-12-04 03:23:55.726 WARNING: Since ASE version 3.23.0b1, using energy_key 'energy' is no longer safe when communicating between MACE and ASE. We recommend using a different key, rewriting 'energy' to 'REF_energy'. You need to use --energy_key='REF_energy' to specify the chosen key name.
2025-12-04 03:23:55.889 WARNING: Since ASE version 3.23.0b1, using forces_key 'forces' is no longer safe when communicating between MACE and ASE. We recommend using a different key, rewriting 'forces' to 'REF_forces'. You need to use --forces_key='REF_forces' to specify the chosen key name.
2025-12-04 03:23:56.360 INFO: Training set 1/1 [energy: 2000, stress: 0, virials: 0, dipole components: 0, head: 2000, elec_temp: 0, total_charge: 0, polarizability: 0, total_spin: 0, forces: 2000, charges: 0]
2025-12-04 03:23:56.370 INFO: Total Training set [energy: 2000, stress: 0, virials: 0, dipole components: 0, head: 2000, elec_temp: 0, total_charge: 0, polarizability: 0, total_spin: 0, forces: 2000, charges: 0]
2025-12-04 03:23:56.371 INFO: No validation set provided, splitting training data instead.
2025-12-04 03:23:56.382 INFO: Using random 10% of training set for validation with indices saved in: ./MACE_model_valid_indices_123.txt
2025-12-04 03:23:56.390 INFO: Random Split Training set [energy: 1800, stress: 0, virials: 0, dipole components: 0, head: 1800, elec_temp: 0, total_charge: 0, polarizability: 0, total_spin: 0, forces: 1800, charges: 0]
2025-12-04 03:23:56.393 INFO: Random Split Validation set [energy: 200, stress: 0, virials: 0, dipole components: 0, head: 200, elec_temp: 0, total_charge: 0, polarizability: 0, total_spin: 0, forces: 200, charges: 0]
2025-12-04 03:23:56.393 INFO: Total number of configurations: train=1800, valid=200, tests=[],
2025-12-04 03:23:56.462 INFO: Atomic Numbers used: [np.int64(1), np.int64(8)]
2025-12-04 03:23:56.463 INFO: Isolated Atomic Energies (E0s) not in training file, using command line argument
2025-12-04 03:23:56.464 INFO: Computing average Atomic Energies using least squares regression
2025-12-04 03:23:56.485 INFO: Atomic Energies used (z: eV) for head Default: {1: -6.277743559907824, 8: -3.138871779953934}
2025-12-04 03:23:56.488 INFO: Processing datasets for head 'Default'
2025-12-04 03:24:14.082 INFO: Combining 1 list datasets for head 'Default'
2025-12-04 03:24:16.033 INFO: Head 'Default' training dataset size: 1800
2025-12-04 03:24:16.035 INFO: Computing average number of neighbors
2025-12-04 03:24:18.606 INFO: Average number of neighbors: 94.6312026977539
2025-12-04 03:24:18.608 INFO: During training the following quantities will be reported: energy, forces
2025-12-04 03:24:18.610 INFO: ===========MODEL DETAILS===========
2025-12-04 03:24:19.810 INFO: Building model
2025-12-04 03:24:19.848 INFO: Message passing with 128 channels and max_L=1 (128x0e + 128x1o)
2025-12-04 03:24:19.849 INFO: 2 layers, each with correlation order: 3 (body order: 4) and spherical harmonics up to: l=3
2025-12-04 03:24:19.850 INFO: 8 radial and 5 basis functions
2025-12-04 03:24:19.851 INFO: Radial cutoff: 6.0 A (total receptive field for each atom: 12.0 A)
2025-12-04 03:24:19.853 INFO: Distance transform for radial basis functions: None
2025-12-04 03:24:19.854 INFO: Hidden irreps: 128x0e + 128x1o
2025-12-04 03:24:21.875 INFO: Total number of parameters: 655248
2025-12-04 03:24:21.876 INFO: 
2025-12-04 03:24:21.877 INFO: ===========OPTIMIZER INFORMATION===========
2025-12-04 03:24:21.877 INFO: Using ADAM as parameter optimizer
2025-12-04 03:24:21.878 INFO: Batch size: 4
2025-12-04 03:24:21.879 INFO: Using Exponential Moving Average with decay: 0.99
2025-12-04 03:24:21.879 INFO: Number of gradient updates: 450000
2025-12-04 03:24:21.880 INFO: Learning rate: 0.01, weight decay: 5e-07
2025-12-04 03:24:21.881 INFO: WeightedEnergyForcesLoss(energy_weight=1.000, forces_weight=100.000)
2025-12-04 03:24:21.882 INFO: Stage Two (after 800 epochs) with loss function: WeightedEnergyForcesLoss(energy_weight=1000.000, forces_weight=100.000), with energy weight : 1000.0, forces weight : 100.0 and learning rate : 0.001
2025-12-04 03:24:21.956 WARNING: Cannot find checkpoint with tag 'MACE_model_run-123' in './checkpoints'
2025-12-04 03:24:21.958 INFO: Using gradient clipping with tolerance=10.000
2025-12-04 03:24:21.959 INFO: 
2025-12-04 03:24:21.960 INFO: ===========TRAINING===========
2025-12-04 03:24:21.960 INFO: Started training, reporting errors on validation set
2025-12-04 03:24:21.961 INFO: Loss metrics on validation set
2025-12-04 03:24:32.408 INFO: Initial: head: Default, loss=7.18215799, RMSE_E_per_atom=   15.10 meV, RMSE_F=  847.47 meV / A
2025-12-04 03:28:13.294 INFO: Epoch 0: head: Default, loss=0.12534910, RMSE_E_per_atom=  122.98 meV, RMSE_F=  111.28 meV / A
2025-12-04 03:31:52.683 INFO: Epoch 1: head: Default, loss=0.05296480, RMSE_E_per_atom=   54.53 meV, RMSE_F=   72.57 meV / A
2025-12-04 03:35:31.334 INFO: Epoch 2: head: Default, loss=0.03540112, RMSE_E_per_atom=   23.90 meV, RMSE_F=   59.45 meV / A
2025-12-04 03:39:09.236 INFO: Epoch 3: head: Default, loss=0.02677316, RMSE_E_per_atom=   17.06 meV, RMSE_F=   51.71 meV / A
2025-12-04 03:42:46.934 INFO: Epoch 4: head: Default, loss=0.02302324, RMSE_E_per_atom=   14.97 meV, RMSE_F=   47.96 meV / A
2025-12-04 03:46:24.969 INFO: Epoch 5: head: Default, loss=0.01825985, RMSE_E_per_atom=   10.87 meV, RMSE_F=   42.72 meV / A
2025-12-04 03:50:02.839 INFO: Epoch 6: head: Default, loss=0.01683959, RMSE_E_per_atom=   10.30 meV, RMSE_F=   41.02 meV / A
2025-12-04 03:53:41.133 INFO: Epoch 7: head: Default, loss=0.01390826, RMSE_E_per_atom=   10.20 meV, RMSE_F=   37.28 meV / A
2025-12-04 03:57:19.358 INFO: Epoch 8: head: Default, loss=0.01142609, RMSE_E_per_atom=    6.48 meV, RMSE_F=   33.80 meV / A
2025-12-04 04:00:57.475 INFO: Epoch 9: head: Default, loss=0.01150711, RMSE_E_per_atom=    8.05 meV, RMSE_F=   33.91 meV / A
2025-12-04 04:04:35.199 INFO: Epoch 10: head: Default, loss=0.00925038, RMSE_E_per_atom=    6.54 meV, RMSE_F=   30.41 meV / A
2025-12-04 04:08:13.041 INFO: Epoch 11: head: Default, loss=0.00814235, RMSE_E_per_atom=    5.09 meV, RMSE_F=   28.53 meV / A
2025-12-04 04:11:50.954 INFO: Epoch 12: head: Default, loss=0.00743188, RMSE_E_per_atom=    5.78 meV, RMSE_F=   27.26 meV / A
2025-12-04 04:15:28.982 INFO: Epoch 13: head: Default, loss=0.00681453, RMSE_E_per_atom=    5.22 meV, RMSE_F=   26.10 meV / A
2025-12-04 04:19:06.878 INFO: Epoch 14: head: Default, loss=0.00627765, RMSE_E_per_atom=    5.20 meV, RMSE_F=   25.05 meV / A
2025-12-04 04:22:44.828 INFO: Epoch 15: head: Default, loss=0.00582609, RMSE_E_per_atom=    4.52 meV, RMSE_F=   24.13 meV / A
2025-12-04 04:26:22.755 INFO: Epoch 16: head: Default, loss=0.00546117, RMSE_E_per_atom=    4.06 meV, RMSE_F=   23.37 meV / A
2025-12-04 04:30:00.631 INFO: Epoch 17: head: Default, loss=0.00520735, RMSE_E_per_atom=    4.42 meV, RMSE_F=   22.82 meV / A
2025-12-04 04:33:38.649 INFO: Epoch 18: head: Default, loss=0.00473408, RMSE_E_per_atom=    3.86 meV, RMSE_F=   21.75 meV / A
2025-12-04 04:37:16.733 INFO: Epoch 19: head: Default, loss=0.00452172, RMSE_E_per_atom=    3.72 meV, RMSE_F=   21.26 meV / A
2025-12-04 04:40:55.036 INFO: Epoch 20: head: Default, loss=0.00423620, RMSE_E_per_atom=    3.68 meV, RMSE_F=   20.58 meV / A
2025-12-04 04:44:33.180 INFO: Epoch 21: head: Default, loss=0.00400782, RMSE_E_per_atom=    3.47 meV, RMSE_F=   20.02 meV / A
2025-12-04 04:48:11.693 INFO: Epoch 22: head: Default, loss=0.00379576, RMSE_E_per_atom=    3.32 meV, RMSE_F=   19.48 meV / A
2025-12-04 04:51:49.768 INFO: Epoch 23: head: Default, loss=0.00362638, RMSE_E_per_atom=    3.25 meV, RMSE_F=   19.04 meV / A
2025-12-04 04:55:27.377 INFO: Epoch 24: head: Default, loss=0.00353251, RMSE_E_per_atom=    3.25 meV, RMSE_F=   18.79 meV / A
2025-12-04 04:59:04.486 INFO: Epoch 25: head: Default, loss=0.00335716, RMSE_E_per_atom=    3.26 meV, RMSE_F=   18.32 meV / A
2025-12-04 05:02:42.025 INFO: Epoch 26: head: Default, loss=0.00327195, RMSE_E_per_atom=    3.33 meV, RMSE_F=   18.09 meV / A
2025-12-04 05:06:19.407 INFO: Epoch 27: head: Default, loss=0.00319673, RMSE_E_per_atom=    3.21 meV, RMSE_F=   17.88 meV / A
2025-12-04 05:09:57.075 INFO: Epoch 28: head: Default, loss=0.00305259, RMSE_E_per_atom=    3.09 meV, RMSE_F=   17.47 meV / A
2025-12-04 05:13:34.701 INFO: Epoch 29: head: Default, loss=0.00303499, RMSE_E_per_atom=    3.06 meV, RMSE_F=   17.42 meV / A
2025-12-04 05:17:12.357 INFO: Epoch 30: head: Default, loss=0.00282046, RMSE_E_per_atom=    2.98 meV, RMSE_F=   16.79 meV / A
2025-12-04 05:20:50.019 INFO: Epoch 31: head: Default, loss=0.00274739, RMSE_E_per_atom=    2.94 meV, RMSE_F=   16.57 meV / A
2025-12-04 05:24:27.948 INFO: Epoch 32: head: Default, loss=0.00268351, RMSE_E_per_atom=    2.98 meV, RMSE_F=   16.38 meV / A
2025-12-04 05:28:05.630 INFO: Epoch 33: head: Default, loss=0.00266128, RMSE_E_per_atom=    2.84 meV, RMSE_F=   16.31 meV / A
2025-12-04 05:31:43.447 INFO: Epoch 34: head: Default, loss=0.00253815, RMSE_E_per_atom=    2.85 meV, RMSE_F=   15.93 meV / A
2025-12-04 05:35:21.666 INFO: Epoch 35: head: Default, loss=0.00252720, RMSE_E_per_atom=    2.86 meV, RMSE_F=   15.89 meV / A
2025-12-04 05:38:59.972 INFO: Epoch 36: head: Default, loss=0.00254327, RMSE_E_per_atom=    2.87 meV, RMSE_F=   15.95 meV / A
2025-12-04 05:42:37.462 INFO: Epoch 37: head: Default, loss=0.00234196, RMSE_E_per_atom=    2.85 meV, RMSE_F=   15.30 meV / A
2025-12-04 05:46:15.457 INFO: Epoch 38: head: Default, loss=0.00230719, RMSE_E_per_atom=    2.86 meV, RMSE_F=   15.19 meV / A
2025-12-04 05:49:53.220 INFO: Epoch 39: head: Default, loss=0.00225672, RMSE_E_per_atom=    2.77 meV, RMSE_F=   15.02 meV / A
2025-12-04 05:53:31.422 INFO: Epoch 40: head: Default, loss=0.00226305, RMSE_E_per_atom=    2.83 meV, RMSE_F=   15.04 meV / A
2025-12-04 05:57:08.647 INFO: Epoch 41: head: Default, loss=0.00222640, RMSE_E_per_atom=    3.19 meV, RMSE_F=   14.92 meV / A
2025-12-04 06:00:46.357 INFO: Epoch 42: head: Default, loss=0.00224183, RMSE_E_per_atom=    2.83 meV, RMSE_F=   14.97 meV / A
2025-12-04 06:04:23.207 INFO: Epoch 43: head: Default, loss=0.00207587, RMSE_E_per_atom=    2.68 meV, RMSE_F=   14.41 meV / A
2025-12-04 06:08:00.981 INFO: Epoch 44: head: Default, loss=0.00209228, RMSE_E_per_atom=    2.79 meV, RMSE_F=   14.46 meV / A
2025-12-04 06:11:37.929 INFO: Epoch 45: head: Default, loss=0.00198406, RMSE_E_per_atom=    2.66 meV, RMSE_F=   14.08 meV / A
2025-12-04 06:15:15.343 INFO: Epoch 46: head: Default, loss=0.00198331, RMSE_E_per_atom=    2.74 meV, RMSE_F=   14.08 meV / A
2025-12-04 06:18:52.483 INFO: Epoch 47: head: Default, loss=0.00192508, RMSE_E_per_atom=    2.72 meV, RMSE_F=   13.87 meV / A
2025-12-04 06:22:30.258 INFO: Epoch 48: head: Default, loss=0.00188705, RMSE_E_per_atom=    2.65 meV, RMSE_F=   13.73 meV / A
2025-12-04 06:26:08.083 INFO: Epoch 49: head: Default, loss=0.00184089, RMSE_E_per_atom=    2.58 meV, RMSE_F=   13.57 meV / A
2025-12-04 06:29:46.105 INFO: Epoch 50: head: Default, loss=0.00181084, RMSE_E_per_atom=    2.69 meV, RMSE_F=   13.45 meV / A
2025-12-04 06:33:24.094 INFO: Epoch 51: head: Default, loss=0.00179113, RMSE_E_per_atom=    2.68 meV, RMSE_F=   13.38 meV / A
2025-12-04 06:37:02.025 INFO: Epoch 52: head: Default, loss=0.00179957, RMSE_E_per_atom=    2.71 meV, RMSE_F=   13.41 meV / A
2025-12-04 06:40:39.608 INFO: Epoch 53: head: Default, loss=0.00188172, RMSE_E_per_atom=    2.77 meV, RMSE_F=   13.71 meV / A
2025-12-04 06:44:17.423 INFO: Epoch 54: head: Default, loss=0.00174305, RMSE_E_per_atom=    2.62 meV, RMSE_F=   13.20 meV / A
2025-12-04 06:47:55.022 INFO: Epoch 55: head: Default, loss=0.00168224, RMSE_E_per_atom=    2.69 meV, RMSE_F=   12.97 meV / A
2025-12-04 06:51:32.555 INFO: Epoch 56: head: Default, loss=0.00170257, RMSE_E_per_atom=    2.64 meV, RMSE_F=   13.05 meV / A
2025-12-04 06:55:10.017 INFO: Epoch 57: head: Default, loss=0.00166427, RMSE_E_per_atom=    2.68 meV, RMSE_F=   12.90 meV / A
2025-12-04 06:58:47.505 INFO: Epoch 58: head: Default, loss=0.00163868, RMSE_E_per_atom=    2.65 meV, RMSE_F=   12.80 meV / A
2025-12-04 07:02:25.768 INFO: Epoch 59: head: Default, loss=0.00182267, RMSE_E_per_atom=    2.94 meV, RMSE_F=   13.50 meV / A
2025-12-04 07:06:03.262 INFO: Epoch 60: head: Default, loss=0.00162681, RMSE_E_per_atom=    2.71 meV, RMSE_F=   12.75 meV / A
2025-12-04 07:09:40.968 INFO: Epoch 61: head: Default, loss=0.00164234, RMSE_E_per_atom=    2.90 meV, RMSE_F=   12.81 meV / A
2025-12-04 07:13:18.758 INFO: Epoch 62: head: Default, loss=0.00153140, RMSE_E_per_atom=    2.64 meV, RMSE_F=   12.37 meV / A
2025-12-04 07:16:56.765 INFO: Epoch 63: head: Default, loss=0.00150683, RMSE_E_per_atom=    2.60 meV, RMSE_F=   12.27 meV / A
2025-12-04 07:20:34.429 INFO: Epoch 64: head: Default, loss=0.00149483, RMSE_E_per_atom=    2.62 meV, RMSE_F=   12.22 meV / A
2025-12-04 07:24:12.628 INFO: Epoch 65: head: Default, loss=0.00150714, RMSE_E_per_atom=    2.58 meV, RMSE_F=   12.27 meV / A
2025-12-04 07:27:49.445 INFO: Epoch 66: head: Default, loss=0.00142813, RMSE_E_per_atom=    2.64 meV, RMSE_F=   11.95 meV / A
2025-12-04 07:31:27.335 INFO: Epoch 67: head: Default, loss=0.00142741, RMSE_E_per_atom=    2.64 meV, RMSE_F=   11.94 meV / A
2025-12-04 07:35:04.520 INFO: Epoch 68: head: Default, loss=0.00145786, RMSE_E_per_atom=    2.67 meV, RMSE_F=   12.07 meV / A
2025-12-04 07:38:42.068 INFO: Epoch 69: head: Default, loss=0.00139530, RMSE_E_per_atom=    2.62 meV, RMSE_F=   11.81 meV / A
2025-12-04 07:42:18.937 INFO: Epoch 70: head: Default, loss=0.00146222, RMSE_E_per_atom=    2.65 meV, RMSE_F=   12.09 meV / A
2025-12-04 07:45:57.098 INFO: Epoch 71: head: Default, loss=0.00141559, RMSE_E_per_atom=    2.70 meV, RMSE_F=   11.89 meV / A
2025-12-04 07:49:33.833 INFO: Epoch 72: head: Default, loss=0.00143059, RMSE_E_per_atom=    2.67 meV, RMSE_F=   11.96 meV / A
2025-12-04 07:53:11.182 INFO: Epoch 73: head: Default, loss=0.00136987, RMSE_E_per_atom=    2.67 meV, RMSE_F=   11.70 meV / A
2025-12-04 07:56:48.793 INFO: Epoch 74: head: Default, loss=0.00132414, RMSE_E_per_atom=    2.63 meV, RMSE_F=   11.50 meV / A
2025-12-04 08:00:26.972 INFO: Epoch 75: head: Default, loss=0.00125777, RMSE_E_per_atom=    2.66 meV, RMSE_F=   11.21 meV / A
2025-12-04 08:04:04.187 INFO: Epoch 76: head: Default, loss=0.00135079, RMSE_E_per_atom=    2.54 meV, RMSE_F=   11.62 meV / A
2025-12-04 08:07:41.054 INFO: Epoch 77: head: Default, loss=0.00130641, RMSE_E_per_atom=    2.54 meV, RMSE_F=   11.43 meV / A
2025-12-04 08:11:17.921 INFO: Epoch 78: head: Default, loss=0.00128407, RMSE_E_per_atom=    2.56 meV, RMSE_F=   11.33 meV / A
2025-12-04 08:14:54.800 INFO: Epoch 79: head: Default, loss=0.00122478, RMSE_E_per_atom=    2.62 meV, RMSE_F=   11.06 meV / A
2025-12-04 08:18:31.978 INFO: Epoch 80: head: Default, loss=0.00121982, RMSE_E_per_atom=    2.66 meV, RMSE_F=   11.04 meV / A
2025-12-04 08:22:08.966 INFO: Epoch 81: head: Default, loss=0.00120250, RMSE_E_per_atom=    2.66 meV, RMSE_F=   10.96 meV / A
2025-12-04 08:25:45.912 INFO: Epoch 82: head: Default, loss=0.00127263, RMSE_E_per_atom=    2.59 meV, RMSE_F=   11.28 meV / A
2025-12-04 08:29:22.715 INFO: Epoch 83: head: Default, loss=0.00120215, RMSE_E_per_atom=    2.62 meV, RMSE_F=   10.96 meV / A
2025-12-04 08:32:59.816 INFO: Epoch 84: head: Default, loss=0.00119150, RMSE_E_per_atom=    2.60 meV, RMSE_F=   10.91 meV / A
2025-12-04 08:36:36.743 INFO: Epoch 85: head: Default, loss=0.00119634, RMSE_E_per_atom=    2.56 meV, RMSE_F=   10.93 meV / A
2025-12-04 08:40:13.784 INFO: Epoch 86: head: Default, loss=0.00121645, RMSE_E_per_atom=    2.68 meV, RMSE_F=   11.03 meV / A
2025-12-04 08:43:50.473 INFO: Epoch 87: head: Default, loss=0.00115129, RMSE_E_per_atom=    2.69 meV, RMSE_F=   10.73 meV / A
2025-12-04 08:47:27.414 INFO: Epoch 88: head: Default, loss=0.00117473, RMSE_E_per_atom=    2.69 meV, RMSE_F=   10.84 meV / A
2025-12-04 08:51:04.370 INFO: Epoch 89: head: Default, loss=0.00112981, RMSE_E_per_atom=    2.54 meV, RMSE_F=   10.63 meV / A
2025-12-04 08:54:41.854 INFO: Epoch 90: head: Default, loss=0.00113535, RMSE_E_per_atom=    2.58 meV, RMSE_F=   10.65 meV / A
2025-12-04 08:58:19.180 INFO: Epoch 91: head: Default, loss=0.00110133, RMSE_E_per_atom=    2.62 meV, RMSE_F=   10.49 meV / A
2025-12-04 09:01:56.926 INFO: Epoch 92: head: Default, loss=0.00111217, RMSE_E_per_atom=    2.59 meV, RMSE_F=   10.54 meV / A
2025-12-04 09:05:34.300 INFO: Epoch 93: head: Default, loss=0.00108104, RMSE_E_per_atom=    2.61 meV, RMSE_F=   10.39 meV / A
2025-12-04 09:09:11.913 INFO: Epoch 94: head: Default, loss=0.00109291, RMSE_E_per_atom=    2.61 meV, RMSE_F=   10.45 meV / A
2025-12-04 09:12:49.382 INFO: Epoch 95: head: Default, loss=0.00108431, RMSE_E_per_atom=    2.66 meV, RMSE_F=   10.41 meV / A
2025-12-04 09:16:27.029 INFO: Epoch 96: head: Default, loss=0.00109000, RMSE_E_per_atom=    2.52 meV, RMSE_F=   10.44 meV / A
2025-12-04 09:20:04.942 INFO: Epoch 97: head: Default, loss=0.00111916, RMSE_E_per_atom=    2.52 meV, RMSE_F=   10.58 meV / A
2025-12-04 09:23:42.922 INFO: Epoch 98: head: Default, loss=0.00103416, RMSE_E_per_atom=    2.62 meV, RMSE_F=   10.17 meV / A
2025-12-04 09:27:20.996 INFO: Epoch 99: head: Default, loss=0.00107025, RMSE_E_per_atom=    2.53 meV, RMSE_F=   10.34 meV / A
2025-12-04 09:30:58.955 INFO: Epoch 100: head: Default, loss=0.00109360, RMSE_E_per_atom=    2.69 meV, RMSE_F=   10.45 meV / A
2025-12-04 09:34:36.737 INFO: Epoch 101: head: Default, loss=0.00100253, RMSE_E_per_atom=    2.69 meV, RMSE_F=   10.01 meV / A
2025-12-04 09:38:14.756 INFO: Epoch 102: head: Default, loss=0.00102219, RMSE_E_per_atom=    2.52 meV, RMSE_F=   10.11 meV / A
2025-12-04 09:41:52.329 INFO: Epoch 103: head: Default, loss=0.00109210, RMSE_E_per_atom=    2.55 meV, RMSE_F=   10.45 meV / A
2025-12-04 09:45:29.852 INFO: Epoch 104: head: Default, loss=0.00098909, RMSE_E_per_atom=    2.66 meV, RMSE_F=    9.94 meV / A
2025-12-04 09:49:07.837 INFO: Epoch 105: head: Default, loss=0.00109635, RMSE_E_per_atom=    2.54 meV, RMSE_F=   10.47 meV / A
2025-12-04 09:52:48.085 INFO: Epoch 106: head: Default, loss=0.00100407, RMSE_E_per_atom=    2.61 meV, RMSE_F=   10.02 meV / A
2025-12-04 09:56:27.227 INFO: Epoch 107: head: Default, loss=0.00097603, RMSE_E_per_atom=    2.56 meV, RMSE_F=    9.88 meV / A
2025-12-04 10:00:04.846 INFO: Epoch 108: head: Default, loss=0.00095005, RMSE_E_per_atom=    2.73 meV, RMSE_F=    9.74 meV / A
2025-12-04 10:03:42.834 INFO: Epoch 109: head: Default, loss=0.00105017, RMSE_E_per_atom=    2.59 meV, RMSE_F=   10.24 meV / A
2025-12-04 10:07:20.509 INFO: Epoch 110: head: Default, loss=0.00111275, RMSE_E_per_atom=    2.48 meV, RMSE_F=   10.55 meV / A
2025-12-04 10:10:58.207 INFO: Epoch 111: head: Default, loss=0.00096345, RMSE_E_per_atom=    2.55 meV, RMSE_F=    9.81 meV / A
2025-12-04 10:14:35.877 INFO: Epoch 112: head: Default, loss=0.00094085, RMSE_E_per_atom=    2.60 meV, RMSE_F=    9.70 meV / A
2025-12-04 10:18:13.643 INFO: Epoch 113: head: Default, loss=0.00093588, RMSE_E_per_atom=    2.59 meV, RMSE_F=    9.67 meV / A
2025-12-04 10:21:51.466 INFO: Epoch 114: head: Default, loss=0.00096464, RMSE_E_per_atom=    2.49 meV, RMSE_F=    9.82 meV / A
2025-12-04 10:25:29.286 INFO: Epoch 115: head: Default, loss=0.00094743, RMSE_E_per_atom=    2.61 meV, RMSE_F=    9.73 meV / A
2025-12-04 10:29:07.139 INFO: Epoch 116: head: Default, loss=0.00092388, RMSE_E_per_atom=    2.61 meV, RMSE_F=    9.61 meV / A
2025-12-04 10:32:45.002 INFO: Epoch 117: head: Default, loss=0.00095703, RMSE_E_per_atom=    2.57 meV, RMSE_F=    9.78 meV / A
2025-12-04 10:36:23.467 INFO: Epoch 118: head: Default, loss=0.00092559, RMSE_E_per_atom=    2.62 meV, RMSE_F=    9.62 meV / A
2025-12-04 10:40:03.123 INFO: Epoch 119: head: Default, loss=0.00092864, RMSE_E_per_atom=    2.50 meV, RMSE_F=    9.63 meV / A
2025-12-04 10:43:42.514 INFO: Epoch 120: head: Default, loss=0.00093223, RMSE_E_per_atom=    2.55 meV, RMSE_F=    9.65 meV / A
2025-12-04 10:47:20.270 INFO: Epoch 121: head: Default, loss=0.00089906, RMSE_E_per_atom=    2.67 meV, RMSE_F=    9.48 meV / A
2025-12-04 10:50:58.043 INFO: Epoch 122: head: Default, loss=0.00088123, RMSE_E_per_atom=    2.63 meV, RMSE_F=    9.38 meV / A
2025-12-04 10:54:35.634 INFO: Epoch 123: head: Default, loss=0.00088430, RMSE_E_per_atom=    2.56 meV, RMSE_F=    9.40 meV / A
2025-12-04 10:58:12.881 INFO: Epoch 124: head: Default, loss=0.00085815, RMSE_E_per_atom=    2.74 meV, RMSE_F=    9.26 meV / A
2025-12-04 11:01:50.345 INFO: Epoch 125: head: Default, loss=0.00090153, RMSE_E_per_atom=    2.70 meV, RMSE_F=    9.49 meV / A
2025-12-04 11:05:27.545 INFO: Epoch 126: head: Default, loss=0.00092174, RMSE_E_per_atom=    2.56 meV, RMSE_F=    9.60 meV / A
2025-12-04 11:09:04.945 INFO: Epoch 127: head: Default, loss=0.00086563, RMSE_E_per_atom=    2.48 meV, RMSE_F=    9.30 meV / A
2025-12-04 11:12:42.502 INFO: Epoch 128: head: Default, loss=0.00084888, RMSE_E_per_atom=    2.62 meV, RMSE_F=    9.21 meV / A
2025-12-04 11:16:20.328 INFO: Epoch 129: head: Default, loss=0.00084600, RMSE_E_per_atom=    2.73 meV, RMSE_F=    9.19 meV / A
2025-12-04 11:19:57.878 INFO: Epoch 130: head: Default, loss=0.00095548, RMSE_E_per_atom=    2.44 meV, RMSE_F=    9.77 meV / A
2025-12-04 11:23:35.118 INFO: Epoch 131: head: Default, loss=0.00085399, RMSE_E_per_atom=    2.60 meV, RMSE_F=    9.24 meV / A
2025-12-04 11:27:12.620 INFO: Epoch 132: head: Default, loss=0.00085095, RMSE_E_per_atom=    2.64 meV, RMSE_F=    9.22 meV / A
2025-12-04 11:30:51.222 INFO: Epoch 133: head: Default, loss=0.00082517, RMSE_E_per_atom=    2.63 meV, RMSE_F=    9.08 meV / A
2025-12-04 11:34:30.482 INFO: Epoch 134: head: Default, loss=0.00081010, RMSE_E_per_atom=    2.72 meV, RMSE_F=    9.00 meV / A
2025-12-04 11:38:08.818 INFO: Epoch 135: head: Default, loss=0.00085786, RMSE_E_per_atom=    2.61 meV, RMSE_F=    9.26 meV / A
2025-12-04 11:41:46.523 INFO: Epoch 136: head: Default, loss=0.00095169, RMSE_E_per_atom=    2.72 meV, RMSE_F=    9.75 meV / A
2025-12-04 11:45:25.144 INFO: Epoch 137: head: Default, loss=0.00085460, RMSE_E_per_atom=    2.51 meV, RMSE_F=    9.24 meV / A
2025-12-04 11:49:04.778 INFO: Epoch 138: head: Default, loss=0.00080985, RMSE_E_per_atom=    2.56 meV, RMSE_F=    9.00 meV / A
2025-12-04 11:52:44.925 INFO: Epoch 139: head: Default, loss=0.00079140, RMSE_E_per_atom=    2.64 meV, RMSE_F=    8.89 meV / A
2025-12-04 11:56:21.908 INFO: Epoch 140: head: Default, loss=0.00082396, RMSE_E_per_atom=    2.62 meV, RMSE_F=    9.07 meV / A
2025-12-04 11:59:59.624 INFO: Epoch 141: head: Default, loss=0.00079443, RMSE_E_per_atom=    2.67 meV, RMSE_F=    8.91 meV / A
2025-12-04 12:03:36.792 INFO: Epoch 142: head: Default, loss=0.00078689, RMSE_E_per_atom=    2.75 meV, RMSE_F=    8.87 meV / A
2025-12-04 12:07:14.233 INFO: Epoch 143: head: Default, loss=0.00082829, RMSE_E_per_atom=    2.50 meV, RMSE_F=    9.10 meV / A
2025-12-04 12:10:51.825 INFO: Epoch 144: head: Default, loss=0.00095400, RMSE_E_per_atom=    2.32 meV, RMSE_F=    9.76 meV / A
2025-12-04 12:14:28.869 INFO: Epoch 145: head: Default, loss=0.00086383, RMSE_E_per_atom=    2.45 meV, RMSE_F=    9.29 meV / A
2025-12-04 12:18:08.092 INFO: Epoch 146: head: Default, loss=0.00086044, RMSE_E_per_atom=    2.49 meV, RMSE_F=    9.27 meV / A
2025-12-04 12:21:47.937 INFO: Epoch 147: head: Default, loss=0.00078693, RMSE_E_per_atom=    2.56 meV, RMSE_F=    8.87 meV / A
2025-12-04 12:25:25.164 INFO: Epoch 148: head: Default, loss=0.00076398, RMSE_E_per_atom=    2.64 meV, RMSE_F=    8.74 meV / A
2025-12-04 12:29:02.814 INFO: Epoch 149: head: Default, loss=0.00075602, RMSE_E_per_atom=    2.64 meV, RMSE_F=    8.69 meV / A
2025-12-04 12:32:40.569 INFO: Epoch 150: head: Default, loss=0.00074569, RMSE_E_per_atom=    2.65 meV, RMSE_F=    8.63 meV / A
2025-12-04 12:36:18.520 INFO: Epoch 151: head: Default, loss=0.00074773, RMSE_E_per_atom=    2.63 meV, RMSE_F=    8.64 meV / A
2025-12-04 12:39:58.219 INFO: Epoch 152: head: Default, loss=0.00074888, RMSE_E_per_atom=    2.60 meV, RMSE_F=    8.65 meV / A
2025-12-04 12:43:37.461 INFO: Epoch 153: head: Default, loss=0.00075636, RMSE_E_per_atom=    2.59 meV, RMSE_F=    8.69 meV / A
2025-12-04 12:47:14.636 INFO: Epoch 154: head: Default, loss=0.00079144, RMSE_E_per_atom=    2.60 meV, RMSE_F=    8.89 meV / A
2025-12-04 12:50:51.587 INFO: Epoch 155: head: Default, loss=0.00073669, RMSE_E_per_atom=    2.61 meV, RMSE_F=    8.58 meV / A
2025-12-04 12:54:29.100 INFO: Epoch 156: head: Default, loss=0.00091351, RMSE_E_per_atom=    2.63 meV, RMSE_F=    9.55 meV / A
2025-12-04 12:58:06.219 INFO: Epoch 157: head: Default, loss=0.00079082, RMSE_E_per_atom=    2.68 meV, RMSE_F=    8.89 meV / A
2025-12-04 13:01:43.174 INFO: Epoch 158: head: Default, loss=0.00083277, RMSE_E_per_atom=    2.51 meV, RMSE_F=    9.12 meV / A
2025-12-04 13:05:20.441 INFO: Epoch 159: head: Default, loss=0.00078373, RMSE_E_per_atom=    2.56 meV, RMSE_F=    8.85 meV / A
2025-12-04 13:08:57.660 INFO: Epoch 160: head: Default, loss=0.00074987, RMSE_E_per_atom=    2.49 meV, RMSE_F=    8.66 meV / A
2025-12-04 13:12:34.827 INFO: Epoch 161: head: Default, loss=0.00074015, RMSE_E_per_atom=    2.57 meV, RMSE_F=    8.60 meV / A
2025-12-04 13:16:12.018 INFO: Epoch 162: head: Default, loss=0.00072786, RMSE_E_per_atom=    2.56 meV, RMSE_F=    8.53 meV / A
2025-12-04 13:19:49.758 INFO: Epoch 163: head: Default, loss=0.00071263, RMSE_E_per_atom=    2.63 meV, RMSE_F=    8.44 meV / A
2025-12-04 13:23:27.063 INFO: Epoch 164: head: Default, loss=0.00075543, RMSE_E_per_atom=    2.56 meV, RMSE_F=    8.69 meV / A
2025-12-04 13:27:04.542 INFO: Epoch 165: head: Default, loss=0.00079496, RMSE_E_per_atom=    2.41 meV, RMSE_F=    8.91 meV / A
2025-12-04 13:30:42.214 INFO: Epoch 166: head: Default, loss=0.00072107, RMSE_E_per_atom=    2.58 meV, RMSE_F=    8.49 meV / A
2025-12-04 13:34:19.303 INFO: Epoch 167: head: Default, loss=0.00070789, RMSE_E_per_atom=    2.62 meV, RMSE_F=    8.41 meV / A
2025-12-04 13:37:56.681 INFO: Epoch 168: head: Default, loss=0.00072310, RMSE_E_per_atom=    2.57 meV, RMSE_F=    8.50 meV / A
2025-12-04 13:41:34.062 INFO: Epoch 169: head: Default, loss=0.00072605, RMSE_E_per_atom=    2.61 meV, RMSE_F=    8.52 meV / A
2025-12-04 13:45:11.277 INFO: Epoch 170: head: Default, loss=0.00070270, RMSE_E_per_atom=    2.61 meV, RMSE_F=    8.38 meV / A
2025-12-04 13:48:48.612 INFO: Epoch 171: head: Default, loss=0.00068923, RMSE_E_per_atom=    2.68 meV, RMSE_F=    8.30 meV / A
2025-12-04 13:52:26.025 INFO: Epoch 172: head: Default, loss=0.00069993, RMSE_E_per_atom=    2.52 meV, RMSE_F=    8.36 meV / A
2025-12-04 13:56:03.402 INFO: Epoch 173: head: Default, loss=0.00071343, RMSE_E_per_atom=    2.63 meV, RMSE_F=    8.44 meV / A
2025-12-04 13:59:41.969 INFO: Epoch 174: head: Default, loss=0.00070274, RMSE_E_per_atom=    2.52 meV, RMSE_F=    8.38 meV / A
2025-12-04 14:03:18.921 INFO: Epoch 175: head: Default, loss=0.00066474, RMSE_E_per_atom=    2.69 meV, RMSE_F=    8.15 meV / A
2025-12-04 14:06:56.341 INFO: Epoch 176: head: Default, loss=0.00074348, RMSE_E_per_atom=    2.49 meV, RMSE_F=    8.62 meV / A
2025-12-04 14:10:33.932 INFO: Epoch 177: head: Default, loss=0.00076700, RMSE_E_per_atom=    2.51 meV, RMSE_F=    8.75 meV / A
2025-12-04 14:14:11.237 INFO: Epoch 178: head: Default, loss=0.00071684, RMSE_E_per_atom=    2.41 meV, RMSE_F=    8.46 meV / A
2025-12-04 14:17:48.926 INFO: Epoch 179: head: Default, loss=0.00068237, RMSE_E_per_atom=    2.47 meV, RMSE_F=    8.26 meV / A
2025-12-04 14:21:26.345 INFO: Epoch 180: head: Default, loss=0.00072631, RMSE_E_per_atom=    2.49 meV, RMSE_F=    8.52 meV / A
2025-12-04 14:25:03.215 INFO: Epoch 181: head: Default, loss=0.00076158, RMSE_E_per_atom=    2.48 meV, RMSE_F=    8.72 meV / A
2025-12-04 14:28:40.269 INFO: Epoch 182: head: Default, loss=0.00069807, RMSE_E_per_atom=    2.52 meV, RMSE_F=    8.35 meV / A
2025-12-04 14:32:17.324 INFO: Epoch 183: head: Default, loss=0.00068192, RMSE_E_per_atom=    2.63 meV, RMSE_F=    8.25 meV / A
2025-12-04 14:35:54.272 INFO: Epoch 184: head: Default, loss=0.00069716, RMSE_E_per_atom=    2.59 meV, RMSE_F=    8.35 meV / A
2025-12-04 14:39:31.244 INFO: Epoch 185: head: Default, loss=0.00067127, RMSE_E_per_atom=    2.59 meV, RMSE_F=    8.19 meV / A
2025-12-04 14:43:08.218 INFO: Epoch 186: head: Default, loss=0.00068159, RMSE_E_per_atom=    2.55 meV, RMSE_F=    8.25 meV / A
2025-12-04 14:46:45.291 INFO: Epoch 187: head: Default, loss=0.00065283, RMSE_E_per_atom=    2.64 meV, RMSE_F=    8.08 meV / A
2025-12-04 14:50:22.607 INFO: Epoch 188: head: Default, loss=0.00065462, RMSE_E_per_atom=    2.66 meV, RMSE_F=    8.09 meV / A
2025-12-04 14:53:59.713 INFO: Epoch 189: head: Default, loss=0.00068396, RMSE_E_per_atom=    2.54 meV, RMSE_F=    8.27 meV / A
2025-12-04 14:57:36.920 INFO: Epoch 190: head: Default, loss=0.00063972, RMSE_E_per_atom=    2.72 meV, RMSE_F=    7.99 meV / A
2025-12-04 15:01:14.330 INFO: Epoch 191: head: Default, loss=0.00066535, RMSE_E_per_atom=    2.75 meV, RMSE_F=    8.15 meV / A
2025-12-04 15:04:51.363 INFO: Epoch 192: head: Default, loss=0.00067150, RMSE_E_per_atom=    2.57 meV, RMSE_F=    8.19 meV / A
2025-12-04 15:08:28.277 INFO: Epoch 193: head: Default, loss=0.00063919, RMSE_E_per_atom=    2.53 meV, RMSE_F=    7.99 meV / A
2025-12-04 15:12:05.876 INFO: Epoch 194: head: Default, loss=0.00062745, RMSE_E_per_atom=    2.62 meV, RMSE_F=    7.92 meV / A
2025-12-04 15:15:43.329 INFO: Epoch 195: head: Default, loss=0.00063961, RMSE_E_per_atom=    2.81 meV, RMSE_F=    7.99 meV / A
2025-12-04 15:19:20.380 INFO: Epoch 196: head: Default, loss=0.00063704, RMSE_E_per_atom=    2.64 meV, RMSE_F=    7.98 meV / A
