2025-12-04 03:23:46.452 INFO: ===========VERIFYING SETTINGS===========
2025-12-04 03:23:46.455 INFO: Stage Two is activated as start_stage_two was defined
2025-12-04 03:23:46.456 INFO: MACE version: 0.3.15
2025-12-04 03:23:46.457 DEBUG: Configuration: Namespace(config=None, name='MACE_model', seed=123, work_dir='.', log_dir='./logs', model_dir='.', checkpoints_dir='./checkpoints', results_dir='./results', downloads_dir='./downloads', device='cuda', default_dtype='float32', distributed=False, launcher='slurm', log_level='INFO', plot=True, plot_frequency=0, plot_interaction_e=False, error_table='PerAtomRMSE', model='MACE', r_max=6.0, radial_type='bessel', num_radial_basis=8, num_cutoff_basis=5, pair_repulsion=False, distance_transform='None', apply_cutoff=True, use_last_readout_only=False, use_embedding_readout=False, interaction='RealAgnosticResidualInteractionBlock', interaction_first='RealAgnosticResidualInteractionBlock', max_ell=3, correlation=3, use_reduced_cg=False, use_so3=False, use_agnostic_product=False, num_interactions=2, MLP_irreps='16x0e', radial_MLP='[64, 64, 64]', hidden_irreps='128x0e + 128x1o', edge_irreps=None, num_channels=128, max_L=1, gate='silu', scaling='rms_forces_scaling', avg_num_neighbors=1, compute_avg_num_neighbors=True, compute_stress=False, compute_forces=True, compute_polarizability=False, compute_atomic_dipole=False, train_file='6e.xyz', valid_file=None, valid_fraction=0.1, test_file=None, test_dir=None, multi_processed_test=False, num_workers=0, pin_memory=True, atomic_numbers=None, mean=None, std=None, statistics_file=None, les_arguments=None, E0s='average', pseudolabel_replay=False, foundation_filter_elements=True, heads=None, multiheads_finetuning=True, foundation_head=None, weight_pt_head=1.0, real_pt_data_ratio_threshold=0.1, num_samples_pt=10000, force_mh_ft_lr=False, subselect_pt='random', filter_type_pt='none', allow_random_padding_pt=True, pt_train_file=None, pt_valid_file=None, foundation_model_elements=False, keep_isolated_atoms=False, energy_key='energy', forces_key='forces', virials_key='REF_virials', stress_key='REF_stress', dipole_key='dipole', polarizability_key='polarizability', head_key='head', charges_key='REF_charges', elec_temp_key='elec_temp', total_spin_key='total_spin', total_charge_key='total_charge', embedding_specs=None, skip_evaluate_heads='pt_head', loss='weighted', forces_weight=100.0, swa_forces_weight=100.0, energy_weight=1.0, swa_energy_weight=1000.0, virials_weight=1.0, swa_virials_weight=10.0, stress_weight=1.0, swa_stress_weight=10.0, dipole_weight=1.0, swa_dipole_weight=1.0, swa_polarizability_weight=1.0, polarizability_weight=1.0, config_type_weights='{"Default":1.0}', huber_delta=0.01, optimizer='adam', beta=0.9, batch_size=4, valid_batch_size=10, lr=0.01, swa_lr=0.001, weight_decay=5e-07, amsgrad=True, scheduler='ReduceLROnPlateau', lr_factor=0.8, scheduler_patience=50, lr_scheduler_gamma=0.9993, swa=True, start_swa=800, lbfgs=False, ema=True, ema_decay=0.99, max_num_epochs=1000, patience=2048, foundation_model=None, foundation_model_kwargs='{}', foundation_model_readout=True, eval_interval=1, keep_checkpoints=False, save_all_checkpoints=False, restart_latest=True, save_cpu=False, clip_grad=10.0, dry_run=False, enable_cueq=False, only_cueq=False, enable_oeq=False, wandb=False, wandb_dir=None, wandb_project='', wandb_entity='', wandb_name='', wandb_log_hypers=['num_channels', 'max_L', 'correlation', 'lr', 'swa_lr', 'weight_decay', 'batch_size', 'max_num_epochs', 'start_swa', 'energy_weight', 'forces_weight'], key_specification=KeySpecification(info_keys={'energy': 'energy', 'stress': 'REF_stress', 'virials': 'REF_virials', 'dipole': 'dipole', 'head': 'head', 'elec_temp': 'elec_temp', 'total_charge': 'total_charge', 'polarizability': 'polarizability', 'total_spin': 'total_spin'}, arrays_keys={'forces': 'forces', 'charges': 'REF_charges'}))
2025-12-04 03:23:48.739 INFO: CUDA version: 12.8, CUDA device: 0
2025-12-04 03:23:49.627 DEBUG: Popen(['git', 'version'], cwd=/global/cfs/cdirs/m5047/train_sam/mace_6e-Copy, stdin=None, shell=False, universal_newlines=False)
2025-12-04 03:23:49.676 DEBUG: Popen(['git', 'version'], cwd=/global/cfs/cdirs/m5047/train_sam/mace_6e-Copy, stdin=None, shell=False, universal_newlines=False)
2025-12-04 03:23:49.683 DEBUG: sys.platform='linux', git_executable='git'
2025-12-04 03:23:49.699 DEBUG: Error accessing Git repository: /global/cfs/cdirs/m5047/train_sam/mace_6e-Copy
2025-12-04 03:23:49.699 INFO: ===========LOADING INPUT DATA===========
2025-12-04 03:23:49.700 INFO: Using heads: ['Default']
2025-12-04 03:23:49.701 INFO: Using the key specifications to parse data:
2025-12-04 03:23:49.701 INFO: Default: KeySpecification(info_keys={'energy': 'energy', 'stress': 'REF_stress', 'virials': 'REF_virials', 'dipole': 'dipole', 'head': 'head', 'elec_temp': 'elec_temp', 'total_charge': 'total_charge', 'polarizability': 'polarizability', 'total_spin': 'total_spin'}, arrays_keys={'forces': 'forces', 'charges': 'REF_charges'})
2025-12-04 03:23:49.702 INFO: =============    Processing head Default     ===========
2025-12-04 03:23:49.717 DEBUG: Loading training file: 6e.xyz
2025-12-04 03:23:55.726 WARNING: Since ASE version 3.23.0b1, using energy_key 'energy' is no longer safe when communicating between MACE and ASE. We recommend using a different key, rewriting 'energy' to 'REF_energy'. You need to use --energy_key='REF_energy' to specify the chosen key name.
2025-12-04 03:23:55.889 WARNING: Since ASE version 3.23.0b1, using forces_key 'forces' is no longer safe when communicating between MACE and ASE. We recommend using a different key, rewriting 'forces' to 'REF_forces'. You need to use --forces_key='REF_forces' to specify the chosen key name.
2025-12-04 03:23:56.360 INFO: Training set 1/1 [energy: 2000, stress: 0, virials: 0, dipole components: 0, head: 2000, elec_temp: 0, total_charge: 0, polarizability: 0, total_spin: 0, forces: 2000, charges: 0]
2025-12-04 03:23:56.370 INFO: Total Training set [energy: 2000, stress: 0, virials: 0, dipole components: 0, head: 2000, elec_temp: 0, total_charge: 0, polarizability: 0, total_spin: 0, forces: 2000, charges: 0]
2025-12-04 03:23:56.371 INFO: No validation set provided, splitting training data instead.
2025-12-04 03:23:56.382 INFO: Using random 10% of training set for validation with indices saved in: ./MACE_model_valid_indices_123.txt
2025-12-04 03:23:56.390 INFO: Random Split Training set [energy: 1800, stress: 0, virials: 0, dipole components: 0, head: 1800, elec_temp: 0, total_charge: 0, polarizability: 0, total_spin: 0, forces: 1800, charges: 0]
2025-12-04 03:23:56.393 INFO: Random Split Validation set [energy: 200, stress: 0, virials: 0, dipole components: 0, head: 200, elec_temp: 0, total_charge: 0, polarizability: 0, total_spin: 0, forces: 200, charges: 0]
2025-12-04 03:23:56.393 INFO: Total number of configurations: train=1800, valid=200, tests=[],
2025-12-04 03:23:56.462 INFO: Atomic Numbers used: [np.int64(1), np.int64(8)]
2025-12-04 03:23:56.463 INFO: Isolated Atomic Energies (E0s) not in training file, using command line argument
2025-12-04 03:23:56.464 INFO: Computing average Atomic Energies using least squares regression
2025-12-04 03:23:56.485 INFO: Atomic Energies used (z: eV) for head Default: {1: -6.277743559907824, 8: -3.138871779953934}
2025-12-04 03:23:56.488 INFO: Processing datasets for head 'Default'
2025-12-04 03:24:14.081 DEBUG: Successfully loaded dataset from ASE files: ['6e.xyz']
2025-12-04 03:24:14.082 INFO: Combining 1 list datasets for head 'Default'
2025-12-04 03:24:16.033 INFO: Head 'Default' training dataset size: 1800
2025-12-04 03:24:16.035 INFO: Computing average number of neighbors
2025-12-04 03:24:18.606 INFO: Average number of neighbors: 94.6312026977539
2025-12-04 03:24:18.608 INFO: During training the following quantities will be reported: energy, forces
2025-12-04 03:24:18.610 INFO: ===========MODEL DETAILS===========
2025-12-04 03:24:19.810 INFO: Building model
2025-12-04 03:24:19.848 INFO: Message passing with 128 channels and max_L=1 (128x0e + 128x1o)
2025-12-04 03:24:19.849 INFO: 2 layers, each with correlation order: 3 (body order: 4) and spherical harmonics up to: l=3
2025-12-04 03:24:19.850 INFO: 8 radial and 5 basis functions
2025-12-04 03:24:19.851 INFO: Radial cutoff: 6.0 A (total receptive field for each atom: 12.0 A)
2025-12-04 03:24:19.853 INFO: Distance transform for radial basis functions: None
2025-12-04 03:24:19.854 INFO: Hidden irreps: 128x0e + 128x1o
2025-12-04 03:24:21.873 DEBUG: ScaleShiftMACE(
  (node_embedding): LinearNodeEmbeddingBlock(
    (linear): Linear(2x0e -> 128x0e | 256 weights)
  )
  (radial_embedding): RadialEmbeddingBlock(
    (bessel_fn): BesselBasis(r_max=6.0, num_basis=8, trainable=False)
    (cutoff_fn): PolynomialCutoff(p=5, r_max=6.0)
  )
  (spherical_harmonics): SphericalHarmonics()
  (atomic_energies_fn): AtomicEnergiesBlock(energies=[[-6.2777, -3.1389]])
  (interactions): ModuleList(
    (0): RealAgnosticInteractionBlock(
      (linear_up): Linear(128x0e -> 128x0e | 16384 weights)
      (conv_tp): TensorProduct(128x0e x 1x0e+1x1o+1x2e+1x3o -> 128x0e+128x1o+128x2e+128x3o | 512 paths | 512 weights)
      (conv_tp_weights): FullyConnectedNet[8, 64, 64, 64, 512]
      (linear): Linear(128x0e+128x1o+128x2e+128x3o -> 128x0e+128x1o+128x2e+128x3o | 65536 weights)
      (skip_tp): FullyConnectedTensorProduct(128x0e+128x1o+128x2e+128x3o x 2x0e -> 128x0e+128x1o+128x2e+128x3o | 131072 paths | 131072 weights)
      (reshape): reshape_irreps()
    )
    (1): RealAgnosticResidualInteractionBlock(
      (linear_up): Linear(128x0e+128x1o -> 128x0e+128x1o | 32768 weights)
      (conv_tp): TensorProduct(128x0e+128x1o x 1x0e+1x1o+1x2e+1x3o -> 256x0e+384x1o+384x2e+256x3o | 1280 paths | 1280 weights)
      (conv_tp_weights): FullyConnectedNet[8, 64, 64, 64, 1280]
      (linear): Linear(128x0e+128x0e+128x1o+128x1o+128x1o+128x2e+128x2e+128x2e+128x3o+128x3o -> 128x0e+128x1o+128x2e+128x3o | 163840 weights)
      (skip_tp): FullyConnectedTensorProduct(128x0e+128x1o x 2x0e -> 128x0e | 32768 paths | 32768 weights)
      (reshape): reshape_irreps()
    )
  )
  (products): ModuleList(
    (0): EquivariantProductBasisBlock(
      (symmetric_contractions): SymmetricContraction(
        (contractions): ModuleList(
          (0): Contraction(
            (contractions_weighting): ModuleList(
              (0-1): 2 x GraphModule()
            )
            (contractions_features): ModuleList(
              (0-1): 2 x GraphModule()
            )
            (weights): ParameterList(
                (0): Parameter containing: [torch.float32 of size 2x4x128 (cuda:0)]
                (1): Parameter containing: [torch.float32 of size 2x1x128 (cuda:0)]
            )
            (graph_opt_main): GraphModule()
          )
          (1): Contraction(
            (contractions_weighting): ModuleList(
              (0-1): 2 x GraphModule()
            )
            (contractions_features): ModuleList(
              (0-1): 2 x GraphModule()
            )
            (weights): ParameterList(
                (0): Parameter containing: [torch.float32 of size 2x6x128 (cuda:0)]
                (1): Parameter containing: [torch.float32 of size 2x1x128 (cuda:0)]
            )
            (graph_opt_main): GraphModule()
          )
        )
      )
      (linear): Linear(128x0e+128x1o -> 128x0e+128x1o | 32768 weights)
    )
    (1): EquivariantProductBasisBlock(
      (symmetric_contractions): SymmetricContraction(
        (contractions): ModuleList(
          (0): Contraction(
            (contractions_weighting): ModuleList(
              (0-1): 2 x GraphModule()
            )
            (contractions_features): ModuleList(
              (0-1): 2 x GraphModule()
            )
            (weights): ParameterList(
                (0): Parameter containing: [torch.float32 of size 2x4x128 (cuda:0)]
                (1): Parameter containing: [torch.float32 of size 2x1x128 (cuda:0)]
            )
            (graph_opt_main): GraphModule()
          )
        )
      )
      (linear): Linear(128x0e -> 128x0e | 16384 weights)
    )
  )
  (readouts): ModuleList(
    (0): LinearReadoutBlock(
      (linear): Linear(128x0e+128x1o -> 1x0e | 128 weights)
    )
    (1): NonLinearReadoutBlock(
      (linear_1): Linear(128x0e -> 16x0e | 2048 weights)
      (non_linearity): Activation [x] (16x0e -> 16x0e)
      (linear_2): Linear(16x0e -> 1x0e | 16 weights)
    )
  )
  (scale_shift): ScaleShiftBlock(scale=0.8703, shift=0.0000)
)
2025-12-04 03:24:21.875 INFO: Total number of parameters: 655248
2025-12-04 03:24:21.876 INFO: 
2025-12-04 03:24:21.877 INFO: ===========OPTIMIZER INFORMATION===========
2025-12-04 03:24:21.877 INFO: Using ADAM as parameter optimizer
2025-12-04 03:24:21.878 INFO: Batch size: 4
2025-12-04 03:24:21.879 INFO: Using Exponential Moving Average with decay: 0.99
2025-12-04 03:24:21.879 INFO: Number of gradient updates: 450000
2025-12-04 03:24:21.880 INFO: Learning rate: 0.01, weight decay: 5e-07
2025-12-04 03:24:21.881 INFO: WeightedEnergyForcesLoss(energy_weight=1.000, forces_weight=100.000)
2025-12-04 03:24:21.882 INFO: Stage Two (after 800 epochs) with loss function: WeightedEnergyForcesLoss(energy_weight=1000.000, forces_weight=100.000), with energy weight : 1000.0, forces weight : 100.0 and learning rate : 0.001
2025-12-04 03:24:21.956 WARNING: Cannot find checkpoint with tag 'MACE_model_run-123' in './checkpoints'
2025-12-04 03:24:21.958 INFO: Using gradient clipping with tolerance=10.000
2025-12-04 03:24:21.959 INFO: 
2025-12-04 03:24:21.960 INFO: ===========TRAINING===========
2025-12-04 03:24:21.960 INFO: Started training, reporting errors on validation set
2025-12-04 03:24:21.961 INFO: Loss metrics on validation set
2025-12-04 03:24:32.408 INFO: Initial: head: Default, loss=7.18215799, RMSE_E_per_atom=   15.10 meV, RMSE_F=  847.47 meV / A
2025-12-04 03:28:13.294 INFO: Epoch 0: head: Default, loss=0.12534910, RMSE_E_per_atom=  122.98 meV, RMSE_F=  111.28 meV / A
2025-12-04 03:28:13.297 DEBUG: Saving checkpoint: ./checkpoints/MACE_model_run-123_epoch-0.pt
2025-12-04 03:31:52.683 INFO: Epoch 1: head: Default, loss=0.05296480, RMSE_E_per_atom=   54.53 meV, RMSE_F=   72.57 meV / A
2025-12-04 03:31:52.686 DEBUG: Deleting old checkpoint file: ./checkpoints/MACE_model_run-123_epoch-0.pt
2025-12-04 03:31:52.720 DEBUG: Saving checkpoint: ./checkpoints/MACE_model_run-123_epoch-1.pt
2025-12-04 03:35:31.334 INFO: Epoch 2: head: Default, loss=0.03540112, RMSE_E_per_atom=   23.90 meV, RMSE_F=   59.45 meV / A
2025-12-04 03:35:31.348 DEBUG: Deleting old checkpoint file: ./checkpoints/MACE_model_run-123_epoch-1.pt
2025-12-04 03:35:31.368 DEBUG: Saving checkpoint: ./checkpoints/MACE_model_run-123_epoch-2.pt
2025-12-04 03:39:09.236 INFO: Epoch 3: head: Default, loss=0.02677316, RMSE_E_per_atom=   17.06 meV, RMSE_F=   51.71 meV / A
2025-12-04 03:39:09.239 DEBUG: Deleting old checkpoint file: ./checkpoints/MACE_model_run-123_epoch-2.pt
2025-12-04 03:39:09.259 DEBUG: Saving checkpoint: ./checkpoints/MACE_model_run-123_epoch-3.pt
2025-12-04 03:42:46.934 INFO: Epoch 4: head: Default, loss=0.02302324, RMSE_E_per_atom=   14.97 meV, RMSE_F=   47.96 meV / A
2025-12-04 03:42:46.936 DEBUG: Deleting old checkpoint file: ./checkpoints/MACE_model_run-123_epoch-3.pt
2025-12-04 03:42:46.983 DEBUG: Saving checkpoint: ./checkpoints/MACE_model_run-123_epoch-4.pt
2025-12-04 03:46:24.969 INFO: Epoch 5: head: Default, loss=0.01825985, RMSE_E_per_atom=   10.87 meV, RMSE_F=   42.72 meV / A
2025-12-04 03:46:24.972 DEBUG: Deleting old checkpoint file: ./checkpoints/MACE_model_run-123_epoch-4.pt
2025-12-04 03:46:24.998 DEBUG: Saving checkpoint: ./checkpoints/MACE_model_run-123_epoch-5.pt
2025-12-04 03:50:02.839 INFO: Epoch 6: head: Default, loss=0.01683959, RMSE_E_per_atom=   10.30 meV, RMSE_F=   41.02 meV / A
2025-12-04 03:50:02.842 DEBUG: Deleting old checkpoint file: ./checkpoints/MACE_model_run-123_epoch-5.pt
2025-12-04 03:50:02.863 DEBUG: Saving checkpoint: ./checkpoints/MACE_model_run-123_epoch-6.pt
2025-12-04 03:53:41.133 INFO: Epoch 7: head: Default, loss=0.01390826, RMSE_E_per_atom=   10.20 meV, RMSE_F=   37.28 meV / A
2025-12-04 03:53:41.136 DEBUG: Deleting old checkpoint file: ./checkpoints/MACE_model_run-123_epoch-6.pt
2025-12-04 03:53:41.154 DEBUG: Saving checkpoint: ./checkpoints/MACE_model_run-123_epoch-7.pt
2025-12-04 03:57:19.358 INFO: Epoch 8: head: Default, loss=0.01142609, RMSE_E_per_atom=    6.48 meV, RMSE_F=   33.80 meV / A
2025-12-04 03:57:19.371 DEBUG: Deleting old checkpoint file: ./checkpoints/MACE_model_run-123_epoch-7.pt
2025-12-04 03:57:19.386 DEBUG: Saving checkpoint: ./checkpoints/MACE_model_run-123_epoch-8.pt
2025-12-04 04:00:57.475 INFO: Epoch 9: head: Default, loss=0.01150711, RMSE_E_per_atom=    8.05 meV, RMSE_F=   33.91 meV / A
2025-12-04 04:04:35.199 INFO: Epoch 10: head: Default, loss=0.00925038, RMSE_E_per_atom=    6.54 meV, RMSE_F=   30.41 meV / A
2025-12-04 04:04:35.202 DEBUG: Deleting old checkpoint file: ./checkpoints/MACE_model_run-123_epoch-8.pt
2025-12-04 04:04:35.217 DEBUG: Saving checkpoint: ./checkpoints/MACE_model_run-123_epoch-10.pt
2025-12-04 04:08:13.041 INFO: Epoch 11: head: Default, loss=0.00814235, RMSE_E_per_atom=    5.09 meV, RMSE_F=   28.53 meV / A
2025-12-04 04:08:13.044 DEBUG: Deleting old checkpoint file: ./checkpoints/MACE_model_run-123_epoch-10.pt
2025-12-04 04:08:13.066 DEBUG: Saving checkpoint: ./checkpoints/MACE_model_run-123_epoch-11.pt
2025-12-04 04:11:50.954 INFO: Epoch 12: head: Default, loss=0.00743188, RMSE_E_per_atom=    5.78 meV, RMSE_F=   27.26 meV / A
2025-12-04 04:11:50.957 DEBUG: Deleting old checkpoint file: ./checkpoints/MACE_model_run-123_epoch-11.pt
2025-12-04 04:11:50.973 DEBUG: Saving checkpoint: ./checkpoints/MACE_model_run-123_epoch-12.pt
2025-12-04 04:15:28.982 INFO: Epoch 13: head: Default, loss=0.00681453, RMSE_E_per_atom=    5.22 meV, RMSE_F=   26.10 meV / A
2025-12-04 04:15:28.984 DEBUG: Deleting old checkpoint file: ./checkpoints/MACE_model_run-123_epoch-12.pt
2025-12-04 04:15:28.988 DEBUG: Saving checkpoint: ./checkpoints/MACE_model_run-123_epoch-13.pt
2025-12-04 04:19:06.878 INFO: Epoch 14: head: Default, loss=0.00627765, RMSE_E_per_atom=    5.20 meV, RMSE_F=   25.05 meV / A
2025-12-04 04:19:06.881 DEBUG: Deleting old checkpoint file: ./checkpoints/MACE_model_run-123_epoch-13.pt
2025-12-04 04:19:06.895 DEBUG: Saving checkpoint: ./checkpoints/MACE_model_run-123_epoch-14.pt
2025-12-04 04:22:44.828 INFO: Epoch 15: head: Default, loss=0.00582609, RMSE_E_per_atom=    4.52 meV, RMSE_F=   24.13 meV / A
2025-12-04 04:22:44.831 DEBUG: Deleting old checkpoint file: ./checkpoints/MACE_model_run-123_epoch-14.pt
2025-12-04 04:22:44.833 DEBUG: Saving checkpoint: ./checkpoints/MACE_model_run-123_epoch-15.pt
2025-12-04 04:26:22.755 INFO: Epoch 16: head: Default, loss=0.00546117, RMSE_E_per_atom=    4.06 meV, RMSE_F=   23.37 meV / A
2025-12-04 04:26:22.758 DEBUG: Deleting old checkpoint file: ./checkpoints/MACE_model_run-123_epoch-15.pt
2025-12-04 04:26:22.776 DEBUG: Saving checkpoint: ./checkpoints/MACE_model_run-123_epoch-16.pt
2025-12-04 04:30:00.631 INFO: Epoch 17: head: Default, loss=0.00520735, RMSE_E_per_atom=    4.42 meV, RMSE_F=   22.82 meV / A
2025-12-04 04:30:00.634 DEBUG: Deleting old checkpoint file: ./checkpoints/MACE_model_run-123_epoch-16.pt
2025-12-04 04:30:00.638 DEBUG: Saving checkpoint: ./checkpoints/MACE_model_run-123_epoch-17.pt
2025-12-04 04:33:38.649 INFO: Epoch 18: head: Default, loss=0.00473408, RMSE_E_per_atom=    3.86 meV, RMSE_F=   21.75 meV / A
2025-12-04 04:33:38.657 DEBUG: Deleting old checkpoint file: ./checkpoints/MACE_model_run-123_epoch-17.pt
2025-12-04 04:33:38.674 DEBUG: Saving checkpoint: ./checkpoints/MACE_model_run-123_epoch-18.pt
2025-12-04 04:37:16.733 INFO: Epoch 19: head: Default, loss=0.00452172, RMSE_E_per_atom=    3.72 meV, RMSE_F=   21.26 meV / A
2025-12-04 04:37:16.736 DEBUG: Deleting old checkpoint file: ./checkpoints/MACE_model_run-123_epoch-18.pt
2025-12-04 04:37:16.756 DEBUG: Saving checkpoint: ./checkpoints/MACE_model_run-123_epoch-19.pt
2025-12-04 04:40:55.036 INFO: Epoch 20: head: Default, loss=0.00423620, RMSE_E_per_atom=    3.68 meV, RMSE_F=   20.58 meV / A
2025-12-04 04:40:55.039 DEBUG: Deleting old checkpoint file: ./checkpoints/MACE_model_run-123_epoch-19.pt
2025-12-04 04:40:55.055 DEBUG: Saving checkpoint: ./checkpoints/MACE_model_run-123_epoch-20.pt
2025-12-04 04:44:33.180 INFO: Epoch 21: head: Default, loss=0.00400782, RMSE_E_per_atom=    3.47 meV, RMSE_F=   20.02 meV / A
2025-12-04 04:44:33.234 DEBUG: Deleting old checkpoint file: ./checkpoints/MACE_model_run-123_epoch-20.pt
2025-12-04 04:44:33.254 DEBUG: Saving checkpoint: ./checkpoints/MACE_model_run-123_epoch-21.pt
2025-12-04 04:48:11.693 INFO: Epoch 22: head: Default, loss=0.00379576, RMSE_E_per_atom=    3.32 meV, RMSE_F=   19.48 meV / A
2025-12-04 04:48:11.696 DEBUG: Deleting old checkpoint file: ./checkpoints/MACE_model_run-123_epoch-21.pt
2025-12-04 04:48:11.704 DEBUG: Saving checkpoint: ./checkpoints/MACE_model_run-123_epoch-22.pt
2025-12-04 04:51:49.768 INFO: Epoch 23: head: Default, loss=0.00362638, RMSE_E_per_atom=    3.25 meV, RMSE_F=   19.04 meV / A
2025-12-04 04:51:49.771 DEBUG: Deleting old checkpoint file: ./checkpoints/MACE_model_run-123_epoch-22.pt
2025-12-04 04:51:49.793 DEBUG: Saving checkpoint: ./checkpoints/MACE_model_run-123_epoch-23.pt
2025-12-04 04:55:27.377 INFO: Epoch 24: head: Default, loss=0.00353251, RMSE_E_per_atom=    3.25 meV, RMSE_F=   18.79 meV / A
2025-12-04 04:55:27.379 DEBUG: Deleting old checkpoint file: ./checkpoints/MACE_model_run-123_epoch-23.pt
2025-12-04 04:55:27.382 DEBUG: Saving checkpoint: ./checkpoints/MACE_model_run-123_epoch-24.pt
2025-12-04 04:59:04.486 INFO: Epoch 25: head: Default, loss=0.00335716, RMSE_E_per_atom=    3.26 meV, RMSE_F=   18.32 meV / A
2025-12-04 04:59:04.489 DEBUG: Deleting old checkpoint file: ./checkpoints/MACE_model_run-123_epoch-24.pt
2025-12-04 04:59:04.492 DEBUG: Saving checkpoint: ./checkpoints/MACE_model_run-123_epoch-25.pt
2025-12-04 05:02:42.025 INFO: Epoch 26: head: Default, loss=0.00327195, RMSE_E_per_atom=    3.33 meV, RMSE_F=   18.09 meV / A
2025-12-04 05:02:42.028 DEBUG: Deleting old checkpoint file: ./checkpoints/MACE_model_run-123_epoch-25.pt
2025-12-04 05:02:42.048 DEBUG: Saving checkpoint: ./checkpoints/MACE_model_run-123_epoch-26.pt
2025-12-04 05:06:19.407 INFO: Epoch 27: head: Default, loss=0.00319673, RMSE_E_per_atom=    3.21 meV, RMSE_F=   17.88 meV / A
2025-12-04 05:06:19.410 DEBUG: Deleting old checkpoint file: ./checkpoints/MACE_model_run-123_epoch-26.pt
2025-12-04 05:06:19.411 DEBUG: Saving checkpoint: ./checkpoints/MACE_model_run-123_epoch-27.pt
2025-12-04 05:09:57.075 INFO: Epoch 28: head: Default, loss=0.00305259, RMSE_E_per_atom=    3.09 meV, RMSE_F=   17.47 meV / A
2025-12-04 05:09:57.078 DEBUG: Deleting old checkpoint file: ./checkpoints/MACE_model_run-123_epoch-27.pt
2025-12-04 05:09:57.082 DEBUG: Saving checkpoint: ./checkpoints/MACE_model_run-123_epoch-28.pt
2025-12-04 05:13:34.701 INFO: Epoch 29: head: Default, loss=0.00303499, RMSE_E_per_atom=    3.06 meV, RMSE_F=   17.42 meV / A
2025-12-04 05:13:34.704 DEBUG: Deleting old checkpoint file: ./checkpoints/MACE_model_run-123_epoch-28.pt
2025-12-04 05:13:34.708 DEBUG: Saving checkpoint: ./checkpoints/MACE_model_run-123_epoch-29.pt
2025-12-04 05:17:12.357 INFO: Epoch 30: head: Default, loss=0.00282046, RMSE_E_per_atom=    2.98 meV, RMSE_F=   16.79 meV / A
2025-12-04 05:17:12.360 DEBUG: Deleting old checkpoint file: ./checkpoints/MACE_model_run-123_epoch-29.pt
2025-12-04 05:17:12.377 DEBUG: Saving checkpoint: ./checkpoints/MACE_model_run-123_epoch-30.pt
2025-12-04 05:20:50.019 INFO: Epoch 31: head: Default, loss=0.00274739, RMSE_E_per_atom=    2.94 meV, RMSE_F=   16.57 meV / A
2025-12-04 05:20:50.022 DEBUG: Deleting old checkpoint file: ./checkpoints/MACE_model_run-123_epoch-30.pt
2025-12-04 05:20:50.042 DEBUG: Saving checkpoint: ./checkpoints/MACE_model_run-123_epoch-31.pt
2025-12-04 05:24:27.948 INFO: Epoch 32: head: Default, loss=0.00268351, RMSE_E_per_atom=    2.98 meV, RMSE_F=   16.38 meV / A
2025-12-04 05:24:27.951 DEBUG: Deleting old checkpoint file: ./checkpoints/MACE_model_run-123_epoch-31.pt
2025-12-04 05:24:27.966 DEBUG: Saving checkpoint: ./checkpoints/MACE_model_run-123_epoch-32.pt
2025-12-04 05:28:05.630 INFO: Epoch 33: head: Default, loss=0.00266128, RMSE_E_per_atom=    2.84 meV, RMSE_F=   16.31 meV / A
2025-12-04 05:28:05.633 DEBUG: Deleting old checkpoint file: ./checkpoints/MACE_model_run-123_epoch-32.pt
2025-12-04 05:28:05.648 DEBUG: Saving checkpoint: ./checkpoints/MACE_model_run-123_epoch-33.pt
2025-12-04 05:31:43.447 INFO: Epoch 34: head: Default, loss=0.00253815, RMSE_E_per_atom=    2.85 meV, RMSE_F=   15.93 meV / A
2025-12-04 05:31:43.450 DEBUG: Deleting old checkpoint file: ./checkpoints/MACE_model_run-123_epoch-33.pt
2025-12-04 05:31:43.472 DEBUG: Saving checkpoint: ./checkpoints/MACE_model_run-123_epoch-34.pt
2025-12-04 05:35:21.666 INFO: Epoch 35: head: Default, loss=0.00252720, RMSE_E_per_atom=    2.86 meV, RMSE_F=   15.89 meV / A
2025-12-04 05:35:21.669 DEBUG: Deleting old checkpoint file: ./checkpoints/MACE_model_run-123_epoch-34.pt
2025-12-04 05:35:21.687 DEBUG: Saving checkpoint: ./checkpoints/MACE_model_run-123_epoch-35.pt
2025-12-04 05:38:59.972 INFO: Epoch 36: head: Default, loss=0.00254327, RMSE_E_per_atom=    2.87 meV, RMSE_F=   15.95 meV / A
2025-12-04 05:42:37.462 INFO: Epoch 37: head: Default, loss=0.00234196, RMSE_E_per_atom=    2.85 meV, RMSE_F=   15.30 meV / A
2025-12-04 05:42:37.465 DEBUG: Deleting old checkpoint file: ./checkpoints/MACE_model_run-123_epoch-35.pt
2025-12-04 05:42:37.485 DEBUG: Saving checkpoint: ./checkpoints/MACE_model_run-123_epoch-37.pt
2025-12-04 05:46:15.457 INFO: Epoch 38: head: Default, loss=0.00230719, RMSE_E_per_atom=    2.86 meV, RMSE_F=   15.19 meV / A
2025-12-04 05:46:15.460 DEBUG: Deleting old checkpoint file: ./checkpoints/MACE_model_run-123_epoch-37.pt
2025-12-04 05:46:15.476 DEBUG: Saving checkpoint: ./checkpoints/MACE_model_run-123_epoch-38.pt
2025-12-04 05:49:53.220 INFO: Epoch 39: head: Default, loss=0.00225672, RMSE_E_per_atom=    2.77 meV, RMSE_F=   15.02 meV / A
2025-12-04 05:49:53.222 DEBUG: Deleting old checkpoint file: ./checkpoints/MACE_model_run-123_epoch-38.pt
2025-12-04 05:49:53.229 DEBUG: Saving checkpoint: ./checkpoints/MACE_model_run-123_epoch-39.pt
2025-12-04 05:53:31.422 INFO: Epoch 40: head: Default, loss=0.00226305, RMSE_E_per_atom=    2.83 meV, RMSE_F=   15.04 meV / A
2025-12-04 05:57:08.647 INFO: Epoch 41: head: Default, loss=0.00222640, RMSE_E_per_atom=    3.19 meV, RMSE_F=   14.92 meV / A
2025-12-04 05:57:08.651 DEBUG: Deleting old checkpoint file: ./checkpoints/MACE_model_run-123_epoch-39.pt
2025-12-04 05:57:08.655 DEBUG: Saving checkpoint: ./checkpoints/MACE_model_run-123_epoch-41.pt
2025-12-04 06:00:46.357 INFO: Epoch 42: head: Default, loss=0.00224183, RMSE_E_per_atom=    2.83 meV, RMSE_F=   14.97 meV / A
2025-12-04 06:04:23.207 INFO: Epoch 43: head: Default, loss=0.00207587, RMSE_E_per_atom=    2.68 meV, RMSE_F=   14.41 meV / A
2025-12-04 06:04:23.210 DEBUG: Deleting old checkpoint file: ./checkpoints/MACE_model_run-123_epoch-41.pt
2025-12-04 06:04:23.228 DEBUG: Saving checkpoint: ./checkpoints/MACE_model_run-123_epoch-43.pt
2025-12-04 06:08:00.981 INFO: Epoch 44: head: Default, loss=0.00209228, RMSE_E_per_atom=    2.79 meV, RMSE_F=   14.46 meV / A
2025-12-04 06:11:37.929 INFO: Epoch 45: head: Default, loss=0.00198406, RMSE_E_per_atom=    2.66 meV, RMSE_F=   14.08 meV / A
2025-12-04 06:11:37.931 DEBUG: Deleting old checkpoint file: ./checkpoints/MACE_model_run-123_epoch-43.pt
2025-12-04 06:11:37.951 DEBUG: Saving checkpoint: ./checkpoints/MACE_model_run-123_epoch-45.pt
2025-12-04 06:15:15.343 INFO: Epoch 46: head: Default, loss=0.00198331, RMSE_E_per_atom=    2.74 meV, RMSE_F=   14.08 meV / A
2025-12-04 06:15:15.345 DEBUG: Deleting old checkpoint file: ./checkpoints/MACE_model_run-123_epoch-45.pt
2025-12-04 06:15:15.349 DEBUG: Saving checkpoint: ./checkpoints/MACE_model_run-123_epoch-46.pt
2025-12-04 06:18:52.483 INFO: Epoch 47: head: Default, loss=0.00192508, RMSE_E_per_atom=    2.72 meV, RMSE_F=   13.87 meV / A
2025-12-04 06:18:52.485 DEBUG: Deleting old checkpoint file: ./checkpoints/MACE_model_run-123_epoch-46.pt
2025-12-04 06:18:52.507 DEBUG: Saving checkpoint: ./checkpoints/MACE_model_run-123_epoch-47.pt
2025-12-04 06:22:30.258 INFO: Epoch 48: head: Default, loss=0.00188705, RMSE_E_per_atom=    2.65 meV, RMSE_F=   13.73 meV / A
2025-12-04 06:22:30.260 DEBUG: Deleting old checkpoint file: ./checkpoints/MACE_model_run-123_epoch-47.pt
2025-12-04 06:22:30.298 DEBUG: Saving checkpoint: ./checkpoints/MACE_model_run-123_epoch-48.pt
2025-12-04 06:26:08.083 INFO: Epoch 49: head: Default, loss=0.00184089, RMSE_E_per_atom=    2.58 meV, RMSE_F=   13.57 meV / A
2025-12-04 06:26:08.086 DEBUG: Deleting old checkpoint file: ./checkpoints/MACE_model_run-123_epoch-48.pt
2025-12-04 06:26:08.105 DEBUG: Saving checkpoint: ./checkpoints/MACE_model_run-123_epoch-49.pt
2025-12-04 06:29:46.105 INFO: Epoch 50: head: Default, loss=0.00181084, RMSE_E_per_atom=    2.69 meV, RMSE_F=   13.45 meV / A
2025-12-04 06:29:46.107 DEBUG: Deleting old checkpoint file: ./checkpoints/MACE_model_run-123_epoch-49.pt
2025-12-04 06:29:46.111 DEBUG: Saving checkpoint: ./checkpoints/MACE_model_run-123_epoch-50.pt
2025-12-04 06:33:24.094 INFO: Epoch 51: head: Default, loss=0.00179113, RMSE_E_per_atom=    2.68 meV, RMSE_F=   13.38 meV / A
2025-12-04 06:33:24.097 DEBUG: Deleting old checkpoint file: ./checkpoints/MACE_model_run-123_epoch-50.pt
2025-12-04 06:33:24.100 DEBUG: Saving checkpoint: ./checkpoints/MACE_model_run-123_epoch-51.pt
2025-12-04 06:37:02.025 INFO: Epoch 52: head: Default, loss=0.00179957, RMSE_E_per_atom=    2.71 meV, RMSE_F=   13.41 meV / A
2025-12-04 06:40:39.608 INFO: Epoch 53: head: Default, loss=0.00188172, RMSE_E_per_atom=    2.77 meV, RMSE_F=   13.71 meV / A
2025-12-04 06:44:17.423 INFO: Epoch 54: head: Default, loss=0.00174305, RMSE_E_per_atom=    2.62 meV, RMSE_F=   13.20 meV / A
2025-12-04 06:44:17.426 DEBUG: Deleting old checkpoint file: ./checkpoints/MACE_model_run-123_epoch-51.pt
2025-12-04 06:44:17.441 DEBUG: Saving checkpoint: ./checkpoints/MACE_model_run-123_epoch-54.pt
2025-12-04 06:47:55.022 INFO: Epoch 55: head: Default, loss=0.00168224, RMSE_E_per_atom=    2.69 meV, RMSE_F=   12.97 meV / A
2025-12-04 06:47:55.025 DEBUG: Deleting old checkpoint file: ./checkpoints/MACE_model_run-123_epoch-54.pt
2025-12-04 06:47:55.045 DEBUG: Saving checkpoint: ./checkpoints/MACE_model_run-123_epoch-55.pt
2025-12-04 06:51:32.555 INFO: Epoch 56: head: Default, loss=0.00170257, RMSE_E_per_atom=    2.64 meV, RMSE_F=   13.05 meV / A
2025-12-04 06:55:10.017 INFO: Epoch 57: head: Default, loss=0.00166427, RMSE_E_per_atom=    2.68 meV, RMSE_F=   12.90 meV / A
2025-12-04 06:55:10.020 DEBUG: Deleting old checkpoint file: ./checkpoints/MACE_model_run-123_epoch-55.pt
2025-12-04 06:55:10.022 DEBUG: Saving checkpoint: ./checkpoints/MACE_model_run-123_epoch-57.pt
2025-12-04 06:58:47.505 INFO: Epoch 58: head: Default, loss=0.00163868, RMSE_E_per_atom=    2.65 meV, RMSE_F=   12.80 meV / A
2025-12-04 06:58:47.508 DEBUG: Deleting old checkpoint file: ./checkpoints/MACE_model_run-123_epoch-57.pt
2025-12-04 06:58:47.512 DEBUG: Saving checkpoint: ./checkpoints/MACE_model_run-123_epoch-58.pt
2025-12-04 07:02:25.768 INFO: Epoch 59: head: Default, loss=0.00182267, RMSE_E_per_atom=    2.94 meV, RMSE_F=   13.50 meV / A
2025-12-04 07:06:03.262 INFO: Epoch 60: head: Default, loss=0.00162681, RMSE_E_per_atom=    2.71 meV, RMSE_F=   12.75 meV / A
2025-12-04 07:06:03.265 DEBUG: Deleting old checkpoint file: ./checkpoints/MACE_model_run-123_epoch-58.pt
2025-12-04 07:06:03.334 DEBUG: Saving checkpoint: ./checkpoints/MACE_model_run-123_epoch-60.pt
2025-12-04 07:09:40.968 INFO: Epoch 61: head: Default, loss=0.00164234, RMSE_E_per_atom=    2.90 meV, RMSE_F=   12.81 meV / A
2025-12-04 07:13:18.758 INFO: Epoch 62: head: Default, loss=0.00153140, RMSE_E_per_atom=    2.64 meV, RMSE_F=   12.37 meV / A
2025-12-04 07:13:18.761 DEBUG: Deleting old checkpoint file: ./checkpoints/MACE_model_run-123_epoch-60.pt
2025-12-04 07:13:18.774 DEBUG: Saving checkpoint: ./checkpoints/MACE_model_run-123_epoch-62.pt
2025-12-04 07:16:56.765 INFO: Epoch 63: head: Default, loss=0.00150683, RMSE_E_per_atom=    2.60 meV, RMSE_F=   12.27 meV / A
2025-12-04 07:16:56.768 DEBUG: Deleting old checkpoint file: ./checkpoints/MACE_model_run-123_epoch-62.pt
2025-12-04 07:16:56.773 DEBUG: Saving checkpoint: ./checkpoints/MACE_model_run-123_epoch-63.pt
2025-12-04 07:20:34.429 INFO: Epoch 64: head: Default, loss=0.00149483, RMSE_E_per_atom=    2.62 meV, RMSE_F=   12.22 meV / A
2025-12-04 07:20:34.432 DEBUG: Deleting old checkpoint file: ./checkpoints/MACE_model_run-123_epoch-63.pt
2025-12-04 07:20:34.448 DEBUG: Saving checkpoint: ./checkpoints/MACE_model_run-123_epoch-64.pt
2025-12-04 07:24:12.628 INFO: Epoch 65: head: Default, loss=0.00150714, RMSE_E_per_atom=    2.58 meV, RMSE_F=   12.27 meV / A
2025-12-04 07:27:49.445 INFO: Epoch 66: head: Default, loss=0.00142813, RMSE_E_per_atom=    2.64 meV, RMSE_F=   11.95 meV / A
2025-12-04 07:27:49.447 DEBUG: Deleting old checkpoint file: ./checkpoints/MACE_model_run-123_epoch-64.pt
2025-12-04 07:27:49.469 DEBUG: Saving checkpoint: ./checkpoints/MACE_model_run-123_epoch-66.pt
2025-12-04 07:31:27.335 INFO: Epoch 67: head: Default, loss=0.00142741, RMSE_E_per_atom=    2.64 meV, RMSE_F=   11.94 meV / A
2025-12-04 07:31:27.353 DEBUG: Deleting old checkpoint file: ./checkpoints/MACE_model_run-123_epoch-66.pt
2025-12-04 07:31:27.376 DEBUG: Saving checkpoint: ./checkpoints/MACE_model_run-123_epoch-67.pt
2025-12-04 07:35:04.520 INFO: Epoch 68: head: Default, loss=0.00145786, RMSE_E_per_atom=    2.67 meV, RMSE_F=   12.07 meV / A
2025-12-04 07:38:42.068 INFO: Epoch 69: head: Default, loss=0.00139530, RMSE_E_per_atom=    2.62 meV, RMSE_F=   11.81 meV / A
2025-12-04 07:38:42.071 DEBUG: Deleting old checkpoint file: ./checkpoints/MACE_model_run-123_epoch-67.pt
2025-12-04 07:38:42.075 DEBUG: Saving checkpoint: ./checkpoints/MACE_model_run-123_epoch-69.pt
2025-12-04 07:42:18.937 INFO: Epoch 70: head: Default, loss=0.00146222, RMSE_E_per_atom=    2.65 meV, RMSE_F=   12.09 meV / A
2025-12-04 07:45:57.098 INFO: Epoch 71: head: Default, loss=0.00141559, RMSE_E_per_atom=    2.70 meV, RMSE_F=   11.89 meV / A
2025-12-04 07:49:33.833 INFO: Epoch 72: head: Default, loss=0.00143059, RMSE_E_per_atom=    2.67 meV, RMSE_F=   11.96 meV / A
2025-12-04 07:53:11.182 INFO: Epoch 73: head: Default, loss=0.00136987, RMSE_E_per_atom=    2.67 meV, RMSE_F=   11.70 meV / A
2025-12-04 07:53:11.184 DEBUG: Deleting old checkpoint file: ./checkpoints/MACE_model_run-123_epoch-69.pt
2025-12-04 07:53:11.204 DEBUG: Saving checkpoint: ./checkpoints/MACE_model_run-123_epoch-73.pt
2025-12-04 07:56:48.793 INFO: Epoch 74: head: Default, loss=0.00132414, RMSE_E_per_atom=    2.63 meV, RMSE_F=   11.50 meV / A
2025-12-04 07:56:48.796 DEBUG: Deleting old checkpoint file: ./checkpoints/MACE_model_run-123_epoch-73.pt
2025-12-04 07:56:48.811 DEBUG: Saving checkpoint: ./checkpoints/MACE_model_run-123_epoch-74.pt
2025-12-04 08:00:26.972 INFO: Epoch 75: head: Default, loss=0.00125777, RMSE_E_per_atom=    2.66 meV, RMSE_F=   11.21 meV / A
2025-12-04 08:00:26.975 DEBUG: Deleting old checkpoint file: ./checkpoints/MACE_model_run-123_epoch-74.pt
2025-12-04 08:00:26.993 DEBUG: Saving checkpoint: ./checkpoints/MACE_model_run-123_epoch-75.pt
2025-12-04 08:04:04.187 INFO: Epoch 76: head: Default, loss=0.00135079, RMSE_E_per_atom=    2.54 meV, RMSE_F=   11.62 meV / A
2025-12-04 08:07:41.054 INFO: Epoch 77: head: Default, loss=0.00130641, RMSE_E_per_atom=    2.54 meV, RMSE_F=   11.43 meV / A
2025-12-04 08:11:17.921 INFO: Epoch 78: head: Default, loss=0.00128407, RMSE_E_per_atom=    2.56 meV, RMSE_F=   11.33 meV / A
2025-12-04 08:14:54.800 INFO: Epoch 79: head: Default, loss=0.00122478, RMSE_E_per_atom=    2.62 meV, RMSE_F=   11.06 meV / A
2025-12-04 08:14:54.802 DEBUG: Deleting old checkpoint file: ./checkpoints/MACE_model_run-123_epoch-75.pt
2025-12-04 08:14:54.823 DEBUG: Saving checkpoint: ./checkpoints/MACE_model_run-123_epoch-79.pt
2025-12-04 08:18:31.978 INFO: Epoch 80: head: Default, loss=0.00121982, RMSE_E_per_atom=    2.66 meV, RMSE_F=   11.04 meV / A
2025-12-04 08:18:31.982 DEBUG: Deleting old checkpoint file: ./checkpoints/MACE_model_run-123_epoch-79.pt
2025-12-04 08:18:31.986 DEBUG: Saving checkpoint: ./checkpoints/MACE_model_run-123_epoch-80.pt
2025-12-04 08:22:08.966 INFO: Epoch 81: head: Default, loss=0.00120250, RMSE_E_per_atom=    2.66 meV, RMSE_F=   10.96 meV / A
2025-12-04 08:22:08.968 DEBUG: Deleting old checkpoint file: ./checkpoints/MACE_model_run-123_epoch-80.pt
2025-12-04 08:22:08.987 DEBUG: Saving checkpoint: ./checkpoints/MACE_model_run-123_epoch-81.pt
2025-12-04 08:25:45.912 INFO: Epoch 82: head: Default, loss=0.00127263, RMSE_E_per_atom=    2.59 meV, RMSE_F=   11.28 meV / A
2025-12-04 08:29:22.715 INFO: Epoch 83: head: Default, loss=0.00120215, RMSE_E_per_atom=    2.62 meV, RMSE_F=   10.96 meV / A
2025-12-04 08:29:22.717 DEBUG: Deleting old checkpoint file: ./checkpoints/MACE_model_run-123_epoch-81.pt
2025-12-04 08:29:22.735 DEBUG: Saving checkpoint: ./checkpoints/MACE_model_run-123_epoch-83.pt
2025-12-04 08:32:59.816 INFO: Epoch 84: head: Default, loss=0.00119150, RMSE_E_per_atom=    2.60 meV, RMSE_F=   10.91 meV / A
2025-12-04 08:32:59.819 DEBUG: Deleting old checkpoint file: ./checkpoints/MACE_model_run-123_epoch-83.pt
2025-12-04 08:32:59.820 DEBUG: Saving checkpoint: ./checkpoints/MACE_model_run-123_epoch-84.pt
2025-12-04 08:36:36.743 INFO: Epoch 85: head: Default, loss=0.00119634, RMSE_E_per_atom=    2.56 meV, RMSE_F=   10.93 meV / A
2025-12-04 08:40:13.784 INFO: Epoch 86: head: Default, loss=0.00121645, RMSE_E_per_atom=    2.68 meV, RMSE_F=   11.03 meV / A
2025-12-04 08:43:50.473 INFO: Epoch 87: head: Default, loss=0.00115129, RMSE_E_per_atom=    2.69 meV, RMSE_F=   10.73 meV / A
2025-12-04 08:43:50.475 DEBUG: Deleting old checkpoint file: ./checkpoints/MACE_model_run-123_epoch-84.pt
2025-12-04 08:43:50.498 DEBUG: Saving checkpoint: ./checkpoints/MACE_model_run-123_epoch-87.pt
2025-12-04 08:47:27.414 INFO: Epoch 88: head: Default, loss=0.00117473, RMSE_E_per_atom=    2.69 meV, RMSE_F=   10.84 meV / A
2025-12-04 08:51:04.370 INFO: Epoch 89: head: Default, loss=0.00112981, RMSE_E_per_atom=    2.54 meV, RMSE_F=   10.63 meV / A
2025-12-04 08:51:04.372 DEBUG: Deleting old checkpoint file: ./checkpoints/MACE_model_run-123_epoch-87.pt
2025-12-04 08:51:04.378 DEBUG: Saving checkpoint: ./checkpoints/MACE_model_run-123_epoch-89.pt
2025-12-04 08:54:41.854 INFO: Epoch 90: head: Default, loss=0.00113535, RMSE_E_per_atom=    2.58 meV, RMSE_F=   10.65 meV / A
2025-12-04 08:58:19.180 INFO: Epoch 91: head: Default, loss=0.00110133, RMSE_E_per_atom=    2.62 meV, RMSE_F=   10.49 meV / A
2025-12-04 08:58:19.182 DEBUG: Deleting old checkpoint file: ./checkpoints/MACE_model_run-123_epoch-89.pt
2025-12-04 08:58:19.186 DEBUG: Saving checkpoint: ./checkpoints/MACE_model_run-123_epoch-91.pt
2025-12-04 09:01:56.926 INFO: Epoch 92: head: Default, loss=0.00111217, RMSE_E_per_atom=    2.59 meV, RMSE_F=   10.54 meV / A
2025-12-04 09:05:34.300 INFO: Epoch 93: head: Default, loss=0.00108104, RMSE_E_per_atom=    2.61 meV, RMSE_F=   10.39 meV / A
2025-12-04 09:05:34.303 DEBUG: Deleting old checkpoint file: ./checkpoints/MACE_model_run-123_epoch-91.pt
2025-12-04 09:05:34.317 DEBUG: Saving checkpoint: ./checkpoints/MACE_model_run-123_epoch-93.pt
2025-12-04 09:09:11.913 INFO: Epoch 94: head: Default, loss=0.00109291, RMSE_E_per_atom=    2.61 meV, RMSE_F=   10.45 meV / A
2025-12-04 09:12:49.382 INFO: Epoch 95: head: Default, loss=0.00108431, RMSE_E_per_atom=    2.66 meV, RMSE_F=   10.41 meV / A
2025-12-04 09:16:27.029 INFO: Epoch 96: head: Default, loss=0.00109000, RMSE_E_per_atom=    2.52 meV, RMSE_F=   10.44 meV / A
2025-12-04 09:20:04.942 INFO: Epoch 97: head: Default, loss=0.00111916, RMSE_E_per_atom=    2.52 meV, RMSE_F=   10.58 meV / A
2025-12-04 09:23:42.922 INFO: Epoch 98: head: Default, loss=0.00103416, RMSE_E_per_atom=    2.62 meV, RMSE_F=   10.17 meV / A
2025-12-04 09:23:42.938 DEBUG: Deleting old checkpoint file: ./checkpoints/MACE_model_run-123_epoch-93.pt
2025-12-04 09:23:42.978 DEBUG: Saving checkpoint: ./checkpoints/MACE_model_run-123_epoch-98.pt
2025-12-04 09:27:20.996 INFO: Epoch 99: head: Default, loss=0.00107025, RMSE_E_per_atom=    2.53 meV, RMSE_F=   10.34 meV / A
2025-12-04 09:30:58.955 INFO: Epoch 100: head: Default, loss=0.00109360, RMSE_E_per_atom=    2.69 meV, RMSE_F=   10.45 meV / A
2025-12-04 09:34:36.737 INFO: Epoch 101: head: Default, loss=0.00100253, RMSE_E_per_atom=    2.69 meV, RMSE_F=   10.01 meV / A
2025-12-04 09:34:36.739 DEBUG: Deleting old checkpoint file: ./checkpoints/MACE_model_run-123_epoch-98.pt
2025-12-04 09:34:36.743 DEBUG: Saving checkpoint: ./checkpoints/MACE_model_run-123_epoch-101.pt
2025-12-04 09:38:14.756 INFO: Epoch 102: head: Default, loss=0.00102219, RMSE_E_per_atom=    2.52 meV, RMSE_F=   10.11 meV / A
2025-12-04 09:41:52.329 INFO: Epoch 103: head: Default, loss=0.00109210, RMSE_E_per_atom=    2.55 meV, RMSE_F=   10.45 meV / A
2025-12-04 09:45:29.852 INFO: Epoch 104: head: Default, loss=0.00098909, RMSE_E_per_atom=    2.66 meV, RMSE_F=    9.94 meV / A
2025-12-04 09:45:29.855 DEBUG: Deleting old checkpoint file: ./checkpoints/MACE_model_run-123_epoch-101.pt
2025-12-04 09:45:29.880 DEBUG: Saving checkpoint: ./checkpoints/MACE_model_run-123_epoch-104.pt
2025-12-04 09:49:07.837 INFO: Epoch 105: head: Default, loss=0.00109635, RMSE_E_per_atom=    2.54 meV, RMSE_F=   10.47 meV / A
2025-12-04 09:52:48.085 INFO: Epoch 106: head: Default, loss=0.00100407, RMSE_E_per_atom=    2.61 meV, RMSE_F=   10.02 meV / A
2025-12-04 09:56:27.227 INFO: Epoch 107: head: Default, loss=0.00097603, RMSE_E_per_atom=    2.56 meV, RMSE_F=    9.88 meV / A
2025-12-04 09:56:27.230 DEBUG: Deleting old checkpoint file: ./checkpoints/MACE_model_run-123_epoch-104.pt
2025-12-04 09:56:27.250 DEBUG: Saving checkpoint: ./checkpoints/MACE_model_run-123_epoch-107.pt
2025-12-04 10:00:04.846 INFO: Epoch 108: head: Default, loss=0.00095005, RMSE_E_per_atom=    2.73 meV, RMSE_F=    9.74 meV / A
2025-12-04 10:00:04.849 DEBUG: Deleting old checkpoint file: ./checkpoints/MACE_model_run-123_epoch-107.pt
2025-12-04 10:00:04.853 DEBUG: Saving checkpoint: ./checkpoints/MACE_model_run-123_epoch-108.pt
2025-12-04 10:03:42.834 INFO: Epoch 109: head: Default, loss=0.00105017, RMSE_E_per_atom=    2.59 meV, RMSE_F=   10.24 meV / A
2025-12-04 10:07:20.509 INFO: Epoch 110: head: Default, loss=0.00111275, RMSE_E_per_atom=    2.48 meV, RMSE_F=   10.55 meV / A
2025-12-04 10:10:58.207 INFO: Epoch 111: head: Default, loss=0.00096345, RMSE_E_per_atom=    2.55 meV, RMSE_F=    9.81 meV / A
2025-12-04 10:14:35.877 INFO: Epoch 112: head: Default, loss=0.00094085, RMSE_E_per_atom=    2.60 meV, RMSE_F=    9.70 meV / A
2025-12-04 10:14:35.880 DEBUG: Deleting old checkpoint file: ./checkpoints/MACE_model_run-123_epoch-108.pt
2025-12-04 10:14:35.903 DEBUG: Saving checkpoint: ./checkpoints/MACE_model_run-123_epoch-112.pt
2025-12-04 10:18:13.643 INFO: Epoch 113: head: Default, loss=0.00093588, RMSE_E_per_atom=    2.59 meV, RMSE_F=    9.67 meV / A
2025-12-04 10:18:13.645 DEBUG: Deleting old checkpoint file: ./checkpoints/MACE_model_run-123_epoch-112.pt
2025-12-04 10:18:13.660 DEBUG: Saving checkpoint: ./checkpoints/MACE_model_run-123_epoch-113.pt
2025-12-04 10:21:51.466 INFO: Epoch 114: head: Default, loss=0.00096464, RMSE_E_per_atom=    2.49 meV, RMSE_F=    9.82 meV / A
2025-12-04 10:25:29.286 INFO: Epoch 115: head: Default, loss=0.00094743, RMSE_E_per_atom=    2.61 meV, RMSE_F=    9.73 meV / A
2025-12-04 10:29:07.139 INFO: Epoch 116: head: Default, loss=0.00092388, RMSE_E_per_atom=    2.61 meV, RMSE_F=    9.61 meV / A
2025-12-04 10:29:07.142 DEBUG: Deleting old checkpoint file: ./checkpoints/MACE_model_run-123_epoch-113.pt
2025-12-04 10:29:07.156 DEBUG: Saving checkpoint: ./checkpoints/MACE_model_run-123_epoch-116.pt
2025-12-04 10:32:45.002 INFO: Epoch 117: head: Default, loss=0.00095703, RMSE_E_per_atom=    2.57 meV, RMSE_F=    9.78 meV / A
2025-12-04 10:36:23.467 INFO: Epoch 118: head: Default, loss=0.00092559, RMSE_E_per_atom=    2.62 meV, RMSE_F=    9.62 meV / A
2025-12-04 10:40:03.123 INFO: Epoch 119: head: Default, loss=0.00092864, RMSE_E_per_atom=    2.50 meV, RMSE_F=    9.63 meV / A
2025-12-04 10:43:42.514 INFO: Epoch 120: head: Default, loss=0.00093223, RMSE_E_per_atom=    2.55 meV, RMSE_F=    9.65 meV / A
2025-12-04 10:47:20.270 INFO: Epoch 121: head: Default, loss=0.00089906, RMSE_E_per_atom=    2.67 meV, RMSE_F=    9.48 meV / A
2025-12-04 10:47:20.273 DEBUG: Deleting old checkpoint file: ./checkpoints/MACE_model_run-123_epoch-116.pt
2025-12-04 10:47:20.291 DEBUG: Saving checkpoint: ./checkpoints/MACE_model_run-123_epoch-121.pt
2025-12-04 10:50:58.043 INFO: Epoch 122: head: Default, loss=0.00088123, RMSE_E_per_atom=    2.63 meV, RMSE_F=    9.38 meV / A
2025-12-04 10:50:58.060 DEBUG: Deleting old checkpoint file: ./checkpoints/MACE_model_run-123_epoch-121.pt
2025-12-04 10:50:58.082 DEBUG: Saving checkpoint: ./checkpoints/MACE_model_run-123_epoch-122.pt
2025-12-04 10:54:35.634 INFO: Epoch 123: head: Default, loss=0.00088430, RMSE_E_per_atom=    2.56 meV, RMSE_F=    9.40 meV / A
2025-12-04 10:58:12.881 INFO: Epoch 124: head: Default, loss=0.00085815, RMSE_E_per_atom=    2.74 meV, RMSE_F=    9.26 meV / A
2025-12-04 10:58:12.883 DEBUG: Deleting old checkpoint file: ./checkpoints/MACE_model_run-123_epoch-122.pt
2025-12-04 10:58:12.905 DEBUG: Saving checkpoint: ./checkpoints/MACE_model_run-123_epoch-124.pt
2025-12-04 11:01:50.345 INFO: Epoch 125: head: Default, loss=0.00090153, RMSE_E_per_atom=    2.70 meV, RMSE_F=    9.49 meV / A
2025-12-04 11:05:27.545 INFO: Epoch 126: head: Default, loss=0.00092174, RMSE_E_per_atom=    2.56 meV, RMSE_F=    9.60 meV / A
2025-12-04 11:09:04.945 INFO: Epoch 127: head: Default, loss=0.00086563, RMSE_E_per_atom=    2.48 meV, RMSE_F=    9.30 meV / A
2025-12-04 11:12:42.502 INFO: Epoch 128: head: Default, loss=0.00084888, RMSE_E_per_atom=    2.62 meV, RMSE_F=    9.21 meV / A
2025-12-04 11:12:42.505 DEBUG: Deleting old checkpoint file: ./checkpoints/MACE_model_run-123_epoch-124.pt
2025-12-04 11:12:42.525 DEBUG: Saving checkpoint: ./checkpoints/MACE_model_run-123_epoch-128.pt
2025-12-04 11:16:20.328 INFO: Epoch 129: head: Default, loss=0.00084600, RMSE_E_per_atom=    2.73 meV, RMSE_F=    9.19 meV / A
2025-12-04 11:16:20.330 DEBUG: Deleting old checkpoint file: ./checkpoints/MACE_model_run-123_epoch-128.pt
2025-12-04 11:16:20.349 DEBUG: Saving checkpoint: ./checkpoints/MACE_model_run-123_epoch-129.pt
2025-12-04 11:19:57.878 INFO: Epoch 130: head: Default, loss=0.00095548, RMSE_E_per_atom=    2.44 meV, RMSE_F=    9.77 meV / A
2025-12-04 11:23:35.118 INFO: Epoch 131: head: Default, loss=0.00085399, RMSE_E_per_atom=    2.60 meV, RMSE_F=    9.24 meV / A
2025-12-04 11:27:12.620 INFO: Epoch 132: head: Default, loss=0.00085095, RMSE_E_per_atom=    2.64 meV, RMSE_F=    9.22 meV / A
2025-12-04 11:30:51.222 INFO: Epoch 133: head: Default, loss=0.00082517, RMSE_E_per_atom=    2.63 meV, RMSE_F=    9.08 meV / A
2025-12-04 11:30:51.225 DEBUG: Deleting old checkpoint file: ./checkpoints/MACE_model_run-123_epoch-129.pt
2025-12-04 11:30:51.245 DEBUG: Saving checkpoint: ./checkpoints/MACE_model_run-123_epoch-133.pt
2025-12-04 11:34:30.482 INFO: Epoch 134: head: Default, loss=0.00081010, RMSE_E_per_atom=    2.72 meV, RMSE_F=    9.00 meV / A
2025-12-04 11:34:30.490 DEBUG: Deleting old checkpoint file: ./checkpoints/MACE_model_run-123_epoch-133.pt
2025-12-04 11:34:30.510 DEBUG: Saving checkpoint: ./checkpoints/MACE_model_run-123_epoch-134.pt
2025-12-04 11:38:08.818 INFO: Epoch 135: head: Default, loss=0.00085786, RMSE_E_per_atom=    2.61 meV, RMSE_F=    9.26 meV / A
2025-12-04 11:41:46.523 INFO: Epoch 136: head: Default, loss=0.00095169, RMSE_E_per_atom=    2.72 meV, RMSE_F=    9.75 meV / A
2025-12-04 11:45:25.144 INFO: Epoch 137: head: Default, loss=0.00085460, RMSE_E_per_atom=    2.51 meV, RMSE_F=    9.24 meV / A
2025-12-04 11:49:04.778 INFO: Epoch 138: head: Default, loss=0.00080985, RMSE_E_per_atom=    2.56 meV, RMSE_F=    9.00 meV / A
2025-12-04 11:49:04.781 DEBUG: Deleting old checkpoint file: ./checkpoints/MACE_model_run-123_epoch-134.pt
2025-12-04 11:49:04.805 DEBUG: Saving checkpoint: ./checkpoints/MACE_model_run-123_epoch-138.pt
2025-12-04 11:52:44.925 INFO: Epoch 139: head: Default, loss=0.00079140, RMSE_E_per_atom=    2.64 meV, RMSE_F=    8.89 meV / A
2025-12-04 11:52:44.927 DEBUG: Deleting old checkpoint file: ./checkpoints/MACE_model_run-123_epoch-138.pt
2025-12-04 11:52:44.944 DEBUG: Saving checkpoint: ./checkpoints/MACE_model_run-123_epoch-139.pt
2025-12-04 11:56:21.908 INFO: Epoch 140: head: Default, loss=0.00082396, RMSE_E_per_atom=    2.62 meV, RMSE_F=    9.07 meV / A
2025-12-04 11:59:59.624 INFO: Epoch 141: head: Default, loss=0.00079443, RMSE_E_per_atom=    2.67 meV, RMSE_F=    8.91 meV / A
2025-12-04 12:03:36.792 INFO: Epoch 142: head: Default, loss=0.00078689, RMSE_E_per_atom=    2.75 meV, RMSE_F=    8.87 meV / A
2025-12-04 12:03:36.825 DEBUG: Deleting old checkpoint file: ./checkpoints/MACE_model_run-123_epoch-139.pt
2025-12-04 12:03:36.842 DEBUG: Saving checkpoint: ./checkpoints/MACE_model_run-123_epoch-142.pt
2025-12-04 12:07:14.233 INFO: Epoch 143: head: Default, loss=0.00082829, RMSE_E_per_atom=    2.50 meV, RMSE_F=    9.10 meV / A
2025-12-04 12:10:51.825 INFO: Epoch 144: head: Default, loss=0.00095400, RMSE_E_per_atom=    2.32 meV, RMSE_F=    9.76 meV / A
2025-12-04 12:14:28.869 INFO: Epoch 145: head: Default, loss=0.00086383, RMSE_E_per_atom=    2.45 meV, RMSE_F=    9.29 meV / A
2025-12-04 12:18:08.092 INFO: Epoch 146: head: Default, loss=0.00086044, RMSE_E_per_atom=    2.49 meV, RMSE_F=    9.27 meV / A
2025-12-04 12:21:47.937 INFO: Epoch 147: head: Default, loss=0.00078693, RMSE_E_per_atom=    2.56 meV, RMSE_F=    8.87 meV / A
2025-12-04 12:25:25.164 INFO: Epoch 148: head: Default, loss=0.00076398, RMSE_E_per_atom=    2.64 meV, RMSE_F=    8.74 meV / A
2025-12-04 12:25:25.167 DEBUG: Deleting old checkpoint file: ./checkpoints/MACE_model_run-123_epoch-142.pt
2025-12-04 12:25:25.237 DEBUG: Saving checkpoint: ./checkpoints/MACE_model_run-123_epoch-148.pt
2025-12-04 12:29:02.814 INFO: Epoch 149: head: Default, loss=0.00075602, RMSE_E_per_atom=    2.64 meV, RMSE_F=    8.69 meV / A
2025-12-04 12:29:02.817 DEBUG: Deleting old checkpoint file: ./checkpoints/MACE_model_run-123_epoch-148.pt
2025-12-04 12:29:02.842 DEBUG: Saving checkpoint: ./checkpoints/MACE_model_run-123_epoch-149.pt
2025-12-04 12:32:40.569 INFO: Epoch 150: head: Default, loss=0.00074569, RMSE_E_per_atom=    2.65 meV, RMSE_F=    8.63 meV / A
2025-12-04 12:32:40.572 DEBUG: Deleting old checkpoint file: ./checkpoints/MACE_model_run-123_epoch-149.pt
2025-12-04 12:32:40.591 DEBUG: Saving checkpoint: ./checkpoints/MACE_model_run-123_epoch-150.pt
2025-12-04 12:36:18.520 INFO: Epoch 151: head: Default, loss=0.00074773, RMSE_E_per_atom=    2.63 meV, RMSE_F=    8.64 meV / A
2025-12-04 12:39:58.219 INFO: Epoch 152: head: Default, loss=0.00074888, RMSE_E_per_atom=    2.60 meV, RMSE_F=    8.65 meV / A
2025-12-04 12:43:37.461 INFO: Epoch 153: head: Default, loss=0.00075636, RMSE_E_per_atom=    2.59 meV, RMSE_F=    8.69 meV / A
2025-12-04 12:47:14.636 INFO: Epoch 154: head: Default, loss=0.00079144, RMSE_E_per_atom=    2.60 meV, RMSE_F=    8.89 meV / A
2025-12-04 12:50:51.587 INFO: Epoch 155: head: Default, loss=0.00073669, RMSE_E_per_atom=    2.61 meV, RMSE_F=    8.58 meV / A
2025-12-04 12:50:51.589 DEBUG: Deleting old checkpoint file: ./checkpoints/MACE_model_run-123_epoch-150.pt
2025-12-04 12:50:51.601 DEBUG: Saving checkpoint: ./checkpoints/MACE_model_run-123_epoch-155.pt
2025-12-04 12:54:29.100 INFO: Epoch 156: head: Default, loss=0.00091351, RMSE_E_per_atom=    2.63 meV, RMSE_F=    9.55 meV / A
2025-12-04 12:58:06.219 INFO: Epoch 157: head: Default, loss=0.00079082, RMSE_E_per_atom=    2.68 meV, RMSE_F=    8.89 meV / A
2025-12-04 13:01:43.174 INFO: Epoch 158: head: Default, loss=0.00083277, RMSE_E_per_atom=    2.51 meV, RMSE_F=    9.12 meV / A
2025-12-04 13:05:20.441 INFO: Epoch 159: head: Default, loss=0.00078373, RMSE_E_per_atom=    2.56 meV, RMSE_F=    8.85 meV / A
2025-12-04 13:08:57.660 INFO: Epoch 160: head: Default, loss=0.00074987, RMSE_E_per_atom=    2.49 meV, RMSE_F=    8.66 meV / A
2025-12-04 13:12:34.827 INFO: Epoch 161: head: Default, loss=0.00074015, RMSE_E_per_atom=    2.57 meV, RMSE_F=    8.60 meV / A
2025-12-04 13:16:12.018 INFO: Epoch 162: head: Default, loss=0.00072786, RMSE_E_per_atom=    2.56 meV, RMSE_F=    8.53 meV / A
2025-12-04 13:16:12.022 DEBUG: Deleting old checkpoint file: ./checkpoints/MACE_model_run-123_epoch-155.pt
2025-12-04 13:16:12.044 DEBUG: Saving checkpoint: ./checkpoints/MACE_model_run-123_epoch-162.pt
2025-12-04 13:19:49.758 INFO: Epoch 163: head: Default, loss=0.00071263, RMSE_E_per_atom=    2.63 meV, RMSE_F=    8.44 meV / A
2025-12-04 13:19:49.760 DEBUG: Deleting old checkpoint file: ./checkpoints/MACE_model_run-123_epoch-162.pt
2025-12-04 13:19:49.793 DEBUG: Saving checkpoint: ./checkpoints/MACE_model_run-123_epoch-163.pt
2025-12-04 13:23:27.063 INFO: Epoch 164: head: Default, loss=0.00075543, RMSE_E_per_atom=    2.56 meV, RMSE_F=    8.69 meV / A
2025-12-04 13:27:04.542 INFO: Epoch 165: head: Default, loss=0.00079496, RMSE_E_per_atom=    2.41 meV, RMSE_F=    8.91 meV / A
2025-12-04 13:30:42.214 INFO: Epoch 166: head: Default, loss=0.00072107, RMSE_E_per_atom=    2.58 meV, RMSE_F=    8.49 meV / A
2025-12-04 13:34:19.303 INFO: Epoch 167: head: Default, loss=0.00070789, RMSE_E_per_atom=    2.62 meV, RMSE_F=    8.41 meV / A
2025-12-04 13:34:19.306 DEBUG: Deleting old checkpoint file: ./checkpoints/MACE_model_run-123_epoch-163.pt
2025-12-04 13:34:19.330 DEBUG: Saving checkpoint: ./checkpoints/MACE_model_run-123_epoch-167.pt
2025-12-04 13:37:56.681 INFO: Epoch 168: head: Default, loss=0.00072310, RMSE_E_per_atom=    2.57 meV, RMSE_F=    8.50 meV / A
2025-12-04 13:41:34.062 INFO: Epoch 169: head: Default, loss=0.00072605, RMSE_E_per_atom=    2.61 meV, RMSE_F=    8.52 meV / A
2025-12-04 13:45:11.277 INFO: Epoch 170: head: Default, loss=0.00070270, RMSE_E_per_atom=    2.61 meV, RMSE_F=    8.38 meV / A
2025-12-04 13:45:11.279 DEBUG: Deleting old checkpoint file: ./checkpoints/MACE_model_run-123_epoch-167.pt
2025-12-04 13:45:11.294 DEBUG: Saving checkpoint: ./checkpoints/MACE_model_run-123_epoch-170.pt
2025-12-04 13:48:48.612 INFO: Epoch 171: head: Default, loss=0.00068923, RMSE_E_per_atom=    2.68 meV, RMSE_F=    8.30 meV / A
2025-12-04 13:48:48.615 DEBUG: Deleting old checkpoint file: ./checkpoints/MACE_model_run-123_epoch-170.pt
2025-12-04 13:48:48.635 DEBUG: Saving checkpoint: ./checkpoints/MACE_model_run-123_epoch-171.pt
2025-12-04 13:52:26.025 INFO: Epoch 172: head: Default, loss=0.00069993, RMSE_E_per_atom=    2.52 meV, RMSE_F=    8.36 meV / A
2025-12-04 13:56:03.402 INFO: Epoch 173: head: Default, loss=0.00071343, RMSE_E_per_atom=    2.63 meV, RMSE_F=    8.44 meV / A
2025-12-04 13:59:41.969 INFO: Epoch 174: head: Default, loss=0.00070274, RMSE_E_per_atom=    2.52 meV, RMSE_F=    8.38 meV / A
2025-12-04 14:03:18.921 INFO: Epoch 175: head: Default, loss=0.00066474, RMSE_E_per_atom=    2.69 meV, RMSE_F=    8.15 meV / A
2025-12-04 14:03:18.923 DEBUG: Deleting old checkpoint file: ./checkpoints/MACE_model_run-123_epoch-171.pt
2025-12-04 14:03:18.947 DEBUG: Saving checkpoint: ./checkpoints/MACE_model_run-123_epoch-175.pt
2025-12-04 14:06:56.341 INFO: Epoch 176: head: Default, loss=0.00074348, RMSE_E_per_atom=    2.49 meV, RMSE_F=    8.62 meV / A
2025-12-04 14:10:33.932 INFO: Epoch 177: head: Default, loss=0.00076700, RMSE_E_per_atom=    2.51 meV, RMSE_F=    8.75 meV / A
2025-12-04 14:14:11.237 INFO: Epoch 178: head: Default, loss=0.00071684, RMSE_E_per_atom=    2.41 meV, RMSE_F=    8.46 meV / A
2025-12-04 14:17:48.926 INFO: Epoch 179: head: Default, loss=0.00068237, RMSE_E_per_atom=    2.47 meV, RMSE_F=    8.26 meV / A
2025-12-04 14:21:26.345 INFO: Epoch 180: head: Default, loss=0.00072631, RMSE_E_per_atom=    2.49 meV, RMSE_F=    8.52 meV / A
2025-12-04 14:25:03.215 INFO: Epoch 181: head: Default, loss=0.00076158, RMSE_E_per_atom=    2.48 meV, RMSE_F=    8.72 meV / A
2025-12-04 14:28:40.269 INFO: Epoch 182: head: Default, loss=0.00069807, RMSE_E_per_atom=    2.52 meV, RMSE_F=    8.35 meV / A
2025-12-04 14:32:17.324 INFO: Epoch 183: head: Default, loss=0.00068192, RMSE_E_per_atom=    2.63 meV, RMSE_F=    8.25 meV / A
2025-12-04 14:35:54.272 INFO: Epoch 184: head: Default, loss=0.00069716, RMSE_E_per_atom=    2.59 meV, RMSE_F=    8.35 meV / A
2025-12-04 14:39:31.244 INFO: Epoch 185: head: Default, loss=0.00067127, RMSE_E_per_atom=    2.59 meV, RMSE_F=    8.19 meV / A
2025-12-04 14:43:08.218 INFO: Epoch 186: head: Default, loss=0.00068159, RMSE_E_per_atom=    2.55 meV, RMSE_F=    8.25 meV / A
2025-12-04 14:46:45.291 INFO: Epoch 187: head: Default, loss=0.00065283, RMSE_E_per_atom=    2.64 meV, RMSE_F=    8.08 meV / A
2025-12-04 14:46:45.294 DEBUG: Deleting old checkpoint file: ./checkpoints/MACE_model_run-123_epoch-175.pt
2025-12-04 14:46:45.341 DEBUG: Saving checkpoint: ./checkpoints/MACE_model_run-123_epoch-187.pt
2025-12-04 14:50:22.607 INFO: Epoch 188: head: Default, loss=0.00065462, RMSE_E_per_atom=    2.66 meV, RMSE_F=    8.09 meV / A
2025-12-04 14:53:59.713 INFO: Epoch 189: head: Default, loss=0.00068396, RMSE_E_per_atom=    2.54 meV, RMSE_F=    8.27 meV / A
2025-12-04 14:57:36.920 INFO: Epoch 190: head: Default, loss=0.00063972, RMSE_E_per_atom=    2.72 meV, RMSE_F=    7.99 meV / A
2025-12-04 14:57:36.923 DEBUG: Deleting old checkpoint file: ./checkpoints/MACE_model_run-123_epoch-187.pt
2025-12-04 14:57:36.941 DEBUG: Saving checkpoint: ./checkpoints/MACE_model_run-123_epoch-190.pt
2025-12-04 15:01:14.330 INFO: Epoch 191: head: Default, loss=0.00066535, RMSE_E_per_atom=    2.75 meV, RMSE_F=    8.15 meV / A
2025-12-04 15:04:51.363 INFO: Epoch 192: head: Default, loss=0.00067150, RMSE_E_per_atom=    2.57 meV, RMSE_F=    8.19 meV / A
2025-12-04 15:08:28.277 INFO: Epoch 193: head: Default, loss=0.00063919, RMSE_E_per_atom=    2.53 meV, RMSE_F=    7.99 meV / A
2025-12-04 15:08:28.279 DEBUG: Deleting old checkpoint file: ./checkpoints/MACE_model_run-123_epoch-190.pt
2025-12-04 15:08:28.296 DEBUG: Saving checkpoint: ./checkpoints/MACE_model_run-123_epoch-193.pt
2025-12-04 15:12:05.876 INFO: Epoch 194: head: Default, loss=0.00062745, RMSE_E_per_atom=    2.62 meV, RMSE_F=    7.92 meV / A
2025-12-04 15:12:05.879 DEBUG: Deleting old checkpoint file: ./checkpoints/MACE_model_run-123_epoch-193.pt
2025-12-04 15:12:05.883 DEBUG: Saving checkpoint: ./checkpoints/MACE_model_run-123_epoch-194.pt
2025-12-04 15:15:43.329 INFO: Epoch 195: head: Default, loss=0.00063961, RMSE_E_per_atom=    2.81 meV, RMSE_F=    7.99 meV / A
2025-12-04 15:19:20.380 INFO: Epoch 196: head: Default, loss=0.00063704, RMSE_E_per_atom=    2.64 meV, RMSE_F=    7.98 meV / A
