[2025-08-10 16:17:38,795][nequip.utils.versions.package_versions][INFO] - [rank: 0] Version Information:
[2025-08-10 16:17:38,796][nequip.utils.versions.package_versions][INFO] - [rank: 0] torch 2.7.1
[2025-08-10 16:17:38,797][nequip.utils.versions.package_versions][INFO] - [rank: 0] e3nn 0.5.6
[2025-08-10 16:17:38,798][nequip.utils.versions.package_versions][INFO] - [rank: 0] nequip 0.12.0
[2025-08-10 16:17:38,798][nequip.utils.versions.package_versions][INFO] - [rank: 0] allegro 0.7.0
[2025-08-10 16:17:38,799][nequip.scripts.train][INFO] - [rank: 0] This `nequip-train` run will perform the following tasks: ['train', 'test']
[2025-08-10 16:17:38,799][nequip.scripts.train][INFO] - [rank: 0] and use the output directory provided by Hydra: /global/cfs/cdirs/m5047/tlinker/TRAIN/2.6e/L1/outputs/2025-08-10/16-17-38
[2025-08-10 16:17:38,846][nequip.scripts.train][INFO] - [rank: 0] Building datamodule ...
[2025-08-10 16:17:38,854][nequip.data.datamodule._base_datamodule][INFO] - [rank: 0] Found 1 training dataset(s), 1 validation dataset(s), 1 test dataset(s), and 0 predict dataset(s).
[2025-08-10 16:18:16,688][nequip.data.stats_manager][INFO] - [rank: 0] Computed data statistics:
[2025-08-10 16:18:16,689][nequip.data.stats_manager][INFO] - [rank: 0] num_neighbors_mean: 93.35001915200802
[2025-08-10 16:18:16,690][nequip.data.stats_manager][INFO] - [rank: 0] per_type_num_neighbors_mean_O: 93.22174489525341
[2025-08-10 16:18:16,692][nequip.data.stats_manager][INFO] - [rank: 0] per_type_num_neighbors_mean_H: 93.41415628038547
[2025-08-10 16:18:16,692][nequip.data.stats_manager][INFO] - [rank: 0] per_atom_energy_mean: -5.204971715411116
[2025-08-10 16:18:16,693][nequip.data.stats_manager][INFO] - [rank: 0] forces_rms: 1.0697065400186359
[2025-08-10 16:18:16,693][nequip.data.stats_manager][INFO] - [rank: 0] per_type_forces_rms_O: 1.309666711130548
[2025-08-10 16:18:16,694][nequip.data.stats_manager][INFO] - [rank: 0] per_type_forces_rms_H: 0.9267117542775686
[2025-08-10 16:18:16,703][nequip.scripts.train][INFO] - [rank: 0] Building model and training_module from scratch ...
[2025-08-10 16:18:17,270][nequip.scripts.train][INFO] - [rank: 0] TRAIN RUN START
[2025-08-11 00:18:42,543][nequip.scripts.train][INFO] - [rank: 0] TRAIN RUN END
[2025-08-11 00:18:42,545][nequip.scripts.train][INFO] - [rank: 0] TEST RUN START
[2025-08-11 00:19:25,745][nequip.scripts.train][INFO] - [rank: 0] TEST RUN END
