2025-12-04 08:59:20.739 INFO: ===========VERIFYING SETTINGS===========
2025-12-04 08:59:20.746 INFO: Stage Two is activated as start_stage_two was defined
2025-12-04 08:59:20.747 INFO: MACE version: 0.3.15
2025-12-04 08:59:22.485 INFO: CUDA version: 12.8, CUDA device: 0
2025-12-04 08:59:23.011 INFO: ===========LOADING INPUT DATA===========
2025-12-04 08:59:23.012 INFO: Using heads: ['Default']
2025-12-04 08:59:23.013 INFO: Using the key specifications to parse data:
2025-12-04 08:59:23.013 INFO: Default: KeySpecification(info_keys={'energy': 'energy', 'stress': 'REF_stress', 'virials': 'REF_virials', 'dipole': 'dipole', 'head': 'head', 'elec_temp': 'elec_temp', 'total_charge': 'total_charge', 'polarizability': 'polarizability', 'total_spin': 'total_spin'}, arrays_keys={'forces': 'forces', 'charges': 'REF_charges'})
2025-12-04 08:59:23.014 INFO: =============    Processing head Default     ===========
2025-12-04 08:59:27.078 WARNING: Since ASE version 3.23.0b1, using energy_key 'energy' is no longer safe when communicating between MACE and ASE. We recommend using a different key, rewriting 'energy' to 'REF_energy'. You need to use --energy_key='REF_energy' to specify the chosen key name.
2025-12-04 08:59:27.195 WARNING: Since ASE version 3.23.0b1, using forces_key 'forces' is no longer safe when communicating between MACE and ASE. We recommend using a different key, rewriting 'forces' to 'REF_forces'. You need to use --forces_key='REF_forces' to specify the chosen key name.
2025-12-04 08:59:27.430 INFO: Training set 1/1 [energy: 1455, stress: 0, virials: 0, dipole components: 0, head: 1455, elec_temp: 0, total_charge: 0, polarizability: 0, total_spin: 0, forces: 1455, charges: 0]
2025-12-04 08:59:27.437 INFO: Total Training set [energy: 1455, stress: 0, virials: 0, dipole components: 0, head: 1455, elec_temp: 0, total_charge: 0, polarizability: 0, total_spin: 0, forces: 1455, charges: 0]
2025-12-04 08:59:27.438 INFO: No validation set provided, splitting training data instead.
2025-12-04 08:59:27.447 INFO: Using random 10% of training set for validation with indices saved in: ./MACE_model_valid_indices_123.txt
2025-12-04 08:59:27.454 INFO: Random Split Training set [energy: 1310, stress: 0, virials: 0, dipole components: 0, head: 1310, elec_temp: 0, total_charge: 0, polarizability: 0, total_spin: 0, forces: 1310, charges: 0]
2025-12-04 08:59:27.456 INFO: Random Split Validation set [energy: 145, stress: 0, virials: 0, dipole components: 0, head: 145, elec_temp: 0, total_charge: 0, polarizability: 0, total_spin: 0, forces: 145, charges: 0]
2025-12-04 08:59:27.457 INFO: Total number of configurations: train=1310, valid=145, tests=[],
2025-12-04 08:59:27.508 INFO: Atomic Numbers used: [np.int64(1), np.int64(8)]
2025-12-04 08:59:27.509 INFO: Isolated Atomic Energies (E0s) not in training file, using command line argument
2025-12-04 08:59:27.510 INFO: Computing average Atomic Energies using least squares regression
2025-12-04 08:59:27.527 INFO: Atomic Energies used (z: eV) for head Default: {1: -6.304134323742526, 8: -3.1520671618712592}
2025-12-04 08:59:27.528 INFO: Processing datasets for head 'Default'
2025-12-04 08:59:40.662 INFO: Combining 1 list datasets for head 'Default'
2025-12-04 08:59:42.078 INFO: Head 'Default' training dataset size: 1310
2025-12-04 08:59:42.080 INFO: Computing average number of neighbors
2025-12-04 08:59:44.018 INFO: Average number of neighbors: 96.7160873413086
2025-12-04 08:59:44.019 INFO: During training the following quantities will be reported: energy, forces
2025-12-04 08:59:44.023 INFO: ===========MODEL DETAILS===========
2025-12-04 08:59:44.883 INFO: Building model
2025-12-04 08:59:44.884 INFO: Message passing with 128 channels and max_L=1 (128x0e + 128x1o)
2025-12-04 08:59:44.885 INFO: 2 layers, each with correlation order: 3 (body order: 4) and spherical harmonics up to: l=3
2025-12-04 08:59:44.885 INFO: 8 radial and 5 basis functions
2025-12-04 08:59:44.886 INFO: Radial cutoff: 6.0 A (total receptive field for each atom: 12.0 A)
2025-12-04 08:59:44.889 INFO: Distance transform for radial basis functions: None
2025-12-04 08:59:44.890 INFO: Hidden irreps: 128x0e + 128x1o
2025-12-04 08:59:46.249 INFO: Total number of parameters: 655248
2025-12-04 08:59:46.250 INFO: 
2025-12-04 08:59:46.250 INFO: ===========OPTIMIZER INFORMATION===========
2025-12-04 08:59:46.251 INFO: Using ADAM as parameter optimizer
2025-12-04 08:59:46.252 INFO: Batch size: 4
2025-12-04 08:59:46.253 INFO: Using Exponential Moving Average with decay: 0.99
2025-12-04 08:59:46.253 INFO: Number of gradient updates: 327500
2025-12-04 08:59:46.254 INFO: Learning rate: 0.01, weight decay: 5e-07
2025-12-04 08:59:46.254 INFO: WeightedEnergyForcesLoss(energy_weight=1.000, forces_weight=100.000)
2025-12-04 08:59:46.256 INFO: Stage Two (after 800 epochs) with loss function: WeightedEnergyForcesLoss(energy_weight=1000.000, forces_weight=100.000), with energy weight : 1000.0, forces weight : 100.0 and learning rate : 0.001
2025-12-04 08:59:46.337 WARNING: Cannot find checkpoint with tag 'MACE_model_run-123' in './checkpoints'
2025-12-04 08:59:46.351 INFO: Using gradient clipping with tolerance=10.000
2025-12-04 08:59:46.352 INFO: 
2025-12-04 08:59:46.353 INFO: ===========TRAINING===========
2025-12-04 08:59:46.353 INFO: Started training, reporting errors on validation set
2025-12-04 08:59:46.354 INFO: Loss metrics on validation set
2025-12-04 08:59:55.079 INFO: Initial: head: Default, loss=8.82859325, RMSE_E_per_atom=   13.51 meV, RMSE_F=  922.19 meV / A
2025-12-04 09:02:39.215 INFO: Epoch 0: head: Default, loss=0.08207572, RMSE_E_per_atom=  145.57 meV, RMSE_F=   88.18 meV / A
2025-12-04 09:05:20.454 INFO: Epoch 1: head: Default, loss=0.03959595, RMSE_E_per_atom=   68.80 meV, RMSE_F=   61.77 meV / A
2025-12-04 09:08:01.386 INFO: Epoch 2: head: Default, loss=0.02168464, RMSE_E_per_atom=   41.48 meV, RMSE_F=   45.77 meV / A
2025-12-04 09:10:42.416 INFO: Epoch 3: head: Default, loss=0.01343261, RMSE_E_per_atom=   24.78 meV, RMSE_F=   36.06 meV / A
2025-12-04 09:13:23.455 INFO: Epoch 4: head: Default, loss=0.00920548, RMSE_E_per_atom=   19.18 meV, RMSE_F=   29.85 meV / A
2025-12-04 09:16:04.294 INFO: Epoch 5: head: Default, loss=0.00709161, RMSE_E_per_atom=   18.75 meV, RMSE_F=   26.19 meV / A
2025-12-04 09:19:26.136 INFO: Epoch 6: head: Default, loss=0.00550946, RMSE_E_per_atom=   11.37 meV, RMSE_F=   23.11 meV / A
2025-12-04 09:22:07.095 INFO: Epoch 7: head: Default, loss=0.00501236, RMSE_E_per_atom=   15.47 meV, RMSE_F=   22.02 meV / A
2025-12-04 09:24:48.118 INFO: Epoch 8: head: Default, loss=0.00396661, RMSE_E_per_atom=    8.38 meV, RMSE_F=   19.61 meV / A
2025-12-04 09:27:29.254 INFO: Epoch 9: head: Default, loss=0.00338192, RMSE_E_per_atom=    7.29 meV, RMSE_F=   18.11 meV / A
2025-12-04 09:30:10.632 INFO: Epoch 10: head: Default, loss=0.00311908, RMSE_E_per_atom=    7.98 meV, RMSE_F=   17.38 meV / A
2025-12-04 09:32:51.930 INFO: Epoch 11: head: Default, loss=0.00271216, RMSE_E_per_atom=    6.23 meV, RMSE_F=   16.21 meV / A
2025-12-04 09:35:32.995 INFO: Epoch 12: head: Default, loss=0.00260667, RMSE_E_per_atom=    6.50 meV, RMSE_F=   15.89 meV / A
2025-12-04 09:38:13.822 INFO: Epoch 13: head: Default, loss=0.00231148, RMSE_E_per_atom=    4.62 meV, RMSE_F=   14.97 meV / A
2025-12-04 09:40:54.686 INFO: Epoch 14: head: Default, loss=0.00220445, RMSE_E_per_atom=    5.68 meV, RMSE_F=   14.62 meV / A
2025-12-04 09:43:35.448 INFO: Epoch 15: head: Default, loss=0.00204629, RMSE_E_per_atom=    5.26 meV, RMSE_F=   14.08 meV / A
2025-12-04 09:46:16.322 INFO: Epoch 16: head: Default, loss=0.00186628, RMSE_E_per_atom=    4.12 meV, RMSE_F=   13.45 meV / A
2025-12-04 09:48:57.130 INFO: Epoch 17: head: Default, loss=0.00172631, RMSE_E_per_atom=    3.71 meV, RMSE_F=   12.93 meV / A
2025-12-04 09:51:39.956 INFO: Epoch 18: head: Default, loss=0.00160388, RMSE_E_per_atom=    3.06 meV, RMSE_F=   12.46 meV / A
2025-12-04 09:54:23.034 INFO: Epoch 19: head: Default, loss=0.00152572, RMSE_E_per_atom=    3.46 meV, RMSE_F=   12.16 meV / A
2025-12-04 09:57:03.994 INFO: Epoch 20: head: Default, loss=0.00143619, RMSE_E_per_atom=    2.94 meV, RMSE_F=   11.79 meV / A
2025-12-04 09:59:44.738 INFO: Epoch 21: head: Default, loss=0.00138045, RMSE_E_per_atom=    3.17 meV, RMSE_F=   11.56 meV / A
2025-12-04 10:02:25.833 INFO: Epoch 22: head: Default, loss=0.00132243, RMSE_E_per_atom=    3.24 meV, RMSE_F=   11.32 meV / A
2025-12-04 10:05:06.768 INFO: Epoch 23: head: Default, loss=0.00128140, RMSE_E_per_atom=    3.00 meV, RMSE_F=   11.14 meV / A
2025-12-04 10:07:47.610 INFO: Epoch 24: head: Default, loss=0.00675892, RMSE_E_per_atom=   21.80 meV, RMSE_F=   25.55 meV / A
2025-12-04 10:10:28.211 INFO: Epoch 25: head: Default, loss=0.00250871, RMSE_E_per_atom=    4.88 meV, RMSE_F=   15.61 meV / A
2025-12-04 10:13:08.706 INFO: Epoch 26: head: Default, loss=0.00188056, RMSE_E_per_atom=    3.24 meV, RMSE_F=   13.51 meV / A
2025-12-04 10:15:49.262 INFO: Epoch 27: head: Default, loss=0.00160431, RMSE_E_per_atom=    2.74 meV, RMSE_F=   12.48 meV / A
2025-12-04 10:18:30.043 INFO: Epoch 28: head: Default, loss=0.00143118, RMSE_E_per_atom=    2.51 meV, RMSE_F=   11.78 meV / A
2025-12-04 10:21:10.919 INFO: Epoch 29: head: Default, loss=0.00131633, RMSE_E_per_atom=    2.34 meV, RMSE_F=   11.30 meV / A
2025-12-04 10:23:51.804 INFO: Epoch 30: head: Default, loss=0.00123868, RMSE_E_per_atom=    2.53 meV, RMSE_F=   10.96 meV / A
2025-12-04 10:26:32.448 INFO: Epoch 31: head: Default, loss=0.00116927, RMSE_E_per_atom=    2.02 meV, RMSE_F=   10.65 meV / A
2025-12-04 10:29:13.143 INFO: Epoch 32: head: Default, loss=0.00111898, RMSE_E_per_atom=    2.01 meV, RMSE_F=   10.42 meV / A
2025-12-04 10:31:54.194 INFO: Epoch 33: head: Default, loss=0.00107505, RMSE_E_per_atom=    1.97 meV, RMSE_F=   10.21 meV / A
2025-12-04 10:34:34.932 INFO: Epoch 34: head: Default, loss=0.00103616, RMSE_E_per_atom=    1.97 meV, RMSE_F=   10.02 meV / A
2025-12-04 10:37:17.363 INFO: Epoch 35: head: Default, loss=0.00100641, RMSE_E_per_atom=    2.20 meV, RMSE_F=    9.87 meV / A
2025-12-04 10:39:59.564 INFO: Epoch 36: head: Default, loss=0.00097303, RMSE_E_per_atom=    1.78 meV, RMSE_F=    9.71 meV / A
2025-12-04 10:42:42.271 INFO: Epoch 37: head: Default, loss=0.00094454, RMSE_E_per_atom=    1.81 meV, RMSE_F=    9.57 meV / A
2025-12-04 10:45:23.507 INFO: Epoch 38: head: Default, loss=0.00091644, RMSE_E_per_atom=    1.64 meV, RMSE_F=    9.42 meV / A
2025-12-04 10:48:04.445 INFO: Epoch 39: head: Default, loss=0.00089608, RMSE_E_per_atom=    2.06 meV, RMSE_F=    9.32 meV / A
2025-12-04 10:50:45.225 INFO: Epoch 40: head: Default, loss=0.00087682, RMSE_E_per_atom=    1.64 meV, RMSE_F=    9.22 meV / A
2025-12-04 10:53:26.024 INFO: Epoch 41: head: Default, loss=0.00086297, RMSE_E_per_atom=    1.75 meV, RMSE_F=    9.14 meV / A
2025-12-04 10:56:07.071 INFO: Epoch 42: head: Default, loss=0.00083441, RMSE_E_per_atom=    1.45 meV, RMSE_F=    8.99 meV / A
2025-12-04 10:58:47.932 INFO: Epoch 43: head: Default, loss=0.00082993, RMSE_E_per_atom=    1.75 meV, RMSE_F=    8.97 meV / A
2025-12-04 11:01:28.833 INFO: Epoch 44: head: Default, loss=0.00080215, RMSE_E_per_atom=    1.44 meV, RMSE_F=    8.81 meV / A
2025-12-04 11:04:09.798 INFO: Epoch 45: head: Default, loss=0.00078246, RMSE_E_per_atom=    1.36 meV, RMSE_F=    8.70 meV / A
2025-12-04 11:06:50.724 INFO: Epoch 46: head: Default, loss=0.00078341, RMSE_E_per_atom=    1.66 meV, RMSE_F=    8.71 meV / A
2025-12-04 11:09:31.422 INFO: Epoch 47: head: Default, loss=0.00076217, RMSE_E_per_atom=    1.44 meV, RMSE_F=    8.59 meV / A
2025-12-04 11:12:12.247 INFO: Epoch 48: head: Default, loss=0.00074761, RMSE_E_per_atom=    1.34 meV, RMSE_F=    8.51 meV / A
2025-12-04 11:14:53.409 INFO: Epoch 49: head: Default, loss=0.00075383, RMSE_E_per_atom=    2.14 meV, RMSE_F=    8.54 meV / A
2025-12-04 11:17:34.577 INFO: Epoch 50: head: Default, loss=0.00073135, RMSE_E_per_atom=    1.36 meV, RMSE_F=    8.42 meV / A
2025-12-04 11:20:16.266 INFO: Epoch 51: head: Default, loss=0.00072804, RMSE_E_per_atom=    1.49 meV, RMSE_F=    8.40 meV / A
2025-12-04 11:22:57.026 INFO: Epoch 52: head: Default, loss=0.00070605, RMSE_E_per_atom=    1.20 meV, RMSE_F=    8.27 meV / A
2025-12-04 11:25:37.700 INFO: Epoch 53: head: Default, loss=0.00069300, RMSE_E_per_atom=    1.30 meV, RMSE_F=    8.19 meV / A
2025-12-04 11:28:19.233 INFO: Epoch 54: head: Default, loss=0.00068174, RMSE_E_per_atom=    1.12 meV, RMSE_F=    8.12 meV / A
2025-12-04 11:31:00.635 INFO: Epoch 55: head: Default, loss=0.00066688, RMSE_E_per_atom=    1.02 meV, RMSE_F=    8.04 meV / A
2025-12-04 11:33:43.018 INFO: Epoch 56: head: Default, loss=0.00066233, RMSE_E_per_atom=    1.13 meV, RMSE_F=    8.01 meV / A
2025-12-04 11:36:24.164 INFO: Epoch 57: head: Default, loss=0.00065308, RMSE_E_per_atom=    1.28 meV, RMSE_F=    7.95 meV / A
2025-12-04 11:39:05.003 INFO: Epoch 58: head: Default, loss=0.00067160, RMSE_E_per_atom=    1.54 meV, RMSE_F=    8.06 meV / A
2025-12-04 11:41:45.707 INFO: Epoch 59: head: Default, loss=0.00065198, RMSE_E_per_atom=    1.26 meV, RMSE_F=    7.95 meV / A
2025-12-04 11:44:27.282 INFO: Epoch 60: head: Default, loss=0.00063868, RMSE_E_per_atom=    1.23 meV, RMSE_F=    7.86 meV / A
2025-12-04 11:47:08.787 INFO: Epoch 61: head: Default, loss=0.00062613, RMSE_E_per_atom=    1.00 meV, RMSE_F=    7.79 meV / A
2025-12-04 11:49:51.617 INFO: Epoch 62: head: Default, loss=0.00061348, RMSE_E_per_atom=    0.92 meV, RMSE_F=    7.71 meV / A
2025-12-04 11:52:34.334 INFO: Epoch 63: head: Default, loss=0.00060163, RMSE_E_per_atom=    0.89 meV, RMSE_F=    7.63 meV / A
2025-12-04 11:55:15.193 INFO: Epoch 64: head: Default, loss=0.00059140, RMSE_E_per_atom=    0.88 meV, RMSE_F=    7.57 meV / A
2025-12-04 11:57:56.485 INFO: Epoch 65: head: Default, loss=0.00060705, RMSE_E_per_atom=    1.20 meV, RMSE_F=    7.67 meV / A
2025-12-04 12:00:37.013 INFO: Epoch 66: head: Default, loss=0.00059056, RMSE_E_per_atom=    1.01 meV, RMSE_F=    7.56 meV / A
2025-12-04 12:03:17.850 INFO: Epoch 67: head: Default, loss=0.00058634, RMSE_E_per_atom=    1.12 meV, RMSE_F=    7.53 meV / A
2025-12-04 12:05:58.591 INFO: Epoch 68: head: Default, loss=0.00057453, RMSE_E_per_atom=    0.88 meV, RMSE_F=    7.46 meV / A
2025-12-04 12:08:39.462 INFO: Epoch 69: head: Default, loss=0.00056588, RMSE_E_per_atom=    0.83 meV, RMSE_F=    7.40 meV / A
2025-12-04 12:11:21.079 INFO: Epoch 70: head: Default, loss=0.00056061, RMSE_E_per_atom=    0.97 meV, RMSE_F=    7.37 meV / A
2025-12-04 12:14:02.335 INFO: Epoch 71: head: Default, loss=0.00054998, RMSE_E_per_atom=    0.74 meV, RMSE_F=    7.30 meV / A
2025-12-04 12:16:44.565 INFO: Epoch 72: head: Default, loss=0.00055131, RMSE_E_per_atom=    0.98 meV, RMSE_F=    7.30 meV / A
2025-12-04 12:19:26.821 INFO: Epoch 73: head: Default, loss=0.00054194, RMSE_E_per_atom=    0.77 meV, RMSE_F=    7.24 meV / A
2025-12-04 12:22:11.007 INFO: Epoch 74: head: Default, loss=0.00053462, RMSE_E_per_atom=    0.70 meV, RMSE_F=    7.19 meV / A
2025-12-04 12:24:53.146 INFO: Epoch 75: head: Default, loss=0.00053598, RMSE_E_per_atom=    1.09 meV, RMSE_F=    7.20 meV / A
2025-12-04 12:27:34.765 INFO: Epoch 76: head: Default, loss=0.00056499, RMSE_E_per_atom=    1.38 meV, RMSE_F=    7.40 meV / A
2025-12-04 12:30:17.142 INFO: Epoch 77: head: Default, loss=0.00053589, RMSE_E_per_atom=    0.95 meV, RMSE_F=    7.20 meV / A
2025-12-04 12:32:59.283 INFO: Epoch 78: head: Default, loss=0.00053204, RMSE_E_per_atom=    0.95 meV, RMSE_F=    7.18 meV / A
2025-12-04 12:35:41.496 INFO: Epoch 79: head: Default, loss=0.00051736, RMSE_E_per_atom=    0.68 meV, RMSE_F=    7.08 meV / A
2025-12-04 12:38:25.320 INFO: Epoch 80: head: Default, loss=0.00051294, RMSE_E_per_atom=    0.88 meV, RMSE_F=    7.05 meV / A
2025-12-04 12:41:10.462 INFO: Epoch 81: head: Default, loss=0.00050589, RMSE_E_per_atom=    0.75 meV, RMSE_F=    7.00 meV / A
2025-12-04 12:43:52.727 INFO: Epoch 82: head: Default, loss=0.00049968, RMSE_E_per_atom=    0.64 meV, RMSE_F=    6.95 meV / A
2025-12-04 12:46:34.093 INFO: Epoch 83: head: Default, loss=0.00049069, RMSE_E_per_atom=    0.56 meV, RMSE_F=    6.89 meV / A
2025-12-04 12:49:15.914 INFO: Epoch 84: head: Default, loss=0.00049119, RMSE_E_per_atom=    0.78 meV, RMSE_F=    6.90 meV / A
2025-12-04 12:51:57.100 INFO: Epoch 85: head: Default, loss=0.00048142, RMSE_E_per_atom=    0.55 meV, RMSE_F=    6.83 meV / A
2025-12-04 12:54:38.229 INFO: Epoch 86: head: Default, loss=0.00048104, RMSE_E_per_atom=    0.64 meV, RMSE_F=    6.82 meV / A
2025-12-04 12:57:19.284 INFO: Epoch 87: head: Default, loss=0.00047336, RMSE_E_per_atom=    0.67 meV, RMSE_F=    6.77 meV / A
2025-12-04 13:00:00.442 INFO: Epoch 88: head: Default, loss=0.00046813, RMSE_E_per_atom=    0.52 meV, RMSE_F=    6.73 meV / A
2025-12-04 13:02:41.504 INFO: Epoch 89: head: Default, loss=0.00046200, RMSE_E_per_atom=    0.48 meV, RMSE_F=    6.69 meV / A
2025-12-04 13:05:22.469 INFO: Epoch 90: head: Default, loss=0.00045627, RMSE_E_per_atom=    0.41 meV, RMSE_F=    6.64 meV / A
2025-12-04 13:08:03.788 INFO: Epoch 91: head: Default, loss=0.00046782, RMSE_E_per_atom=    1.31 meV, RMSE_F=    6.73 meV / A
2025-12-04 13:10:44.791 INFO: Epoch 92: head: Default, loss=0.00046180, RMSE_E_per_atom=    0.65 meV, RMSE_F=    6.68 meV / A
2025-12-04 13:13:25.534 INFO: Epoch 93: head: Default, loss=0.00045096, RMSE_E_per_atom=    0.45 meV, RMSE_F=    6.61 meV / A
2025-12-04 13:16:06.657 INFO: Epoch 94: head: Default, loss=0.00044568, RMSE_E_per_atom=    0.51 meV, RMSE_F=    6.57 meV / A
2025-12-04 13:18:47.651 INFO: Epoch 95: head: Default, loss=0.00044640, RMSE_E_per_atom=    0.70 meV, RMSE_F=    6.57 meV / A
2025-12-04 13:21:28.249 INFO: Epoch 96: head: Default, loss=0.00043787, RMSE_E_per_atom=    0.42 meV, RMSE_F=    6.51 meV / A
2025-12-04 13:24:09.569 INFO: Epoch 97: head: Default, loss=0.00043241, RMSE_E_per_atom=    0.38 meV, RMSE_F=    6.47 meV / A
2025-12-04 13:26:50.657 INFO: Epoch 98: head: Default, loss=0.00298601, RMSE_E_per_atom=   15.24 meV, RMSE_F=   16.96 meV / A
2025-12-04 13:29:32.356 INFO: Epoch 99: head: Default, loss=0.00096639, RMSE_E_per_atom=    2.53 meV, RMSE_F=    9.69 meV / A
2025-12-04 13:32:13.038 INFO: Epoch 100: head: Default, loss=0.00065337, RMSE_E_per_atom=    1.37 meV, RMSE_F=    7.96 meV / A
2025-12-04 13:34:53.972 INFO: Epoch 101: head: Default, loss=0.00055745, RMSE_E_per_atom=    1.09 meV, RMSE_F=    7.35 meV / A
2025-12-04 13:37:34.853 INFO: Epoch 102: head: Default, loss=0.00051190, RMSE_E_per_atom=    0.92 meV, RMSE_F=    7.04 meV / A
2025-12-04 13:40:15.772 INFO: Epoch 103: head: Default, loss=0.00048623, RMSE_E_per_atom=    0.80 meV, RMSE_F=    6.86 meV / A
2025-12-04 13:42:56.937 INFO: Epoch 104: head: Default, loss=0.00046868, RMSE_E_per_atom=    0.72 meV, RMSE_F=    6.74 meV / A
2025-12-04 13:45:37.571 INFO: Epoch 105: head: Default, loss=0.00045616, RMSE_E_per_atom=    0.63 meV, RMSE_F=    6.64 meV / A
2025-12-04 13:48:18.432 INFO: Epoch 106: head: Default, loss=0.00044558, RMSE_E_per_atom=    0.58 meV, RMSE_F=    6.57 meV / A
2025-12-04 13:50:59.194 INFO: Epoch 107: head: Default, loss=0.00043656, RMSE_E_per_atom=    0.50 meV, RMSE_F=    6.50 meV / A
2025-12-04 13:53:40.635 INFO: Epoch 108: head: Default, loss=0.00043022, RMSE_E_per_atom=    0.50 meV, RMSE_F=    6.45 meV / A
2025-12-04 13:56:21.543 INFO: Epoch 109: head: Default, loss=0.00042692, RMSE_E_per_atom=    0.53 meV, RMSE_F=    6.43 meV / A
2025-12-04 13:59:02.508 INFO: Epoch 110: head: Default, loss=0.00042076, RMSE_E_per_atom=    0.48 meV, RMSE_F=    6.38 meV / A
2025-12-04 14:01:43.558 INFO: Epoch 111: head: Default, loss=0.00041531, RMSE_E_per_atom=    0.44 meV, RMSE_F=    6.34 meV / A
2025-12-04 14:04:24.662 INFO: Epoch 112: head: Default, loss=0.00041012, RMSE_E_per_atom=    0.40 meV, RMSE_F=    6.30 meV / A
2025-12-04 14:07:05.812 INFO: Epoch 113: head: Default, loss=0.00040733, RMSE_E_per_atom=    0.46 meV, RMSE_F=    6.28 meV / A
2025-12-04 14:09:47.005 INFO: Epoch 114: head: Default, loss=0.00040396, RMSE_E_per_atom=    0.44 meV, RMSE_F=    6.25 meV / A
2025-12-04 14:12:28.477 INFO: Epoch 115: head: Default, loss=0.00040005, RMSE_E_per_atom=    0.43 meV, RMSE_F=    6.22 meV / A
2025-12-04 14:15:09.485 INFO: Epoch 116: head: Default, loss=0.00039517, RMSE_E_per_atom=    0.34 meV, RMSE_F=    6.18 meV / A
2025-12-04 14:17:50.822 INFO: Epoch 117: head: Default, loss=0.00039120, RMSE_E_per_atom=    0.29 meV, RMSE_F=    6.15 meV / A
2025-12-04 14:20:32.294 INFO: Epoch 118: head: Default, loss=0.00038940, RMSE_E_per_atom=    0.31 meV, RMSE_F=    6.14 meV / A
2025-12-04 14:23:13.297 INFO: Epoch 119: head: Default, loss=0.00038762, RMSE_E_per_atom=    0.40 meV, RMSE_F=    6.12 meV / A
2025-12-04 14:25:54.077 INFO: Epoch 120: head: Default, loss=0.00038362, RMSE_E_per_atom=    0.33 meV, RMSE_F=    6.09 meV / A
2025-12-04 14:28:34.976 INFO: Epoch 121: head: Default, loss=0.00038007, RMSE_E_per_atom=    0.31 meV, RMSE_F=    6.06 meV / A
2025-12-04 14:31:15.949 INFO: Epoch 122: head: Default, loss=0.00037718, RMSE_E_per_atom=    0.29 meV, RMSE_F=    6.04 meV / A
2025-12-04 14:33:56.778 INFO: Epoch 123: head: Default, loss=0.00038273, RMSE_E_per_atom=    0.47 meV, RMSE_F=    6.09 meV / A
2025-12-04 14:36:37.513 INFO: Epoch 124: head: Default, loss=0.00037544, RMSE_E_per_atom=    0.30 meV, RMSE_F=    6.03 meV / A
2025-12-04 14:39:18.441 INFO: Epoch 125: head: Default, loss=0.00037160, RMSE_E_per_atom=    0.26 meV, RMSE_F=    6.00 meV / A
2025-12-04 14:41:59.355 INFO: Epoch 126: head: Default, loss=0.00036815, RMSE_E_per_atom=    0.27 meV, RMSE_F=    5.97 meV / A
2025-12-04 14:44:40.426 INFO: Epoch 127: head: Default, loss=0.00036530, RMSE_E_per_atom=    0.27 meV, RMSE_F=    5.95 meV / A
2025-12-04 14:47:21.205 INFO: Epoch 128: head: Default, loss=0.00036363, RMSE_E_per_atom=    0.26 meV, RMSE_F=    5.93 meV / A
2025-12-04 14:50:02.630 INFO: Epoch 129: head: Default, loss=0.00036430, RMSE_E_per_atom=    0.51 meV, RMSE_F=    5.94 meV / A
2025-12-04 14:52:43.361 INFO: Epoch 130: head: Default, loss=0.00035967, RMSE_E_per_atom=    0.25 meV, RMSE_F=    5.90 meV / A
2025-12-04 14:55:24.174 INFO: Epoch 131: head: Default, loss=0.00035597, RMSE_E_per_atom=    0.23 meV, RMSE_F=    5.87 meV / A
2025-12-04 14:58:05.281 INFO: Epoch 132: head: Default, loss=0.00035324, RMSE_E_per_atom=    0.21 meV, RMSE_F=    5.85 meV / A
2025-12-04 15:00:46.172 INFO: Epoch 133: head: Default, loss=0.00035361, RMSE_E_per_atom=    0.31 meV, RMSE_F=    5.85 meV / A
2025-12-04 15:03:26.951 INFO: Epoch 134: head: Default, loss=0.00035097, RMSE_E_per_atom=    0.29 meV, RMSE_F=    5.83 meV / A
2025-12-04 15:06:08.576 INFO: Epoch 135: head: Default, loss=0.00035438, RMSE_E_per_atom=    0.58 meV, RMSE_F=    5.86 meV / A
2025-12-04 15:08:49.518 INFO: Epoch 136: head: Default, loss=0.00034802, RMSE_E_per_atom=    0.28 meV, RMSE_F=    5.80 meV / A
2025-12-04 15:11:30.902 INFO: Epoch 137: head: Default, loss=0.00034900, RMSE_E_per_atom=    0.37 meV, RMSE_F=    5.81 meV / A
2025-12-04 15:14:12.122 INFO: Epoch 138: head: Default, loss=0.00034758, RMSE_E_per_atom=    0.39 meV, RMSE_F=    5.80 meV / A
2025-12-04 15:16:52.920 INFO: Epoch 139: head: Default, loss=0.00034482, RMSE_E_per_atom=    0.33 meV, RMSE_F=    5.78 meV / A
2025-12-04 15:19:34.034 INFO: Epoch 140: head: Default, loss=0.00034056, RMSE_E_per_atom=    0.24 meV, RMSE_F=    5.74 meV / A
2025-12-04 15:22:14.779 INFO: Epoch 141: head: Default, loss=0.00033814, RMSE_E_per_atom=    0.18 meV, RMSE_F=    5.72 meV / A
2025-12-04 15:24:56.405 INFO: Epoch 142: head: Default, loss=0.00033512, RMSE_E_per_atom=    0.19 meV, RMSE_F=    5.69 meV / A
2025-12-04 15:27:37.434 INFO: Epoch 143: head: Default, loss=0.00033213, RMSE_E_per_atom=    0.15 meV, RMSE_F=    5.67 meV / A
2025-12-04 15:30:18.392 INFO: Epoch 144: head: Default, loss=0.00032967, RMSE_E_per_atom=    0.13 meV, RMSE_F=    5.65 meV / A
2025-12-04 15:32:59.409 INFO: Epoch 145: head: Default, loss=0.00032832, RMSE_E_per_atom=    0.19 meV, RMSE_F=    5.64 meV / A
2025-12-04 15:35:40.618 INFO: Epoch 146: head: Default, loss=0.00032688, RMSE_E_per_atom=    0.20 meV, RMSE_F=    5.62 meV / A
2025-12-04 15:38:21.745 INFO: Epoch 147: head: Default, loss=0.00032681, RMSE_E_per_atom=    0.18 meV, RMSE_F=    5.62 meV / A
2025-12-04 15:41:02.779 INFO: Epoch 148: head: Default, loss=0.00032395, RMSE_E_per_atom=    0.29 meV, RMSE_F=    5.60 meV / A
2025-12-04 15:43:43.906 INFO: Epoch 149: head: Default, loss=0.00032361, RMSE_E_per_atom=    0.17 meV, RMSE_F=    5.60 meV / A
2025-12-04 15:46:25.243 INFO: Epoch 150: head: Default, loss=0.00032263, RMSE_E_per_atom=    0.15 meV, RMSE_F=    5.59 meV / A
2025-12-04 15:49:06.510 INFO: Epoch 151: head: Default, loss=0.00032078, RMSE_E_per_atom=    0.14 meV, RMSE_F=    5.57 meV / A
2025-12-04 15:51:47.479 INFO: Epoch 152: head: Default, loss=0.00032038, RMSE_E_per_atom=    0.19 meV, RMSE_F=    5.57 meV / A
2025-12-04 15:54:28.581 INFO: Epoch 153: head: Default, loss=0.00032069, RMSE_E_per_atom=    0.26 meV, RMSE_F=    5.57 meV / A
2025-12-04 15:57:09.194 INFO: Epoch 154: head: Default, loss=0.00031671, RMSE_E_per_atom=    0.16 meV, RMSE_F=    5.54 meV / A
2025-12-04 15:59:50.272 INFO: Epoch 155: head: Default, loss=0.00031519, RMSE_E_per_atom=    0.18 meV, RMSE_F=    5.52 meV / A
2025-12-04 16:02:31.344 INFO: Epoch 156: head: Default, loss=0.00031163, RMSE_E_per_atom=    0.12 meV, RMSE_F=    5.49 meV / A
2025-12-04 16:05:12.435 INFO: Epoch 157: head: Default, loss=0.00030902, RMSE_E_per_atom=    0.12 meV, RMSE_F=    5.47 meV / A
2025-12-04 16:07:53.375 INFO: Epoch 158: head: Default, loss=0.00031001, RMSE_E_per_atom=    0.20 meV, RMSE_F=    5.48 meV / A
2025-12-04 16:10:34.336 INFO: Epoch 159: head: Default, loss=0.00031395, RMSE_E_per_atom=    0.41 meV, RMSE_F=    5.51 meV / A
2025-12-04 16:13:15.369 INFO: Epoch 160: head: Default, loss=0.00030916, RMSE_E_per_atom=    0.22 meV, RMSE_F=    5.47 meV / A
2025-12-04 16:15:56.274 INFO: Epoch 161: head: Default, loss=0.00030839, RMSE_E_per_atom=    0.21 meV, RMSE_F=    5.46 meV / A
2025-12-04 16:18:37.254 INFO: Epoch 162: head: Default, loss=0.00030946, RMSE_E_per_atom=    0.31 meV, RMSE_F=    5.47 meV / A
2025-12-04 16:21:18.488 INFO: Epoch 163: head: Default, loss=0.00030951, RMSE_E_per_atom=    0.35 meV, RMSE_F=    5.47 meV / A
2025-12-04 16:23:59.522 INFO: Epoch 164: head: Default, loss=0.00030496, RMSE_E_per_atom=    0.17 meV, RMSE_F=    5.43 meV / A
2025-12-04 16:26:40.431 INFO: Epoch 165: head: Default, loss=0.00030671, RMSE_E_per_atom=    0.63 meV, RMSE_F=    5.45 meV / A
2025-12-04 16:29:21.233 INFO: Epoch 166: head: Default, loss=0.00030441, RMSE_E_per_atom=    0.18 meV, RMSE_F=    5.43 meV / A
2025-12-04 16:32:02.218 INFO: Epoch 167: head: Default, loss=0.00030110, RMSE_E_per_atom=    0.13 meV, RMSE_F=    5.40 meV / A
2025-12-04 16:34:43.376 INFO: Epoch 168: head: Default, loss=0.00029858, RMSE_E_per_atom=    0.15 meV, RMSE_F=    5.38 meV / A
2025-12-04 16:37:24.580 INFO: Epoch 169: head: Default, loss=0.00029790, RMSE_E_per_atom=    0.20 meV, RMSE_F=    5.37 meV / A
2025-12-04 16:40:05.924 INFO: Epoch 170: head: Default, loss=0.00029632, RMSE_E_per_atom=    0.16 meV, RMSE_F=    5.36 meV / A
2025-12-04 16:42:46.871 INFO: Epoch 171: head: Default, loss=0.00029733, RMSE_E_per_atom=    0.25 meV, RMSE_F=    5.36 meV / A
2025-12-04 16:45:27.633 INFO: Epoch 172: head: Default, loss=0.00029692, RMSE_E_per_atom=    0.20 meV, RMSE_F=    5.36 meV / A
2025-12-04 16:48:08.492 INFO: Epoch 173: head: Default, loss=0.00029977, RMSE_E_per_atom=    0.30 meV, RMSE_F=    5.39 meV / A
2025-12-04 16:50:49.448 INFO: Epoch 174: head: Default, loss=0.00029548, RMSE_E_per_atom=    0.16 meV, RMSE_F=    5.35 meV / A
2025-12-04 16:53:30.380 INFO: Epoch 175: head: Default, loss=0.00029241, RMSE_E_per_atom=    0.14 meV, RMSE_F=    5.32 meV / A
2025-12-04 16:56:11.358 INFO: Epoch 176: head: Default, loss=0.00028959, RMSE_E_per_atom=    0.10 meV, RMSE_F=    5.29 meV / A
2025-12-04 16:58:52.162 INFO: Epoch 177: head: Default, loss=0.00029169, RMSE_E_per_atom=    0.22 meV, RMSE_F=    5.31 meV / A
2025-12-04 17:01:33.197 INFO: Epoch 178: head: Default, loss=0.00028736, RMSE_E_per_atom=    0.13 meV, RMSE_F=    5.27 meV / A
2025-12-04 17:04:14.269 INFO: Epoch 179: head: Default, loss=0.00028472, RMSE_E_per_atom=    0.10 meV, RMSE_F=    5.25 meV / A
2025-12-04 17:06:55.093 INFO: Epoch 180: head: Default, loss=0.00028663, RMSE_E_per_atom=    0.16 meV, RMSE_F=    5.27 meV / A
2025-12-04 17:09:35.974 INFO: Epoch 181: head: Default, loss=0.00029300, RMSE_E_per_atom=    0.43 meV, RMSE_F=    5.33 meV / A
2025-12-04 17:12:16.880 INFO: Epoch 182: head: Default, loss=0.00028570, RMSE_E_per_atom=    0.17 meV, RMSE_F=    5.26 meV / A
2025-12-04 17:14:57.747 INFO: Epoch 183: head: Default, loss=0.00028379, RMSE_E_per_atom=    0.12 meV, RMSE_F=    5.24 meV / A
2025-12-04 17:17:38.813 INFO: Epoch 184: head: Default, loss=0.00028056, RMSE_E_per_atom=    0.10 meV, RMSE_F=    5.21 meV / A
2025-12-04 17:20:19.715 INFO: Epoch 185: head: Default, loss=0.00027851, RMSE_E_per_atom=    0.09 meV, RMSE_F=    5.19 meV / A
2025-12-04 17:23:00.823 INFO: Epoch 186: head: Default, loss=0.00028085, RMSE_E_per_atom=    0.36 meV, RMSE_F=    5.21 meV / A
2025-12-04 17:25:41.352 INFO: Epoch 187: head: Default, loss=0.00028307, RMSE_E_per_atom=    0.24 meV, RMSE_F=    5.23 meV / A
2025-12-04 17:28:22.143 INFO: Epoch 188: head: Default, loss=0.00028143, RMSE_E_per_atom=    0.21 meV, RMSE_F=    5.22 meV / A
2025-12-04 17:31:02.948 INFO: Epoch 189: head: Default, loss=0.00028023, RMSE_E_per_atom=    0.22 meV, RMSE_F=    5.21 meV / A
2025-12-04 17:33:43.666 INFO: Epoch 190: head: Default, loss=0.00027560, RMSE_E_per_atom=    0.11 meV, RMSE_F=    5.16 meV / A
2025-12-04 17:36:24.833 INFO: Epoch 191: head: Default, loss=0.00027578, RMSE_E_per_atom=    0.16 meV, RMSE_F=    5.17 meV / A
2025-12-04 17:39:05.480 INFO: Epoch 192: head: Default, loss=0.00027288, RMSE_E_per_atom=    0.11 meV, RMSE_F=    5.14 meV / A
2025-12-04 17:41:46.265 INFO: Epoch 193: head: Default, loss=0.00029318, RMSE_E_per_atom=    0.72 meV, RMSE_F=    5.33 meV / A
2025-12-04 17:44:27.034 INFO: Epoch 194: head: Default, loss=0.00027778, RMSE_E_per_atom=    0.15 meV, RMSE_F=    5.19 meV / A
2025-12-04 17:47:07.678 INFO: Epoch 195: head: Default, loss=0.00028828, RMSE_E_per_atom=    0.73 meV, RMSE_F=    5.28 meV / A
2025-12-04 17:49:49.178 INFO: Epoch 196: head: Default, loss=0.00027871, RMSE_E_per_atom=    0.21 meV, RMSE_F=    5.19 meV / A
2025-12-04 17:52:30.590 INFO: Epoch 197: head: Default, loss=0.00027516, RMSE_E_per_atom=    0.20 meV, RMSE_F=    5.16 meV / A
2025-12-04 17:55:11.625 INFO: Epoch 198: head: Default, loss=0.00027130, RMSE_E_per_atom=    0.09 meV, RMSE_F=    5.12 meV / A
2025-12-04 17:57:52.511 INFO: Epoch 199: head: Default, loss=0.00026978, RMSE_E_per_atom=    0.16 meV, RMSE_F=    5.11 meV / A
2025-12-04 18:00:33.412 INFO: Epoch 200: head: Default, loss=0.00027203, RMSE_E_per_atom=    0.23 meV, RMSE_F=    5.13 meV / A
2025-12-04 18:03:14.197 INFO: Epoch 201: head: Default, loss=0.00026840, RMSE_E_per_atom=    0.11 meV, RMSE_F=    5.10 meV / A
2025-12-04 18:05:55.151 INFO: Epoch 202: head: Default, loss=0.00027004, RMSE_E_per_atom=    0.26 meV, RMSE_F=    5.11 meV / A
2025-12-04 18:08:35.711 INFO: Epoch 203: head: Default, loss=0.00026728, RMSE_E_per_atom=    0.15 meV, RMSE_F=    5.09 meV / A
2025-12-04 18:11:16.687 INFO: Epoch 204: head: Default, loss=0.00026515, RMSE_E_per_atom=    0.14 meV, RMSE_F=    5.07 meV / A
2025-12-04 18:13:57.741 INFO: Epoch 205: head: Default, loss=0.00026303, RMSE_E_per_atom=    0.08 meV, RMSE_F=    5.04 meV / A
2025-12-04 18:16:38.572 INFO: Epoch 206: head: Default, loss=0.00026199, RMSE_E_per_atom=    0.11 meV, RMSE_F=    5.04 meV / A
2025-12-04 18:19:19.529 INFO: Epoch 207: head: Default, loss=0.00026116, RMSE_E_per_atom=    0.12 meV, RMSE_F=    5.03 meV / A
2025-12-04 18:22:00.196 INFO: Epoch 208: head: Default, loss=0.00025869, RMSE_E_per_atom=    0.05 meV, RMSE_F=    5.00 meV / A
2025-12-04 18:24:42.038 INFO: Epoch 209: head: Default, loss=0.00025784, RMSE_E_per_atom=    0.14 meV, RMSE_F=    5.00 meV / A
2025-12-04 18:27:23.495 INFO: Epoch 210: head: Default, loss=0.00025718, RMSE_E_per_atom=    0.15 meV, RMSE_F=    4.99 meV / A
2025-12-04 18:30:04.610 INFO: Epoch 211: head: Default, loss=0.00025971, RMSE_E_per_atom=    0.21 meV, RMSE_F=    5.01 meV / A
2025-12-04 18:32:45.174 INFO: Epoch 212: head: Default, loss=0.00026289, RMSE_E_per_atom=    0.27 meV, RMSE_F=    5.05 meV / A
2025-12-04 18:35:26.074 INFO: Epoch 213: head: Default, loss=0.00026023, RMSE_E_per_atom=    0.24 meV, RMSE_F=    5.02 meV / A
2025-12-04 18:38:06.849 INFO: Epoch 214: head: Default, loss=0.00025546, RMSE_E_per_atom=    0.09 meV, RMSE_F=    4.97 meV / A
2025-12-04 18:40:47.779 INFO: Epoch 215: head: Default, loss=0.00025374, RMSE_E_per_atom=    0.11 meV, RMSE_F=    4.96 meV / A
2025-12-04 18:43:28.968 INFO: Epoch 216: head: Default, loss=0.00025422, RMSE_E_per_atom=    0.18 meV, RMSE_F=    4.96 meV / A
2025-12-04 18:46:09.835 INFO: Epoch 217: head: Default, loss=0.00025184, RMSE_E_per_atom=    0.07 meV, RMSE_F=    4.94 meV / A
2025-12-04 18:48:51.117 INFO: Epoch 218: head: Default, loss=0.00025728, RMSE_E_per_atom=    0.39 meV, RMSE_F=    4.99 meV / A
2025-12-04 18:51:31.788 INFO: Epoch 219: head: Default, loss=0.00025252, RMSE_E_per_atom=    0.12 meV, RMSE_F=    4.94 meV / A
2025-12-04 18:54:12.859 INFO: Epoch 220: head: Default, loss=0.00026965, RMSE_E_per_atom=    0.87 meV, RMSE_F=    5.11 meV / A
2025-12-04 18:56:53.646 INFO: Epoch 221: head: Default, loss=0.00025929, RMSE_E_per_atom=    0.21 meV, RMSE_F=    5.01 meV / A
2025-12-04 18:59:34.321 INFO: Epoch 222: head: Default, loss=0.00551883, RMSE_E_per_atom=   16.97 meV, RMSE_F=   23.13 meV / A
2025-12-04 19:02:15.843 INFO: Epoch 223: head: Default, loss=0.00147877, RMSE_E_per_atom=    2.92 meV, RMSE_F=   11.99 meV / A
2025-12-04 19:04:57.453 INFO: Epoch 224: head: Default, loss=0.00096507, RMSE_E_per_atom=    1.35 meV, RMSE_F=    9.68 meV / A
2025-12-04 19:07:39.136 INFO: Epoch 225: head: Default, loss=0.00076937, RMSE_E_per_atom=    0.90 meV, RMSE_F=    8.64 meV / A
2025-12-04 19:10:21.622 INFO: Epoch 226: head: Default, loss=0.00065723, RMSE_E_per_atom=    0.71 meV, RMSE_F=    7.99 meV / A
2025-12-04 19:13:03.666 INFO: Epoch 227: head: Default, loss=0.00058085, RMSE_E_per_atom=    0.65 meV, RMSE_F=    7.51 meV / A
2025-12-04 19:15:45.084 INFO: Epoch 228: head: Default, loss=0.00052414, RMSE_E_per_atom=    0.64 meV, RMSE_F=    7.13 meV / A
2025-12-04 19:18:27.172 INFO: Epoch 229: head: Default, loss=0.00048267, RMSE_E_per_atom=    0.64 meV, RMSE_F=    6.84 meV / A
2025-12-04 19:21:08.985 INFO: Epoch 230: head: Default, loss=0.00044371, RMSE_E_per_atom=    0.60 meV, RMSE_F=    6.56 meV / A
2025-12-04 19:23:50.236 INFO: Epoch 231: head: Default, loss=0.00041288, RMSE_E_per_atom=    0.61 meV, RMSE_F=    6.32 meV / A
2025-12-04 19:26:31.043 INFO: Epoch 232: head: Default, loss=0.00038816, RMSE_E_per_atom=    0.59 meV, RMSE_F=    6.13 meV / A
2025-12-04 19:29:11.773 INFO: Epoch 233: head: Default, loss=0.00036780, RMSE_E_per_atom=    0.59 meV, RMSE_F=    5.97 meV / A
2025-12-04 19:31:52.444 INFO: Epoch 234: head: Default, loss=0.00035158, RMSE_E_per_atom=    0.60 meV, RMSE_F=    5.83 meV / A
2025-12-04 19:34:33.288 INFO: Epoch 235: head: Default, loss=0.00033784, RMSE_E_per_atom=    0.56 meV, RMSE_F=    5.72 meV / A
2025-12-04 19:37:13.814 INFO: Epoch 236: head: Default, loss=0.00032655, RMSE_E_per_atom=    0.55 meV, RMSE_F=    5.62 meV / A
2025-12-04 19:39:55.255 INFO: Epoch 237: head: Default, loss=0.00031707, RMSE_E_per_atom=    0.54 meV, RMSE_F=    5.54 meV / A
2025-12-04 19:42:36.221 INFO: Epoch 238: head: Default, loss=0.00030955, RMSE_E_per_atom=    0.58 meV, RMSE_F=    5.47 meV / A
2025-12-04 19:45:16.843 INFO: Epoch 239: head: Default, loss=0.00030268, RMSE_E_per_atom=    0.53 meV, RMSE_F=    5.41 meV / A
2025-12-04 19:47:57.603 INFO: Epoch 240: head: Default, loss=0.00029552, RMSE_E_per_atom=    0.50 meV, RMSE_F=    5.35 meV / A
2025-12-04 19:50:38.376 INFO: Epoch 241: head: Default, loss=0.00029056, RMSE_E_per_atom=    0.47 meV, RMSE_F=    5.30 meV / A
2025-12-04 19:53:19.374 INFO: Epoch 242: head: Default, loss=0.00028538, RMSE_E_per_atom=    0.45 meV, RMSE_F=    5.25 meV / A
2025-12-04 19:55:59.971 INFO: Epoch 243: head: Default, loss=0.00028087, RMSE_E_per_atom=    0.42 meV, RMSE_F=    5.21 meV / A
2025-12-04 19:58:40.809 INFO: Epoch 244: head: Default, loss=0.00027637, RMSE_E_per_atom=    0.42 meV, RMSE_F=    5.17 meV / A
2025-12-04 20:01:21.424 INFO: Epoch 245: head: Default, loss=0.00027291, RMSE_E_per_atom=    0.38 meV, RMSE_F=    5.14 meV / A
2025-12-04 20:04:01.957 INFO: Epoch 246: head: Default, loss=0.00026980, RMSE_E_per_atom=    0.37 meV, RMSE_F=    5.11 meV / A
2025-12-04 20:06:42.739 INFO: Epoch 247: head: Default, loss=0.00026646, RMSE_E_per_atom=    0.37 meV, RMSE_F=    5.08 meV / A
2025-12-04 20:09:23.870 INFO: Epoch 248: head: Default, loss=0.00026428, RMSE_E_per_atom=    0.36 meV, RMSE_F=    5.06 meV / A
2025-12-04 20:12:04.992 INFO: Epoch 249: head: Default, loss=0.00026200, RMSE_E_per_atom=    0.37 meV, RMSE_F=    5.04 meV / A
2025-12-04 20:14:45.743 INFO: Epoch 250: head: Default, loss=0.00025996, RMSE_E_per_atom=    0.36 meV, RMSE_F=    5.02 meV / A
2025-12-04 20:17:26.278 INFO: Epoch 251: head: Default, loss=0.00025710, RMSE_E_per_atom=    0.32 meV, RMSE_F=    4.99 meV / A
2025-12-04 20:20:07.157 INFO: Epoch 252: head: Default, loss=0.00025429, RMSE_E_per_atom=    0.29 meV, RMSE_F=    4.96 meV / A
2025-12-04 20:22:48.062 INFO: Epoch 253: head: Default, loss=0.00025211, RMSE_E_per_atom=    0.27 meV, RMSE_F=    4.94 meV / A
2025-12-04 20:25:28.775 INFO: Epoch 254: head: Default, loss=0.00025430, RMSE_E_per_atom=    0.39 meV, RMSE_F=    4.96 meV / A
2025-12-04 20:28:09.352 INFO: Epoch 255: head: Default, loss=0.00024982, RMSE_E_per_atom=    0.29 meV, RMSE_F=    4.92 meV / A
2025-12-04 20:30:50.590 INFO: Epoch 256: head: Default, loss=0.00024890, RMSE_E_per_atom=    0.32 meV, RMSE_F=    4.91 meV / A
2025-12-04 20:33:31.451 INFO: Epoch 257: head: Default, loss=0.00024631, RMSE_E_per_atom=    0.27 meV, RMSE_F=    4.88 meV / A
2025-12-04 20:36:12.644 INFO: Epoch 258: head: Default, loss=0.00024507, RMSE_E_per_atom=    0.27 meV, RMSE_F=    4.87 meV / A
2025-12-04 20:38:53.773 INFO: Epoch 259: head: Default, loss=0.00024466, RMSE_E_per_atom=    0.30 meV, RMSE_F=    4.87 meV / A
2025-12-04 20:41:34.610 INFO: Epoch 260: head: Default, loss=0.00024173, RMSE_E_per_atom=    0.26 meV, RMSE_F=    4.84 meV / A
2025-12-04 20:44:15.373 INFO: Epoch 261: head: Default, loss=0.00024043, RMSE_E_per_atom=    0.21 meV, RMSE_F=    4.82 meV / A
2025-12-04 20:46:56.440 INFO: Epoch 262: head: Default, loss=0.00024472, RMSE_E_per_atom=    0.36 meV, RMSE_F=    4.87 meV / A
2025-12-04 20:49:37.012 INFO: Epoch 263: head: Default, loss=0.00024081, RMSE_E_per_atom=    0.27 meV, RMSE_F=    4.83 meV / A
2025-12-04 20:52:17.653 INFO: Epoch 264: head: Default, loss=0.00023789, RMSE_E_per_atom=    0.21 meV, RMSE_F=    4.80 meV / A
2025-12-04 20:54:59.324 INFO: Epoch 265: head: Default, loss=0.00023637, RMSE_E_per_atom=    0.22 meV, RMSE_F=    4.78 meV / A
2025-12-04 20:57:40.072 INFO: Epoch 266: head: Default, loss=0.00023548, RMSE_E_per_atom=    0.22 meV, RMSE_F=    4.77 meV / A
