[2025-12-04 10:27:52,236][nequip.utils.versions.package_versions][INFO] - [rank: 0] Version Information:
[2025-12-04 10:27:52,236][nequip.utils.versions.package_versions][INFO] - [rank: 0] torch 2.9.1
[2025-12-04 10:27:52,236][nequip.utils.versions.package_versions][INFO] - [rank: 0] e3nn 0.5.8
[2025-12-04 10:27:52,236][nequip.utils.versions.package_versions][INFO] - [rank: 0] nequip 0.16.1
[2025-12-04 10:27:52,236][nequip.scripts.train][INFO] - [rank: 0] This `nequip-train` run will perform the following tasks: ['train', 'test']
[2025-12-04 10:27:52,237][nequip.scripts.train][INFO] - [rank: 0] and use the output directory provided by Hydra: /global/cfs/cdirs/m5047/train_sam/allegro_6e/outputs/2025-12-04/10-27-52
[2025-12-04 10:27:52,264][nequip.scripts.train][INFO] - [rank: 0] Building datamodule ...
[2025-12-04 10:27:52,278][nequip.data.datamodule._base_datamodule][INFO] - [rank: 0] Found 1 training dataset(s), 1 validation dataset(s), 1 test dataset(s), and 0 predict dataset(s).
[2025-12-04 10:28:20,385][nequip.data.stats_manager][INFO] - [rank: 0] Computed data statistics:
[2025-12-04 10:28:20,385][nequip.data.stats_manager][INFO] - [rank: 0] num_neighbors_mean: 94.59937499999994
[2025-12-04 10:28:20,386][nequip.data.stats_manager][INFO] - [rank: 0] per_type_num_neighbors_mean_H: 94.65358506944445
[2025-12-04 10:28:20,386][nequip.data.stats_manager][INFO] - [rank: 0] per_type_num_neighbors_mean_O: 94.4909548611111
[2025-12-04 10:28:20,386][nequip.data.stats_manager][INFO] - [rank: 0] per_atom_energy_mean: -5.231513750085005
[2025-12-04 10:28:20,386][nequip.data.stats_manager][INFO] - [rank: 0] forces_rms: 0.8692324963495492
[2025-12-04 10:28:20,387][nequip.data.stats_manager][INFO] - [rank: 0] per_type_forces_rms_H: 0.7496087425945346
[2025-12-04 10:28:20,387][nequip.data.stats_manager][INFO] - [rank: 0] per_type_forces_rms_O: 1.0690504497833062
[2025-12-04 10:28:20,398][nequip.scripts.train][INFO] - [rank: 0] Building model and training_module from scratch ...
[2025-12-04 10:28:20,606][hydra.utils][ERROR] - Error getting callable at allegro.model.AllegroModel : Error loading 'allegro.model.AllegroModel':
ModuleNotFoundError("No module named 'allegro.model'")
Are you sure that 'model' is importable from module 'allegro'?
