2025-12-04 03:23:54.337 INFO: ===========VERIFYING SETTINGS===========
2025-12-04 03:23:54.342 INFO: Stage Two is activated as start_stage_two was defined
2025-12-04 03:23:54.343 INFO: MACE version: 0.3.15
2025-12-04 03:23:56.515 INFO: CUDA version: 12.8, CUDA device: 0
2025-12-04 03:23:57.219 INFO: ===========LOADING INPUT DATA===========
2025-12-04 03:23:57.235 INFO: Using heads: ['Default']
2025-12-04 03:23:57.252 INFO: Using the key specifications to parse data:
2025-12-04 03:23:57.264 INFO: Default: KeySpecification(info_keys={'energy': 'energy', 'stress': 'REF_stress', 'virials': 'REF_virials', 'dipole': 'dipole', 'head': 'head', 'elec_temp': 'elec_temp', 'total_charge': 'total_charge', 'polarizability': 'polarizability', 'total_spin': 'total_spin'}, arrays_keys={'forces': 'forces', 'charges': 'REF_charges'})
2025-12-04 03:23:57.267 INFO: =============    Processing head Default     ===========
2025-12-04 03:24:02.203 WARNING: Since ASE version 3.23.0b1, using energy_key 'energy' is no longer safe when communicating between MACE and ASE. We recommend using a different key, rewriting 'energy' to 'REF_energy'. You need to use --energy_key='REF_energy' to specify the chosen key name.
2025-12-04 03:24:02.278 WARNING: Since ASE version 3.23.0b1, using forces_key 'forces' is no longer safe when communicating between MACE and ASE. We recommend using a different key, rewriting 'forces' to 'REF_forces'. You need to use --forces_key='REF_forces' to specify the chosen key name.
2025-12-04 03:24:02.431 INFO: Training set 1/1 [energy: 968, stress: 0, virials: 0, dipole components: 0, head: 968, elec_temp: 0, total_charge: 0, polarizability: 0, total_spin: 0, forces: 968, charges: 0]
2025-12-04 03:24:02.441 INFO: Total Training set [energy: 968, stress: 0, virials: 0, dipole components: 0, head: 968, elec_temp: 0, total_charge: 0, polarizability: 0, total_spin: 0, forces: 968, charges: 0]
2025-12-04 03:24:02.444 INFO: No validation set provided, splitting training data instead.
2025-12-04 03:24:02.477 INFO: Using random 10% of training set for validation with indices saved in: ./MACE_model_valid_indices_123.txt
2025-12-04 03:24:02.484 INFO: Random Split Training set [energy: 872, stress: 0, virials: 0, dipole components: 0, head: 872, elec_temp: 0, total_charge: 0, polarizability: 0, total_spin: 0, forces: 872, charges: 0]
2025-12-04 03:24:02.486 INFO: Random Split Validation set [energy: 96, stress: 0, virials: 0, dipole components: 0, head: 96, elec_temp: 0, total_charge: 0, polarizability: 0, total_spin: 0, forces: 96, charges: 0]
2025-12-04 03:24:02.495 INFO: Total number of configurations: train=872, valid=96, tests=[],
2025-12-04 03:24:02.536 INFO: Atomic Numbers used: [np.int64(1), np.int64(8)]
2025-12-04 03:24:02.548 INFO: Isolated Atomic Energies (E0s) not in training file, using command line argument
2025-12-04 03:24:02.551 INFO: Computing average Atomic Energies using least squares regression
2025-12-04 03:24:02.572 INFO: Atomic Energies used (z: eV) for head Default: {1: -6.241940507958536, 8: -3.120970253979283}
2025-12-04 03:24:02.577 INFO: Processing datasets for head 'Default'
2025-12-04 03:24:13.473 INFO: Combining 1 list datasets for head 'Default'
2025-12-04 03:24:14.495 INFO: Head 'Default' training dataset size: 872
2025-12-04 03:24:14.504 INFO: Computing average number of neighbors
2025-12-04 03:24:15.837 INFO: Average number of neighbors: 89.01392364501953
2025-12-04 03:24:15.841 INFO: During training the following quantities will be reported: energy, forces
2025-12-04 03:24:15.845 INFO: ===========MODEL DETAILS===========
2025-12-04 03:24:16.498 INFO: Building model
2025-12-04 03:24:16.502 INFO: Message passing with 128 channels and max_L=1 (128x0e + 128x1o)
2025-12-04 03:24:16.508 INFO: 2 layers, each with correlation order: 3 (body order: 4) and spherical harmonics up to: l=3
2025-12-04 03:24:16.513 INFO: 8 radial and 5 basis functions
2025-12-04 03:24:16.518 INFO: Radial cutoff: 6.0 A (total receptive field for each atom: 12.0 A)
2025-12-04 03:24:16.523 INFO: Distance transform for radial basis functions: None
2025-12-04 03:24:16.523 INFO: Hidden irreps: 128x0e + 128x1o
2025-12-04 03:24:18.863 INFO: Total number of parameters: 655248
2025-12-04 03:24:18.871 INFO: 
2025-12-04 03:24:18.872 INFO: ===========OPTIMIZER INFORMATION===========
2025-12-04 03:24:18.873 INFO: Using ADAM as parameter optimizer
2025-12-04 03:24:18.875 INFO: Batch size: 4
2025-12-04 03:24:18.876 INFO: Using Exponential Moving Average with decay: 0.99
2025-12-04 03:24:18.880 INFO: Number of gradient updates: 218000
2025-12-04 03:24:18.883 INFO: Learning rate: 0.01, weight decay: 5e-07
2025-12-04 03:24:18.887 INFO: WeightedEnergyForcesLoss(energy_weight=1.000, forces_weight=100.000)
2025-12-04 03:24:18.891 INFO: Stage Two (after 800 epochs) with loss function: WeightedEnergyForcesLoss(energy_weight=1000.000, forces_weight=100.000), with energy weight : 1000.0, forces weight : 100.0 and learning rate : 0.001
2025-12-04 03:24:18.970 WARNING: Cannot find checkpoint with tag 'MACE_model_run-123' in './checkpoints'
2025-12-04 03:24:18.978 INFO: Using gradient clipping with tolerance=10.000
2025-12-04 03:24:18.983 INFO: 
2025-12-04 03:24:18.986 INFO: ===========TRAINING===========
2025-12-04 03:24:18.987 INFO: Started training, reporting errors on validation set
2025-12-04 03:24:18.992 INFO: Loss metrics on validation set
2025-12-04 03:24:26.301 INFO: Initial: head: Default, loss=4.49078941, RMSE_E_per_atom=   11.41 meV, RMSE_F=  656.89 meV / A
2025-12-04 03:26:17.356 INFO: Epoch 0: head: Default, loss=0.34220961, RMSE_E_per_atom=  212.84 meV, RMSE_F=  180.08 meV / A
2025-12-04 03:28:07.579 INFO: Epoch 1: head: Default, loss=0.13897270, RMSE_E_per_atom=   38.47 meV, RMSE_F=  115.56 meV / A
2025-12-04 03:29:54.080 INFO: Epoch 2: head: Default, loss=0.08690673, RMSE_E_per_atom=   26.23 meV, RMSE_F=   91.44 meV / A
2025-12-04 03:31:40.048 INFO: Epoch 3: head: Default, loss=0.06228748, RMSE_E_per_atom=   16.52 meV, RMSE_F=   77.44 meV / A
2025-12-04 03:33:26.460 INFO: Epoch 4: head: Default, loss=0.04564345, RMSE_E_per_atom=   10.48 meV, RMSE_F=   66.32 meV / A
2025-12-04 03:35:11.304 INFO: Epoch 5: head: Default, loss=0.03644324, RMSE_E_per_atom=   19.21 meV, RMSE_F=   59.26 meV / A
2025-12-04 03:36:56.019 INFO: Epoch 6: head: Default, loss=0.02869541, RMSE_E_per_atom=   13.29 meV, RMSE_F=   52.61 meV / A
2025-12-04 03:38:40.533 INFO: Epoch 7: head: Default, loss=0.02325639, RMSE_E_per_atom=    8.40 meV, RMSE_F=   47.38 meV / A
2025-12-04 03:40:24.700 INFO: Epoch 8: head: Default, loss=0.01966671, RMSE_E_per_atom=    6.31 meV, RMSE_F=   43.58 meV / A
2025-12-04 03:42:08.529 INFO: Epoch 9: head: Default, loss=0.01703177, RMSE_E_per_atom=    7.61 meV, RMSE_F=   40.56 meV / A
2025-12-04 03:43:52.201 INFO: Epoch 10: head: Default, loss=0.01530575, RMSE_E_per_atom=    4.78 meV, RMSE_F=   38.46 meV / A
2025-12-04 03:45:36.525 INFO: Epoch 11: head: Default, loss=0.01343854, RMSE_E_per_atom=    4.72 meV, RMSE_F=   36.03 meV / A
2025-12-04 03:47:20.976 INFO: Epoch 12: head: Default, loss=0.01238551, RMSE_E_per_atom=    4.71 meV, RMSE_F=   34.60 meV / A
2025-12-04 03:49:04.946 INFO: Epoch 13: head: Default, loss=0.01127156, RMSE_E_per_atom=    4.79 meV, RMSE_F=   33.01 meV / A
2025-12-04 03:50:49.230 INFO: Epoch 14: head: Default, loss=0.01020908, RMSE_E_per_atom=    3.65 meV, RMSE_F=   31.41 meV / A
2025-12-04 03:52:34.389 INFO: Epoch 15: head: Default, loss=0.00933948, RMSE_E_per_atom=    3.54 meV, RMSE_F=   30.04 meV / A
2025-12-04 03:54:19.009 INFO: Epoch 16: head: Default, loss=0.00863760, RMSE_E_per_atom=    3.44 meV, RMSE_F=   28.89 meV / A
2025-12-04 03:56:03.495 INFO: Epoch 17: head: Default, loss=0.00813005, RMSE_E_per_atom=    3.98 meV, RMSE_F=   28.03 meV / A
2025-12-04 03:57:48.729 INFO: Epoch 18: head: Default, loss=0.00759651, RMSE_E_per_atom=    3.23 meV, RMSE_F=   27.09 meV / A
2025-12-04 03:59:33.397 INFO: Epoch 19: head: Default, loss=0.00717053, RMSE_E_per_atom=    3.74 meV, RMSE_F=   26.32 meV / A
2025-12-04 04:01:17.768 INFO: Epoch 20: head: Default, loss=0.00681817, RMSE_E_per_atom=    3.28 meV, RMSE_F=   25.67 meV / A
2025-12-04 04:03:01.658 INFO: Epoch 21: head: Default, loss=0.00655710, RMSE_E_per_atom=    5.28 meV, RMSE_F=   25.16 meV / A
2025-12-04 04:04:45.939 INFO: Epoch 22: head: Default, loss=0.00699187, RMSE_E_per_atom=    3.14 meV, RMSE_F=   26.03 meV / A
2025-12-04 04:06:30.210 INFO: Epoch 23: head: Default, loss=0.00658366, RMSE_E_per_atom=    6.57 meV, RMSE_F=   25.22 meV / A
2025-12-04 04:08:14.534 INFO: Epoch 24: head: Default, loss=0.00601574, RMSE_E_per_atom=    5.82 meV, RMSE_F=   24.10 meV / A
2025-12-04 04:09:59.796 INFO: Epoch 25: head: Default, loss=0.00563521, RMSE_E_per_atom=    3.07 meV, RMSE_F=   23.32 meV / A
2025-12-04 04:11:43.686 INFO: Epoch 26: head: Default, loss=0.00540279, RMSE_E_per_atom=    2.93 meV, RMSE_F=   22.85 meV / A
2025-12-04 04:13:26.864 INFO: Epoch 27: head: Default, loss=0.00515426, RMSE_E_per_atom=    3.19 meV, RMSE_F=   22.30 meV / A
2025-12-04 04:15:10.036 INFO: Epoch 28: head: Default, loss=0.00488974, RMSE_E_per_atom=    2.94 meV, RMSE_F=   21.72 meV / A
2025-12-04 04:16:54.434 INFO: Epoch 29: head: Default, loss=0.00465940, RMSE_E_per_atom=    2.71 meV, RMSE_F=   21.20 meV / A
2025-12-04 04:18:38.025 INFO: Epoch 30: head: Default, loss=0.00448789, RMSE_E_per_atom=    2.91 meV, RMSE_F=   20.81 meV / A
2025-12-04 04:20:21.481 INFO: Epoch 31: head: Default, loss=0.00432210, RMSE_E_per_atom=    2.74 meV, RMSE_F=   20.42 meV / A
2025-12-04 04:22:03.945 INFO: Epoch 32: head: Default, loss=0.00413284, RMSE_E_per_atom=    2.69 meV, RMSE_F=   19.97 meV / A
2025-12-04 04:23:46.610 INFO: Epoch 33: head: Default, loss=0.00401549, RMSE_E_per_atom=    2.58 meV, RMSE_F=   19.68 meV / A
2025-12-04 04:25:29.338 INFO: Epoch 34: head: Default, loss=0.00386334, RMSE_E_per_atom=    2.72 meV, RMSE_F=   19.30 meV / A
2025-12-04 04:27:13.751 INFO: Epoch 35: head: Default, loss=0.00372761, RMSE_E_per_atom=    2.59 meV, RMSE_F=   18.96 meV / A
2025-12-04 04:28:57.512 INFO: Epoch 36: head: Default, loss=0.00365178, RMSE_E_per_atom=    2.48 meV, RMSE_F=   18.76 meV / A
2025-12-04 04:30:40.852 INFO: Epoch 37: head: Default, loss=0.00351383, RMSE_E_per_atom=    2.44 meV, RMSE_F=   18.40 meV / A
2025-12-04 04:32:24.480 INFO: Epoch 38: head: Default, loss=0.00340365, RMSE_E_per_atom=    2.37 meV, RMSE_F=   18.11 meV / A
2025-12-04 04:34:08.605 INFO: Epoch 39: head: Default, loss=0.00328756, RMSE_E_per_atom=    2.43 meV, RMSE_F=   17.80 meV / A
2025-12-04 04:35:51.927 INFO: Epoch 40: head: Default, loss=0.00321181, RMSE_E_per_atom=    2.44 meV, RMSE_F=   17.60 meV / A
2025-12-04 04:37:34.190 INFO: Epoch 41: head: Default, loss=0.00312899, RMSE_E_per_atom=    2.33 meV, RMSE_F=   17.37 meV / A
2025-12-04 04:39:16.347 INFO: Epoch 42: head: Default, loss=0.00305550, RMSE_E_per_atom=    2.27 meV, RMSE_F=   17.16 meV / A
2025-12-04 04:40:59.076 INFO: Epoch 43: head: Default, loss=0.00297098, RMSE_E_per_atom=    2.30 meV, RMSE_F=   16.92 meV / A
2025-12-04 04:42:41.816 INFO: Epoch 44: head: Default, loss=0.00289472, RMSE_E_per_atom=    2.20 meV, RMSE_F=   16.70 meV / A
2025-12-04 04:44:24.861 INFO: Epoch 45: head: Default, loss=0.00282059, RMSE_E_per_atom=    2.24 meV, RMSE_F=   16.48 meV / A
2025-12-04 04:46:08.038 INFO: Epoch 46: head: Default, loss=0.00281539, RMSE_E_per_atom=    2.60 meV, RMSE_F=   16.48 meV / A
2025-12-04 04:47:52.238 INFO: Epoch 47: head: Default, loss=0.00276095, RMSE_E_per_atom=    2.38 meV, RMSE_F=   16.31 meV / A
2025-12-04 04:49:36.154 INFO: Epoch 48: head: Default, loss=0.00266141, RMSE_E_per_atom=    2.20 meV, RMSE_F=   16.01 meV / A
2025-12-04 04:51:18.304 INFO: Epoch 49: head: Default, loss=0.00258838, RMSE_E_per_atom=    2.09 meV, RMSE_F=   15.79 meV / A
2025-12-04 04:52:58.926 INFO: Epoch 50: head: Default, loss=0.00256035, RMSE_E_per_atom=    2.16 meV, RMSE_F=   15.71 meV / A
2025-12-04 04:54:39.470 INFO: Epoch 51: head: Default, loss=0.00255645, RMSE_E_per_atom=    2.53 meV, RMSE_F=   15.69 meV / A
2025-12-04 04:56:20.275 INFO: Epoch 52: head: Default, loss=0.00247237, RMSE_E_per_atom=    2.13 meV, RMSE_F=   15.43 meV / A
2025-12-04 04:58:00.876 INFO: Epoch 53: head: Default, loss=0.00240502, RMSE_E_per_atom=    2.08 meV, RMSE_F=   15.22 meV / A
2025-12-04 04:59:41.759 INFO: Epoch 54: head: Default, loss=0.00234182, RMSE_E_per_atom=    2.05 meV, RMSE_F=   15.02 meV / A
2025-12-04 05:01:22.801 INFO: Epoch 55: head: Default, loss=0.00231618, RMSE_E_per_atom=    2.07 meV, RMSE_F=   14.94 meV / A
2025-12-04 05:03:03.716 INFO: Epoch 56: head: Default, loss=0.00226490, RMSE_E_per_atom=    2.06 meV, RMSE_F=   14.77 meV / A
2025-12-04 05:04:44.315 INFO: Epoch 57: head: Default, loss=0.00223119, RMSE_E_per_atom=    2.07 meV, RMSE_F=   14.66 meV / A
2025-12-04 05:06:25.063 INFO: Epoch 58: head: Default, loss=0.00217613, RMSE_E_per_atom=    1.97 meV, RMSE_F=   14.48 meV / A
2025-12-04 05:08:06.552 INFO: Epoch 59: head: Default, loss=0.00212419, RMSE_E_per_atom=    1.96 meV, RMSE_F=   14.30 meV / A
2025-12-04 05:09:47.264 INFO: Epoch 60: head: Default, loss=0.00209673, RMSE_E_per_atom=    1.99 meV, RMSE_F=   14.21 meV / A
2025-12-04 05:11:27.983 INFO: Epoch 61: head: Default, loss=0.00210968, RMSE_E_per_atom=    2.23 meV, RMSE_F=   14.26 meV / A
2025-12-04 05:13:08.368 INFO: Epoch 62: head: Default, loss=0.00205118, RMSE_E_per_atom=    1.94 meV, RMSE_F=   14.06 meV / A
2025-12-04 05:14:50.047 INFO: Epoch 63: head: Default, loss=0.00200009, RMSE_E_per_atom=    1.94 meV, RMSE_F=   13.88 meV / A
2025-12-04 05:16:30.993 INFO: Epoch 64: head: Default, loss=0.00200074, RMSE_E_per_atom=    1.95 meV, RMSE_F=   13.88 meV / A
2025-12-04 05:18:11.086 INFO: Epoch 65: head: Default, loss=0.00197200, RMSE_E_per_atom=    1.93 meV, RMSE_F=   13.78 meV / A
2025-12-04 05:19:51.773 INFO: Epoch 66: head: Default, loss=0.00193067, RMSE_E_per_atom=    2.16 meV, RMSE_F=   13.64 meV / A
2025-12-04 05:21:32.936 INFO: Epoch 67: head: Default, loss=0.00189854, RMSE_E_per_atom=    1.89 meV, RMSE_F=   13.52 meV / A
2025-12-04 05:23:13.817 INFO: Epoch 68: head: Default, loss=0.00190140, RMSE_E_per_atom=    2.01 meV, RMSE_F=   13.53 meV / A
2025-12-04 05:24:54.702 INFO: Epoch 69: head: Default, loss=0.00188948, RMSE_E_per_atom=    1.97 meV, RMSE_F=   13.49 meV / A
2025-12-04 05:26:35.701 INFO: Epoch 70: head: Default, loss=0.00183904, RMSE_E_per_atom=    1.90 meV, RMSE_F=   13.31 meV / A
2025-12-04 05:28:17.719 INFO: Epoch 71: head: Default, loss=0.00179194, RMSE_E_per_atom=    1.87 meV, RMSE_F=   13.14 meV / A
2025-12-04 05:30:01.098 INFO: Epoch 72: head: Default, loss=0.00176924, RMSE_E_per_atom=    2.10 meV, RMSE_F=   13.05 meV / A
2025-12-04 05:31:44.595 INFO: Epoch 73: head: Default, loss=0.00174692, RMSE_E_per_atom=    1.82 meV, RMSE_F=   12.97 meV / A
2025-12-04 05:33:26.622 INFO: Epoch 74: head: Default, loss=0.00171225, RMSE_E_per_atom=    1.82 meV, RMSE_F=   12.84 meV / A
2025-12-04 05:35:09.577 INFO: Epoch 75: head: Default, loss=0.00169667, RMSE_E_per_atom=    1.92 meV, RMSE_F=   12.78 meV / A
2025-12-04 05:36:51.955 INFO: Epoch 76: head: Default, loss=0.00167489, RMSE_E_per_atom=    1.79 meV, RMSE_F=   12.70 meV / A
2025-12-04 05:38:32.784 INFO: Epoch 77: head: Default, loss=0.00164857, RMSE_E_per_atom=    1.80 meV, RMSE_F=   12.60 meV / A
2025-12-04 05:40:13.497 INFO: Epoch 78: head: Default, loss=0.00163053, RMSE_E_per_atom=    1.80 meV, RMSE_F=   12.53 meV / A
2025-12-04 05:41:54.360 INFO: Epoch 79: head: Default, loss=0.00162105, RMSE_E_per_atom=    1.77 meV, RMSE_F=   12.50 meV / A
2025-12-04 05:43:35.460 INFO: Epoch 80: head: Default, loss=0.00159538, RMSE_E_per_atom=    1.77 meV, RMSE_F=   12.39 meV / A
2025-12-04 05:45:16.100 INFO: Epoch 81: head: Default, loss=0.00156491, RMSE_E_per_atom=    1.73 meV, RMSE_F=   12.27 meV / A
2025-12-04 05:46:56.912 INFO: Epoch 82: head: Default, loss=0.00154833, RMSE_E_per_atom=    1.75 meV, RMSE_F=   12.21 meV / A
2025-12-04 05:48:37.854 INFO: Epoch 83: head: Default, loss=0.00153774, RMSE_E_per_atom=    1.83 meV, RMSE_F=   12.17 meV / A
2025-12-04 05:50:18.996 INFO: Epoch 84: head: Default, loss=0.00150893, RMSE_E_per_atom=    1.75 meV, RMSE_F=   12.05 meV / A
2025-12-04 05:51:59.870 INFO: Epoch 85: head: Default, loss=0.00149673, RMSE_E_per_atom=    1.74 meV, RMSE_F=   12.01 meV / A
2025-12-04 05:53:40.623 INFO: Epoch 86: head: Default, loss=0.00147277, RMSE_E_per_atom=    1.72 meV, RMSE_F=   11.91 meV / A
2025-12-04 05:55:21.410 INFO: Epoch 87: head: Default, loss=0.00146509, RMSE_E_per_atom=    1.72 meV, RMSE_F=   11.88 meV / A
2025-12-04 05:57:03.618 INFO: Epoch 88: head: Default, loss=0.00143616, RMSE_E_per_atom=    1.69 meV, RMSE_F=   11.76 meV / A
2025-12-04 05:58:46.809 INFO: Epoch 89: head: Default, loss=0.00143496, RMSE_E_per_atom=    1.97 meV, RMSE_F=   11.75 meV / A
2025-12-04 06:00:28.035 INFO: Epoch 90: head: Default, loss=0.00144851, RMSE_E_per_atom=    1.72 meV, RMSE_F=   11.81 meV / A
2025-12-04 06:02:08.647 INFO: Epoch 91: head: Default, loss=0.00140408, RMSE_E_per_atom=    1.68 meV, RMSE_F=   11.63 meV / A
2025-12-04 06:03:49.859 INFO: Epoch 92: head: Default, loss=0.00143056, RMSE_E_per_atom=    1.81 meV, RMSE_F=   11.74 meV / A
2025-12-04 06:05:30.342 INFO: Epoch 93: head: Default, loss=0.00139478, RMSE_E_per_atom=    1.70 meV, RMSE_F=   11.59 meV / A
2025-12-04 06:07:10.963 INFO: Epoch 94: head: Default, loss=0.00138393, RMSE_E_per_atom=    1.68 meV, RMSE_F=   11.54 meV / A
2025-12-04 06:08:51.808 INFO: Epoch 95: head: Default, loss=0.00135864, RMSE_E_per_atom=    1.71 meV, RMSE_F=   11.44 meV / A
2025-12-04 06:10:32.630 INFO: Epoch 96: head: Default, loss=0.00139216, RMSE_E_per_atom=    1.75 meV, RMSE_F=   11.58 meV / A
2025-12-04 06:12:13.019 INFO: Epoch 97: head: Default, loss=0.00135060, RMSE_E_per_atom=    1.70 meV, RMSE_F=   11.41 meV / A
2025-12-04 06:13:53.698 INFO: Epoch 98: head: Default, loss=0.00134171, RMSE_E_per_atom=    1.72 meV, RMSE_F=   11.37 meV / A
2025-12-04 06:15:34.378 INFO: Epoch 99: head: Default, loss=0.00131145, RMSE_E_per_atom=    1.65 meV, RMSE_F=   11.24 meV / A
2025-12-04 06:17:15.080 INFO: Epoch 100: head: Default, loss=0.00129086, RMSE_E_per_atom=    1.63 meV, RMSE_F=   11.15 meV / A
2025-12-04 06:18:56.039 INFO: Epoch 101: head: Default, loss=0.00126734, RMSE_E_per_atom=    1.62 meV, RMSE_F=   11.04 meV / A
2025-12-04 06:20:36.900 INFO: Epoch 102: head: Default, loss=0.00126131, RMSE_E_per_atom=    1.74 meV, RMSE_F=   11.02 meV / A
2025-12-04 06:22:17.711 INFO: Epoch 103: head: Default, loss=0.00126063, RMSE_E_per_atom=    1.65 meV, RMSE_F=   11.02 meV / A
2025-12-04 06:23:58.778 INFO: Epoch 104: head: Default, loss=0.00124349, RMSE_E_per_atom=    1.62 meV, RMSE_F=   10.94 meV / A
2025-12-04 06:25:39.365 INFO: Epoch 105: head: Default, loss=0.00123262, RMSE_E_per_atom=    1.63 meV, RMSE_F=   10.89 meV / A
2025-12-04 06:27:20.129 INFO: Epoch 106: head: Default, loss=0.00121610, RMSE_E_per_atom=    1.59 meV, RMSE_F=   10.82 meV / A
2025-12-04 06:29:00.989 INFO: Epoch 107: head: Default, loss=0.00120399, RMSE_E_per_atom=    1.59 meV, RMSE_F=   10.77 meV / A
2025-12-04 06:30:41.580 INFO: Epoch 108: head: Default, loss=0.00121685, RMSE_E_per_atom=    1.86 meV, RMSE_F=   10.82 meV / A
2025-12-04 06:32:21.936 INFO: Epoch 109: head: Default, loss=0.00121475, RMSE_E_per_atom=    1.66 meV, RMSE_F=   10.82 meV / A
2025-12-04 06:34:02.960 INFO: Epoch 110: head: Default, loss=0.00120274, RMSE_E_per_atom=    1.66 meV, RMSE_F=   10.76 meV / A
2025-12-04 06:35:45.129 INFO: Epoch 111: head: Default, loss=0.00120629, RMSE_E_per_atom=    1.69 meV, RMSE_F=   10.78 meV / A
2025-12-04 06:37:25.533 INFO: Epoch 112: head: Default, loss=0.00117746, RMSE_E_per_atom=    1.65 meV, RMSE_F=   10.65 meV / A
2025-12-04 06:39:06.167 INFO: Epoch 113: head: Default, loss=0.00116801, RMSE_E_per_atom=    1.57 meV, RMSE_F=   10.61 meV / A
2025-12-04 06:40:46.895 INFO: Epoch 114: head: Default, loss=0.00115549, RMSE_E_per_atom=    1.58 meV, RMSE_F=   10.55 meV / A
2025-12-04 06:42:28.319 INFO: Epoch 115: head: Default, loss=0.00115254, RMSE_E_per_atom=    1.59 meV, RMSE_F=   10.54 meV / A
2025-12-04 06:44:09.134 INFO: Epoch 116: head: Default, loss=0.00114964, RMSE_E_per_atom=    1.68 meV, RMSE_F=   10.52 meV / A
2025-12-04 06:45:49.930 INFO: Epoch 117: head: Default, loss=0.00113986, RMSE_E_per_atom=    1.65 meV, RMSE_F=   10.48 meV / A
2025-12-04 06:47:30.613 INFO: Epoch 118: head: Default, loss=0.00113053, RMSE_E_per_atom=    1.62 meV, RMSE_F=   10.44 meV / A
2025-12-04 06:49:12.534 INFO: Epoch 119: head: Default, loss=0.00111557, RMSE_E_per_atom=    1.65 meV, RMSE_F=   10.36 meV / A
2025-12-04 06:50:53.384 INFO: Epoch 120: head: Default, loss=0.00109819, RMSE_E_per_atom=    1.62 meV, RMSE_F=   10.28 meV / A
2025-12-04 06:52:34.566 INFO: Epoch 121: head: Default, loss=0.00108868, RMSE_E_per_atom=    1.57 meV, RMSE_F=   10.24 meV / A
2025-12-04 06:54:15.225 INFO: Epoch 122: head: Default, loss=0.00107952, RMSE_E_per_atom=    1.61 meV, RMSE_F=   10.19 meV / A
2025-12-04 06:55:56.842 INFO: Epoch 123: head: Default, loss=0.00107244, RMSE_E_per_atom=    1.57 meV, RMSE_F=   10.16 meV / A
2025-12-04 06:57:37.483 INFO: Epoch 124: head: Default, loss=0.00106412, RMSE_E_per_atom=    1.56 meV, RMSE_F=   10.12 meV / A
2025-12-04 06:59:18.598 INFO: Epoch 125: head: Default, loss=0.00104825, RMSE_E_per_atom=    1.55 meV, RMSE_F=   10.04 meV / A
2025-12-04 07:00:59.640 INFO: Epoch 126: head: Default, loss=0.00103793, RMSE_E_per_atom=    1.54 meV, RMSE_F=   10.00 meV / A
2025-12-04 07:02:41.239 INFO: Epoch 127: head: Default, loss=0.00107175, RMSE_E_per_atom=    1.70 meV, RMSE_F=   10.16 meV / A
2025-12-04 07:04:21.619 INFO: Epoch 128: head: Default, loss=0.00104370, RMSE_E_per_atom=    1.59 meV, RMSE_F=   10.02 meV / A
2025-12-04 07:06:02.002 INFO: Epoch 129: head: Default, loss=0.00101959, RMSE_E_per_atom=    1.57 meV, RMSE_F=    9.91 meV / A
2025-12-04 07:07:42.917 INFO: Epoch 130: head: Default, loss=0.00101994, RMSE_E_per_atom=    1.56 meV, RMSE_F=    9.91 meV / A
2025-12-04 07:09:25.783 INFO: Epoch 131: head: Default, loss=0.00102706, RMSE_E_per_atom=    1.58 meV, RMSE_F=    9.94 meV / A
2025-12-04 07:11:06.271 INFO: Epoch 132: head: Default, loss=0.00101293, RMSE_E_per_atom=    1.55 meV, RMSE_F=    9.87 meV / A
2025-12-04 07:12:46.996 INFO: Epoch 133: head: Default, loss=0.00099804, RMSE_E_per_atom=    1.55 meV, RMSE_F=    9.80 meV / A
2025-12-04 07:14:27.987 INFO: Epoch 134: head: Default, loss=0.00099315, RMSE_E_per_atom=    1.60 meV, RMSE_F=    9.78 meV / A
2025-12-04 07:16:10.949 INFO: Epoch 135: head: Default, loss=0.00101792, RMSE_E_per_atom=    1.64 meV, RMSE_F=    9.90 meV / A
2025-12-04 07:17:52.563 INFO: Epoch 136: head: Default, loss=0.00100064, RMSE_E_per_atom=    1.58 meV, RMSE_F=    9.82 meV / A
2025-12-04 07:19:33.207 INFO: Epoch 137: head: Default, loss=0.00099045, RMSE_E_per_atom=    1.58 meV, RMSE_F=    9.76 meV / A
2025-12-04 07:21:13.794 INFO: Epoch 138: head: Default, loss=0.00097851, RMSE_E_per_atom=    1.55 meV, RMSE_F=    9.70 meV / A
2025-12-04 07:22:56.047 INFO: Epoch 139: head: Default, loss=0.00097464, RMSE_E_per_atom=    1.55 meV, RMSE_F=    9.69 meV / A
2025-12-04 07:24:38.041 INFO: Epoch 140: head: Default, loss=0.00096280, RMSE_E_per_atom=    1.54 meV, RMSE_F=    9.63 meV / A
2025-12-04 07:26:19.706 INFO: Epoch 141: head: Default, loss=0.00094897, RMSE_E_per_atom=    1.54 meV, RMSE_F=    9.56 meV / A
2025-12-04 07:28:00.303 INFO: Epoch 142: head: Default, loss=0.00093335, RMSE_E_per_atom=    1.50 meV, RMSE_F=    9.48 meV / A
2025-12-04 07:29:41.253 INFO: Epoch 143: head: Default, loss=0.00093793, RMSE_E_per_atom=    1.56 meV, RMSE_F=    9.50 meV / A
2025-12-04 07:31:22.315 INFO: Epoch 144: head: Default, loss=0.00094328, RMSE_E_per_atom=    1.57 meV, RMSE_F=    9.53 meV / A
2025-12-04 07:33:02.728 INFO: Epoch 145: head: Default, loss=0.00092930, RMSE_E_per_atom=    1.53 meV, RMSE_F=    9.46 meV / A
2025-12-04 07:34:43.431 INFO: Epoch 146: head: Default, loss=0.00093421, RMSE_E_per_atom=    1.57 meV, RMSE_F=    9.48 meV / A
2025-12-04 07:36:23.960 INFO: Epoch 147: head: Default, loss=0.00092627, RMSE_E_per_atom=    1.53 meV, RMSE_F=    9.44 meV / A
2025-12-04 07:38:05.564 INFO: Epoch 148: head: Default, loss=0.00102241, RMSE_E_per_atom=    1.95 meV, RMSE_F=    9.93 meV / A
2025-12-04 07:39:45.751 INFO: Epoch 149: head: Default, loss=0.00103982, RMSE_E_per_atom=    1.82 meV, RMSE_F=   10.01 meV / A
2025-12-04 07:41:25.840 INFO: Epoch 150: head: Default, loss=0.00096663, RMSE_E_per_atom=    1.68 meV, RMSE_F=    9.65 meV / A
2025-12-04 07:43:06.238 INFO: Epoch 151: head: Default, loss=0.00093697, RMSE_E_per_atom=    1.62 meV, RMSE_F=    9.50 meV / A
2025-12-04 07:44:48.871 INFO: Epoch 152: head: Default, loss=0.00092300, RMSE_E_per_atom=    1.58 meV, RMSE_F=    9.42 meV / A
2025-12-04 07:46:29.550 INFO: Epoch 153: head: Default, loss=0.00091152, RMSE_E_per_atom=    1.65 meV, RMSE_F=    9.37 meV / A
2025-12-04 07:48:10.090 INFO: Epoch 154: head: Default, loss=0.00091842, RMSE_E_per_atom=    1.57 meV, RMSE_F=    9.40 meV / A
2025-12-04 07:49:50.549 INFO: Epoch 155: head: Default, loss=0.00089696, RMSE_E_per_atom=    1.56 meV, RMSE_F=    9.29 meV / A
2025-12-04 07:51:31.864 INFO: Epoch 156: head: Default, loss=0.00088053, RMSE_E_per_atom=    1.53 meV, RMSE_F=    9.21 meV / A
2025-12-04 07:53:12.537 INFO: Epoch 157: head: Default, loss=0.00087294, RMSE_E_per_atom=    1.50 meV, RMSE_F=    9.17 meV / A
2025-12-04 07:54:53.109 INFO: Epoch 158: head: Default, loss=0.00086506, RMSE_E_per_atom=    1.51 meV, RMSE_F=    9.12 meV / A
2025-12-04 07:56:33.470 INFO: Epoch 159: head: Default, loss=0.00086806, RMSE_E_per_atom=    1.50 meV, RMSE_F=    9.14 meV / A
2025-12-04 07:58:13.781 INFO: Epoch 160: head: Default, loss=0.00086252, RMSE_E_per_atom=    1.59 meV, RMSE_F=    9.11 meV / A
2025-12-04 07:59:54.323 INFO: Epoch 161: head: Default, loss=0.00085030, RMSE_E_per_atom=    1.50 meV, RMSE_F=    9.04 meV / A
2025-12-04 08:01:35.172 INFO: Epoch 162: head: Default, loss=0.00084057, RMSE_E_per_atom=    1.46 meV, RMSE_F=    8.99 meV / A
2025-12-04 08:03:16.162 INFO: Epoch 163: head: Default, loss=0.00083588, RMSE_E_per_atom=    1.45 meV, RMSE_F=    8.97 meV / A
2025-12-04 08:04:56.947 INFO: Epoch 164: head: Default, loss=0.00083537, RMSE_E_per_atom=    1.49 meV, RMSE_F=    8.97 meV / A
2025-12-04 08:06:37.545 INFO: Epoch 165: head: Default, loss=0.00081983, RMSE_E_per_atom=    1.46 meV, RMSE_F=    8.88 meV / A
2025-12-04 08:08:18.263 INFO: Epoch 166: head: Default, loss=0.00082092, RMSE_E_per_atom=    1.45 meV, RMSE_F=    8.89 meV / A
2025-12-04 08:09:58.788 INFO: Epoch 167: head: Default, loss=0.00082466, RMSE_E_per_atom=    1.47 meV, RMSE_F=    8.91 meV / A
2025-12-04 08:11:39.194 INFO: Epoch 168: head: Default, loss=0.00081104, RMSE_E_per_atom=    1.46 meV, RMSE_F=    8.83 meV / A
2025-12-04 08:13:19.628 INFO: Epoch 169: head: Default, loss=0.00081923, RMSE_E_per_atom=    1.51 meV, RMSE_F=    8.87 meV / A
2025-12-04 08:14:59.722 INFO: Epoch 170: head: Default, loss=0.00080882, RMSE_E_per_atom=    1.47 meV, RMSE_F=    8.82 meV / A
2025-12-04 08:16:40.080 INFO: Epoch 171: head: Default, loss=0.00080122, RMSE_E_per_atom=    1.45 meV, RMSE_F=    8.78 meV / A
2025-12-04 08:18:20.535 INFO: Epoch 172: head: Default, loss=0.00080255, RMSE_E_per_atom=    1.61 meV, RMSE_F=    8.78 meV / A
2025-12-04 08:20:00.919 INFO: Epoch 173: head: Default, loss=0.00081508, RMSE_E_per_atom=    1.55 meV, RMSE_F=    8.85 meV / A
2025-12-04 08:21:41.313 INFO: Epoch 174: head: Default, loss=0.00081647, RMSE_E_per_atom=    1.54 meV, RMSE_F=    8.86 meV / A
2025-12-04 08:23:21.773 INFO: Epoch 175: head: Default, loss=0.00084480, RMSE_E_per_atom=    1.58 meV, RMSE_F=    9.02 meV / A
2025-12-04 08:25:02.171 INFO: Epoch 176: head: Default, loss=0.00082228, RMSE_E_per_atom=    1.55 meV, RMSE_F=    8.90 meV / A
2025-12-04 08:26:42.522 INFO: Epoch 177: head: Default, loss=0.00087880, RMSE_E_per_atom=    1.72 meV, RMSE_F=    9.20 meV / A
2025-12-04 08:28:22.826 INFO: Epoch 178: head: Default, loss=0.00085400, RMSE_E_per_atom=    1.63 meV, RMSE_F=    9.06 meV / A
2025-12-04 08:30:03.361 INFO: Epoch 179: head: Default, loss=0.00081730, RMSE_E_per_atom=    1.55 meV, RMSE_F=    8.87 meV / A
2025-12-04 08:31:43.590 INFO: Epoch 180: head: Default, loss=0.00082869, RMSE_E_per_atom=    1.62 meV, RMSE_F=    8.93 meV / A
2025-12-04 08:33:24.083 INFO: Epoch 181: head: Default, loss=0.00084927, RMSE_E_per_atom=    1.70 meV, RMSE_F=    9.04 meV / A
2025-12-04 08:35:04.175 INFO: Epoch 182: head: Default, loss=0.00081466, RMSE_E_per_atom=    1.58 meV, RMSE_F=    8.85 meV / A
2025-12-04 08:36:44.405 INFO: Epoch 183: head: Default, loss=0.00079228, RMSE_E_per_atom=    1.54 meV, RMSE_F=    8.73 meV / A
2025-12-04 08:38:24.858 INFO: Epoch 184: head: Default, loss=0.00077841, RMSE_E_per_atom=    1.52 meV, RMSE_F=    8.65 meV / A
2025-12-04 08:40:05.281 INFO: Epoch 185: head: Default, loss=0.00077137, RMSE_E_per_atom=    1.52 meV, RMSE_F=    8.61 meV / A
2025-12-04 08:41:45.866 INFO: Epoch 186: head: Default, loss=0.00076666, RMSE_E_per_atom=    1.50 meV, RMSE_F=    8.59 meV / A
2025-12-04 08:43:26.340 INFO: Epoch 187: head: Default, loss=0.00076102, RMSE_E_per_atom=    1.54 meV, RMSE_F=    8.55 meV / A
2025-12-04 08:45:06.736 INFO: Epoch 188: head: Default, loss=0.00080510, RMSE_E_per_atom=    1.61 meV, RMSE_F=    8.80 meV / A
2025-12-04 08:46:46.915 INFO: Epoch 189: head: Default, loss=0.00077184, RMSE_E_per_atom=    1.53 meV, RMSE_F=    8.62 meV / A
2025-12-04 08:48:26.953 INFO: Epoch 190: head: Default, loss=0.00075337, RMSE_E_per_atom=    1.47 meV, RMSE_F=    8.51 meV / A
2025-12-04 08:50:07.308 INFO: Epoch 191: head: Default, loss=0.00074591, RMSE_E_per_atom=    1.48 meV, RMSE_F=    8.47 meV / A
2025-12-04 08:51:47.620 INFO: Epoch 192: head: Default, loss=0.00073693, RMSE_E_per_atom=    1.49 meV, RMSE_F=    8.42 meV / A
2025-12-04 08:53:27.865 INFO: Epoch 193: head: Default, loss=0.00073009, RMSE_E_per_atom=    1.49 meV, RMSE_F=    8.38 meV / A
2025-12-04 08:55:08.079 INFO: Epoch 194: head: Default, loss=0.00072946, RMSE_E_per_atom=    1.46 meV, RMSE_F=    8.38 meV / A
2025-12-04 08:56:48.469 INFO: Epoch 195: head: Default, loss=0.00073434, RMSE_E_per_atom=    1.50 meV, RMSE_F=    8.41 meV / A
2025-12-04 08:58:28.899 INFO: Epoch 196: head: Default, loss=0.00073515, RMSE_E_per_atom=    1.46 meV, RMSE_F=    8.41 meV / A
2025-12-04 09:00:09.263 INFO: Epoch 197: head: Default, loss=0.00071816, RMSE_E_per_atom=    1.45 meV, RMSE_F=    8.31 meV / A
2025-12-04 09:01:50.059 INFO: Epoch 198: head: Default, loss=0.00072507, RMSE_E_per_atom=    1.49 meV, RMSE_F=    8.35 meV / A
2025-12-04 09:03:30.450 INFO: Epoch 199: head: Default, loss=0.00073277, RMSE_E_per_atom=    1.52 meV, RMSE_F=    8.39 meV / A
2025-12-04 09:05:10.955 INFO: Epoch 200: head: Default, loss=0.00075035, RMSE_E_per_atom=    1.54 meV, RMSE_F=    8.50 meV / A
2025-12-04 09:06:51.352 INFO: Epoch 201: head: Default, loss=0.00074600, RMSE_E_per_atom=    1.55 meV, RMSE_F=    8.47 meV / A
2025-12-04 09:08:31.618 INFO: Epoch 202: head: Default, loss=0.00074970, RMSE_E_per_atom=    1.55 meV, RMSE_F=    8.49 meV / A
2025-12-04 09:10:12.151 INFO: Epoch 203: head: Default, loss=0.00072742, RMSE_E_per_atom=    1.48 meV, RMSE_F=    8.37 meV / A
2025-12-04 09:11:52.196 INFO: Epoch 204: head: Default, loss=0.00071239, RMSE_E_per_atom=    1.47 meV, RMSE_F=    8.28 meV / A
2025-12-04 09:13:32.859 INFO: Epoch 205: head: Default, loss=0.00070442, RMSE_E_per_atom=    1.47 meV, RMSE_F=    8.23 meV / A
2025-12-04 09:15:13.210 INFO: Epoch 206: head: Default, loss=0.00070461, RMSE_E_per_atom=    1.43 meV, RMSE_F=    8.23 meV / A
2025-12-04 09:16:53.230 INFO: Epoch 207: head: Default, loss=0.00070143, RMSE_E_per_atom=    1.46 meV, RMSE_F=    8.21 meV / A
2025-12-04 09:18:33.694 INFO: Epoch 208: head: Default, loss=0.00068787, RMSE_E_per_atom=    1.45 meV, RMSE_F=    8.13 meV / A
2025-12-04 09:20:14.325 INFO: Epoch 209: head: Default, loss=0.00068473, RMSE_E_per_atom=    1.45 meV, RMSE_F=    8.11 meV / A
2025-12-04 09:21:55.183 INFO: Epoch 210: head: Default, loss=0.00068225, RMSE_E_per_atom=    1.40 meV, RMSE_F=    8.10 meV / A
2025-12-04 09:23:35.909 INFO: Epoch 211: head: Default, loss=0.00067612, RMSE_E_per_atom=    1.41 meV, RMSE_F=    8.06 meV / A
2025-12-04 09:25:16.933 INFO: Epoch 212: head: Default, loss=0.00067458, RMSE_E_per_atom=    1.41 meV, RMSE_F=    8.05 meV / A
2025-12-04 09:26:57.728 INFO: Epoch 213: head: Default, loss=0.00067582, RMSE_E_per_atom=    1.42 meV, RMSE_F=    8.06 meV / A
2025-12-04 09:28:38.476 INFO: Epoch 214: head: Default, loss=0.00068216, RMSE_E_per_atom=    1.42 meV, RMSE_F=    8.10 meV / A
2025-12-04 09:30:19.876 INFO: Epoch 215: head: Default, loss=0.00067879, RMSE_E_per_atom=    1.47 meV, RMSE_F=    8.08 meV / A
2025-12-04 09:32:00.838 INFO: Epoch 216: head: Default, loss=0.00067461, RMSE_E_per_atom=    1.46 meV, RMSE_F=    8.06 meV / A
2025-12-04 09:33:41.411 INFO: Epoch 217: head: Default, loss=0.00067371, RMSE_E_per_atom=    1.43 meV, RMSE_F=    8.05 meV / A
2025-12-04 09:35:22.221 INFO: Epoch 218: head: Default, loss=0.00067160, RMSE_E_per_atom=    1.54 meV, RMSE_F=    8.04 meV / A
2025-12-04 09:37:02.904 INFO: Epoch 219: head: Default, loss=0.00065931, RMSE_E_per_atom=    1.44 meV, RMSE_F=    7.96 meV / A
2025-12-04 09:38:43.788 INFO: Epoch 220: head: Default, loss=0.00066796, RMSE_E_per_atom=    1.45 meV, RMSE_F=    8.02 meV / A
2025-12-04 09:40:24.517 INFO: Epoch 221: head: Default, loss=0.00067529, RMSE_E_per_atom=    1.49 meV, RMSE_F=    8.06 meV / A
2025-12-04 09:42:06.230 INFO: Epoch 222: head: Default, loss=0.00068861, RMSE_E_per_atom=    1.54 meV, RMSE_F=    8.14 meV / A
2025-12-04 09:43:46.777 INFO: Epoch 223: head: Default, loss=0.00067052, RMSE_E_per_atom=    1.52 meV, RMSE_F=    8.03 meV / A
2025-12-04 09:45:27.421 INFO: Epoch 224: head: Default, loss=0.00068867, RMSE_E_per_atom=    1.56 meV, RMSE_F=    8.14 meV / A
2025-12-04 09:47:08.155 INFO: Epoch 225: head: Default, loss=0.00067713, RMSE_E_per_atom=    1.50 meV, RMSE_F=    8.07 meV / A
2025-12-04 09:48:48.805 INFO: Epoch 226: head: Default, loss=0.00067919, RMSE_E_per_atom=    1.55 meV, RMSE_F=    8.08 meV / A
2025-12-04 09:50:31.117 INFO: Epoch 227: head: Default, loss=0.00067450, RMSE_E_per_atom=    1.56 meV, RMSE_F=    8.06 meV / A
2025-12-04 09:52:12.850 INFO: Epoch 228: head: Default, loss=0.00065621, RMSE_E_per_atom=    1.49 meV, RMSE_F=    7.94 meV / A
2025-12-04 09:53:56.529 INFO: Epoch 229: head: Default, loss=0.00064928, RMSE_E_per_atom=    1.47 meV, RMSE_F=    7.90 meV / A
2025-12-04 09:55:37.264 INFO: Epoch 230: head: Default, loss=0.00065226, RMSE_E_per_atom=    1.49 meV, RMSE_F=    7.92 meV / A
2025-12-04 09:57:18.061 INFO: Epoch 231: head: Default, loss=0.00064609, RMSE_E_per_atom=    1.47 meV, RMSE_F=    7.88 meV / A
2025-12-04 09:58:58.700 INFO: Epoch 232: head: Default, loss=0.00064171, RMSE_E_per_atom=    1.45 meV, RMSE_F=    7.86 meV / A
2025-12-04 10:00:39.590 INFO: Epoch 233: head: Default, loss=0.00064098, RMSE_E_per_atom=    1.45 meV, RMSE_F=    7.85 meV / A
2025-12-04 10:02:20.952 INFO: Epoch 234: head: Default, loss=0.00065921, RMSE_E_per_atom=    1.53 meV, RMSE_F=    7.97 meV / A
2025-12-04 10:04:02.300 INFO: Epoch 235: head: Default, loss=0.00063853, RMSE_E_per_atom=    1.45 meV, RMSE_F=    7.84 meV / A
2025-12-04 10:05:43.160 INFO: Epoch 236: head: Default, loss=0.00063582, RMSE_E_per_atom=    1.46 meV, RMSE_F=    7.82 meV / A
2025-12-04 10:07:23.951 INFO: Epoch 237: head: Default, loss=0.00064252, RMSE_E_per_atom=    1.44 meV, RMSE_F=    7.86 meV / A
2025-12-04 10:09:04.672 INFO: Epoch 238: head: Default, loss=0.00063191, RMSE_E_per_atom=    1.45 meV, RMSE_F=    7.80 meV / A
2025-12-04 10:10:45.472 INFO: Epoch 239: head: Default, loss=0.00062654, RMSE_E_per_atom=    1.42 meV, RMSE_F=    7.76 meV / A
2025-12-04 10:12:26.099 INFO: Epoch 240: head: Default, loss=0.00061738, RMSE_E_per_atom=    1.40 meV, RMSE_F=    7.71 meV / A
2025-12-04 10:14:07.056 INFO: Epoch 241: head: Default, loss=0.00062329, RMSE_E_per_atom=    1.43 meV, RMSE_F=    7.74 meV / A
2025-12-04 10:15:47.899 INFO: Epoch 242: head: Default, loss=0.00061179, RMSE_E_per_atom=    1.42 meV, RMSE_F=    7.67 meV / A
2025-12-04 10:17:29.135 INFO: Epoch 243: head: Default, loss=0.00061038, RMSE_E_per_atom=    1.41 meV, RMSE_F=    7.66 meV / A
2025-12-04 10:19:10.079 INFO: Epoch 244: head: Default, loss=0.00063078, RMSE_E_per_atom=    1.49 meV, RMSE_F=    7.79 meV / A
2025-12-04 10:20:51.010 INFO: Epoch 245: head: Default, loss=0.00061801, RMSE_E_per_atom=    1.43 meV, RMSE_F=    7.71 meV / A
2025-12-04 10:22:31.589 INFO: Epoch 246: head: Default, loss=0.00062026, RMSE_E_per_atom=    1.42 meV, RMSE_F=    7.72 meV / A
2025-12-04 10:24:12.515 INFO: Epoch 247: head: Default, loss=0.00061362, RMSE_E_per_atom=    1.42 meV, RMSE_F=    7.68 meV / A
2025-12-04 10:25:53.053 INFO: Epoch 248: head: Default, loss=0.00060922, RMSE_E_per_atom=    1.45 meV, RMSE_F=    7.65 meV / A
2025-12-04 10:27:33.856 INFO: Epoch 249: head: Default, loss=0.00060191, RMSE_E_per_atom=    1.44 meV, RMSE_F=    7.61 meV / A
2025-12-04 10:29:14.682 INFO: Epoch 250: head: Default, loss=0.00060579, RMSE_E_per_atom=    1.42 meV, RMSE_F=    7.63 meV / A
2025-12-04 10:30:55.368 INFO: Epoch 251: head: Default, loss=0.00060280, RMSE_E_per_atom=    1.43 meV, RMSE_F=    7.61 meV / A
2025-12-04 10:32:35.872 INFO: Epoch 252: head: Default, loss=0.00060690, RMSE_E_per_atom=    1.44 meV, RMSE_F=    7.64 meV / A
2025-12-04 10:34:16.662 INFO: Epoch 253: head: Default, loss=0.00062474, RMSE_E_per_atom=    1.51 meV, RMSE_F=    7.75 meV / A
2025-12-04 10:35:57.462 INFO: Epoch 254: head: Default, loss=0.00062135, RMSE_E_per_atom=    1.54 meV, RMSE_F=    7.73 meV / A
2025-12-04 10:37:39.949 INFO: Epoch 255: head: Default, loss=0.00061829, RMSE_E_per_atom=    1.49 meV, RMSE_F=    7.71 meV / A
2025-12-04 10:39:22.620 INFO: Epoch 256: head: Default, loss=0.00059903, RMSE_E_per_atom=    1.44 meV, RMSE_F=    7.59 meV / A
2025-12-04 10:41:06.061 INFO: Epoch 257: head: Default, loss=0.00059383, RMSE_E_per_atom=    1.43 meV, RMSE_F=    7.56 meV / A
2025-12-04 10:42:47.243 INFO: Epoch 258: head: Default, loss=0.00059261, RMSE_E_per_atom=    1.44 meV, RMSE_F=    7.55 meV / A
2025-12-04 10:44:28.866 INFO: Epoch 259: head: Default, loss=0.00061448, RMSE_E_per_atom=    1.52 meV, RMSE_F=    7.69 meV / A
2025-12-04 10:46:09.833 INFO: Epoch 260: head: Default, loss=0.00059143, RMSE_E_per_atom=    1.44 meV, RMSE_F=    7.54 meV / A
2025-12-04 10:47:51.151 INFO: Epoch 261: head: Default, loss=0.00058711, RMSE_E_per_atom=    1.45 meV, RMSE_F=    7.52 meV / A
2025-12-04 10:49:32.080 INFO: Epoch 262: head: Default, loss=0.00057719, RMSE_E_per_atom=    1.42 meV, RMSE_F=    7.45 meV / A
2025-12-04 10:51:13.067 INFO: Epoch 263: head: Default, loss=0.00057782, RMSE_E_per_atom=    1.42 meV, RMSE_F=    7.45 meV / A
2025-12-04 10:52:53.747 INFO: Epoch 264: head: Default, loss=0.00059297, RMSE_E_per_atom=    1.53 meV, RMSE_F=    7.55 meV / A
2025-12-04 10:54:34.467 INFO: Epoch 265: head: Default, loss=0.00059090, RMSE_E_per_atom=    1.50 meV, RMSE_F=    7.54 meV / A
2025-12-04 10:56:15.391 INFO: Epoch 266: head: Default, loss=0.00057692, RMSE_E_per_atom=    1.44 meV, RMSE_F=    7.45 meV / A
2025-12-04 10:57:56.344 INFO: Epoch 267: head: Default, loss=0.00057438, RMSE_E_per_atom=    1.42 meV, RMSE_F=    7.43 meV / A
2025-12-04 10:59:37.348 INFO: Epoch 268: head: Default, loss=0.00056807, RMSE_E_per_atom=    1.42 meV, RMSE_F=    7.39 meV / A
2025-12-04 11:01:18.213 INFO: Epoch 269: head: Default, loss=0.00057382, RMSE_E_per_atom=    1.42 meV, RMSE_F=    7.43 meV / A
2025-12-04 11:02:58.553 INFO: Epoch 270: head: Default, loss=0.00056862, RMSE_E_per_atom=    1.44 meV, RMSE_F=    7.39 meV / A
2025-12-04 11:04:38.944 INFO: Epoch 271: head: Default, loss=0.00057339, RMSE_E_per_atom=    1.40 meV, RMSE_F=    7.43 meV / A
2025-12-04 11:06:19.207 INFO: Epoch 272: head: Default, loss=0.00056094, RMSE_E_per_atom=    1.39 meV, RMSE_F=    7.34 meV / A
2025-12-04 11:07:59.637 INFO: Epoch 273: head: Default, loss=0.00056001, RMSE_E_per_atom=    1.37 meV, RMSE_F=    7.34 meV / A
2025-12-04 11:09:40.284 INFO: Epoch 274: head: Default, loss=0.00055886, RMSE_E_per_atom=    1.37 meV, RMSE_F=    7.33 meV / A
2025-12-04 11:11:20.790 INFO: Epoch 275: head: Default, loss=0.00055271, RMSE_E_per_atom=    1.39 meV, RMSE_F=    7.29 meV / A
2025-12-04 11:13:01.826 INFO: Epoch 276: head: Default, loss=0.00055185, RMSE_E_per_atom=    1.37 meV, RMSE_F=    7.28 meV / A
2025-12-04 11:14:42.866 INFO: Epoch 277: head: Default, loss=0.00055917, RMSE_E_per_atom=    1.38 meV, RMSE_F=    7.34 meV / A
2025-12-04 11:16:23.503 INFO: Epoch 278: head: Default, loss=0.00061855, RMSE_E_per_atom=    1.50 meV, RMSE_F=    7.72 meV / A
2025-12-04 11:18:04.463 INFO: Epoch 279: head: Default, loss=0.00059906, RMSE_E_per_atom=    1.49 meV, RMSE_F=    7.59 meV / A
2025-12-04 11:19:46.353 INFO: Epoch 280: head: Default, loss=0.00058453, RMSE_E_per_atom=    1.47 meV, RMSE_F=    7.50 meV / A
2025-12-04 11:21:27.228 INFO: Epoch 281: head: Default, loss=0.00057305, RMSE_E_per_atom=    1.57 meV, RMSE_F=    7.43 meV / A
2025-12-04 11:23:08.085 INFO: Epoch 282: head: Default, loss=0.00056573, RMSE_E_per_atom=    1.42 meV, RMSE_F=    7.38 meV / A
2025-12-04 11:24:48.746 INFO: Epoch 283: head: Default, loss=0.00055413, RMSE_E_per_atom=    1.47 meV, RMSE_F=    7.30 meV / A
2025-12-04 11:26:29.471 INFO: Epoch 284: head: Default, loss=0.00055887, RMSE_E_per_atom=    1.42 meV, RMSE_F=    7.33 meV / A
2025-12-04 11:28:10.335 INFO: Epoch 285: head: Default, loss=0.00055635, RMSE_E_per_atom=    1.42 meV, RMSE_F=    7.31 meV / A
2025-12-04 11:29:51.596 INFO: Epoch 286: head: Default, loss=0.00054983, RMSE_E_per_atom=    1.40 meV, RMSE_F=    7.27 meV / A
2025-12-04 11:31:32.478 INFO: Epoch 287: head: Default, loss=0.00054867, RMSE_E_per_atom=    1.43 meV, RMSE_F=    7.27 meV / A
2025-12-04 11:33:14.851 INFO: Epoch 288: head: Default, loss=0.00057871, RMSE_E_per_atom=    1.45 meV, RMSE_F=    7.46 meV / A
2025-12-04 11:34:55.389 INFO: Epoch 289: head: Default, loss=0.00057209, RMSE_E_per_atom=    1.50 meV, RMSE_F=    7.42 meV / A
2025-12-04 11:36:36.109 INFO: Epoch 290: head: Default, loss=0.00055158, RMSE_E_per_atom=    1.43 meV, RMSE_F=    7.28 meV / A
2025-12-04 11:38:16.877 INFO: Epoch 291: head: Default, loss=0.00056271, RMSE_E_per_atom=    1.56 meV, RMSE_F=    7.36 meV / A
2025-12-04 11:39:57.631 INFO: Epoch 292: head: Default, loss=0.00054296, RMSE_E_per_atom=    1.42 meV, RMSE_F=    7.23 meV / A
2025-12-04 11:41:38.498 INFO: Epoch 293: head: Default, loss=0.00053527, RMSE_E_per_atom=    1.42 meV, RMSE_F=    7.17 meV / A
2025-12-04 11:43:19.518 INFO: Epoch 294: head: Default, loss=0.00052953, RMSE_E_per_atom=    1.47 meV, RMSE_F=    7.13 meV / A
2025-12-04 11:45:01.458 INFO: Epoch 295: head: Default, loss=0.00056135, RMSE_E_per_atom=    1.50 meV, RMSE_F=    7.35 meV / A
2025-12-04 11:46:42.960 INFO: Epoch 296: head: Default, loss=0.00054162, RMSE_E_per_atom=    1.40 meV, RMSE_F=    7.22 meV / A
2025-12-04 11:48:24.475 INFO: Epoch 297: head: Default, loss=0.00053348, RMSE_E_per_atom=    1.39 meV, RMSE_F=    7.16 meV / A
2025-12-04 11:50:06.949 INFO: Epoch 298: head: Default, loss=0.00052734, RMSE_E_per_atom=    1.41 meV, RMSE_F=    7.12 meV / A
2025-12-04 11:51:50.628 INFO: Epoch 299: head: Default, loss=0.00053304, RMSE_E_per_atom=    1.43 meV, RMSE_F=    7.16 meV / A
2025-12-04 11:53:31.120 INFO: Epoch 300: head: Default, loss=0.00053110, RMSE_E_per_atom=    1.40 meV, RMSE_F=    7.14 meV / A
2025-12-04 11:55:11.658 INFO: Epoch 301: head: Default, loss=0.00052772, RMSE_E_per_atom=    1.40 meV, RMSE_F=    7.12 meV / A
2025-12-04 11:56:52.998 INFO: Epoch 302: head: Default, loss=0.00052625, RMSE_E_per_atom=    1.40 meV, RMSE_F=    7.11 meV / A
2025-12-04 11:58:33.610 INFO: Epoch 303: head: Default, loss=0.00052523, RMSE_E_per_atom=    1.38 meV, RMSE_F=    7.10 meV / A
2025-12-04 12:00:14.254 INFO: Epoch 304: head: Default, loss=0.00053825, RMSE_E_per_atom=    1.48 meV, RMSE_F=    7.20 meV / A
2025-12-04 12:01:54.783 INFO: Epoch 305: head: Default, loss=0.00053583, RMSE_E_per_atom=    1.52 meV, RMSE_F=    7.18 meV / A
2025-12-04 12:03:35.676 INFO: Epoch 306: head: Default, loss=0.00051896, RMSE_E_per_atom=    1.46 meV, RMSE_F=    7.06 meV / A
2025-12-04 12:05:16.646 INFO: Epoch 307: head: Default, loss=0.00051116, RMSE_E_per_atom=    1.41 meV, RMSE_F=    7.01 meV / A
2025-12-04 12:06:57.527 INFO: Epoch 308: head: Default, loss=0.00052966, RMSE_E_per_atom=    1.44 meV, RMSE_F=    7.14 meV / A
2025-12-04 12:08:38.420 INFO: Epoch 309: head: Default, loss=0.00052944, RMSE_E_per_atom=    1.43 meV, RMSE_F=    7.14 meV / A
2025-12-04 12:10:20.029 INFO: Epoch 310: head: Default, loss=0.00052239, RMSE_E_per_atom=    1.40 meV, RMSE_F=    7.09 meV / A
2025-12-04 12:12:00.822 INFO: Epoch 311: head: Default, loss=0.00052560, RMSE_E_per_atom=    1.41 meV, RMSE_F=    7.11 meV / A
2025-12-04 12:13:41.617 INFO: Epoch 312: head: Default, loss=0.00051484, RMSE_E_per_atom=    1.37 meV, RMSE_F=    7.04 meV / A
2025-12-04 12:15:22.847 INFO: Epoch 313: head: Default, loss=0.00050530, RMSE_E_per_atom=    1.38 meV, RMSE_F=    6.97 meV / A
2025-12-04 12:17:05.456 INFO: Epoch 314: head: Default, loss=0.00049959, RMSE_E_per_atom=    1.36 meV, RMSE_F=    6.93 meV / A
2025-12-04 12:18:48.490 INFO: Epoch 315: head: Default, loss=0.00050598, RMSE_E_per_atom=    1.35 meV, RMSE_F=    6.98 meV / A
2025-12-04 12:20:33.230 INFO: Epoch 316: head: Default, loss=0.00049794, RMSE_E_per_atom=    1.37 meV, RMSE_F=    6.92 meV / A
2025-12-04 12:22:14.997 INFO: Epoch 317: head: Default, loss=0.00052804, RMSE_E_per_atom=    1.39 meV, RMSE_F=    7.13 meV / A
2025-12-04 12:23:56.647 INFO: Epoch 318: head: Default, loss=0.00050952, RMSE_E_per_atom=    1.38 meV, RMSE_F=    7.00 meV / A
2025-12-04 12:25:37.874 INFO: Epoch 319: head: Default, loss=0.00051021, RMSE_E_per_atom=    1.40 meV, RMSE_F=    7.01 meV / A
2025-12-04 12:27:19.560 INFO: Epoch 320: head: Default, loss=0.00051957, RMSE_E_per_atom=    1.43 meV, RMSE_F=    7.07 meV / A
2025-12-04 12:29:00.991 INFO: Epoch 321: head: Default, loss=0.00051087, RMSE_E_per_atom=    1.43 meV, RMSE_F=    7.01 meV / A
2025-12-04 12:30:42.215 INFO: Epoch 322: head: Default, loss=0.00050176, RMSE_E_per_atom=    1.39 meV, RMSE_F=    6.95 meV / A
2025-12-04 12:32:23.356 INFO: Epoch 323: head: Default, loss=0.00050739, RMSE_E_per_atom=    1.41 meV, RMSE_F=    6.99 meV / A
2025-12-04 12:34:04.652 INFO: Epoch 324: head: Default, loss=0.00049971, RMSE_E_per_atom=    1.38 meV, RMSE_F=    6.93 meV / A
2025-12-04 12:35:47.120 INFO: Epoch 325: head: Default, loss=0.00051287, RMSE_E_per_atom=    1.44 meV, RMSE_F=    7.02 meV / A
2025-12-04 12:37:29.176 INFO: Epoch 326: head: Default, loss=0.00054757, RMSE_E_per_atom=    1.53 meV, RMSE_F=    7.26 meV / A
2025-12-04 12:39:11.719 INFO: Epoch 327: head: Default, loss=0.00051795, RMSE_E_per_atom=    1.40 meV, RMSE_F=    7.05 meV / A
2025-12-04 12:40:55.907 INFO: Epoch 328: head: Default, loss=0.00050473, RMSE_E_per_atom=    1.43 meV, RMSE_F=    6.96 meV / A
2025-12-04 12:42:37.652 INFO: Epoch 329: head: Default, loss=0.00049350, RMSE_E_per_atom=    1.42 meV, RMSE_F=    6.89 meV / A
2025-12-04 12:44:19.440 INFO: Epoch 330: head: Default, loss=0.00049686, RMSE_E_per_atom=    1.39 meV, RMSE_F=    6.91 meV / A
2025-12-04 12:46:00.715 INFO: Epoch 331: head: Default, loss=0.00050681, RMSE_E_per_atom=    1.39 meV, RMSE_F=    6.98 meV / A
2025-12-04 12:47:42.373 INFO: Epoch 332: head: Default, loss=0.00050398, RMSE_E_per_atom=    1.40 meV, RMSE_F=    6.96 meV / A
2025-12-04 12:49:23.926 INFO: Epoch 333: head: Default, loss=0.00049042, RMSE_E_per_atom=    1.39 meV, RMSE_F=    6.87 meV / A
2025-12-04 12:51:05.608 INFO: Epoch 334: head: Default, loss=0.00049303, RMSE_E_per_atom=    1.40 meV, RMSE_F=    6.88 meV / A
2025-12-04 12:52:46.999 INFO: Epoch 335: head: Default, loss=0.00049227, RMSE_E_per_atom=    1.38 meV, RMSE_F=    6.88 meV / A
2025-12-04 12:54:28.499 INFO: Epoch 336: head: Default, loss=0.00049169, RMSE_E_per_atom=    1.38 meV, RMSE_F=    6.87 meV / A
2025-12-04 12:56:10.440 INFO: Epoch 337: head: Default, loss=0.00052140, RMSE_E_per_atom=    1.53 meV, RMSE_F=    7.08 meV / A
2025-12-04 12:57:52.280 INFO: Epoch 338: head: Default, loss=0.00057290, RMSE_E_per_atom=    1.66 meV, RMSE_F=    7.43 meV / A
2025-12-04 12:59:33.873 INFO: Epoch 339: head: Default, loss=0.00052363, RMSE_E_per_atom=    1.51 meV, RMSE_F=    7.10 meV / A
2025-12-04 13:01:15.253 INFO: Epoch 340: head: Default, loss=0.00052157, RMSE_E_per_atom=    1.51 meV, RMSE_F=    7.08 meV / A
2025-12-04 13:02:56.511 INFO: Epoch 341: head: Default, loss=0.00049956, RMSE_E_per_atom=    1.47 meV, RMSE_F=    6.93 meV / A
2025-12-04 13:04:37.807 INFO: Epoch 342: head: Default, loss=0.00049648, RMSE_E_per_atom=    1.43 meV, RMSE_F=    6.91 meV / A
2025-12-04 13:06:18.968 INFO: Epoch 343: head: Default, loss=0.00049535, RMSE_E_per_atom=    1.44 meV, RMSE_F=    6.90 meV / A
2025-12-04 13:08:00.440 INFO: Epoch 344: head: Default, loss=0.00048028, RMSE_E_per_atom=    1.42 meV, RMSE_F=    6.79 meV / A
2025-12-04 13:09:42.052 INFO: Epoch 345: head: Default, loss=0.00048248, RMSE_E_per_atom=    1.42 meV, RMSE_F=    6.81 meV / A
2025-12-04 13:11:23.400 INFO: Epoch 346: head: Default, loss=0.00047357, RMSE_E_per_atom=    1.39 meV, RMSE_F=    6.75 meV / A
2025-12-04 13:13:04.606 INFO: Epoch 347: head: Default, loss=0.00047383, RMSE_E_per_atom=    1.38 meV, RMSE_F=    6.75 meV / A
2025-12-04 13:14:45.647 INFO: Epoch 348: head: Default, loss=0.00046994, RMSE_E_per_atom=    1.38 meV, RMSE_F=    6.72 meV / A
2025-12-04 13:16:27.357 INFO: Epoch 349: head: Default, loss=0.00046750, RMSE_E_per_atom=    1.37 meV, RMSE_F=    6.70 meV / A
2025-12-04 13:18:08.956 INFO: Epoch 350: head: Default, loss=0.00047542, RMSE_E_per_atom=    1.40 meV, RMSE_F=    6.76 meV / A
2025-12-04 13:19:50.517 INFO: Epoch 351: head: Default, loss=0.00046995, RMSE_E_per_atom=    1.38 meV, RMSE_F=    6.72 meV / A
2025-12-04 13:21:31.504 INFO: Epoch 352: head: Default, loss=0.00047862, RMSE_E_per_atom=    1.43 meV, RMSE_F=    6.78 meV / A
2025-12-04 13:23:12.708 INFO: Epoch 353: head: Default, loss=0.00047038, RMSE_E_per_atom=    1.38 meV, RMSE_F=    6.72 meV / A
2025-12-04 13:24:54.004 INFO: Epoch 354: head: Default, loss=0.00046878, RMSE_E_per_atom=    1.39 meV, RMSE_F=    6.71 meV / A
2025-12-04 13:26:35.663 INFO: Epoch 355: head: Default, loss=0.00047104, RMSE_E_per_atom=    1.36 meV, RMSE_F=    6.73 meV / A
2025-12-04 13:28:16.681 INFO: Epoch 356: head: Default, loss=0.00045956, RMSE_E_per_atom=    1.36 meV, RMSE_F=    6.64 meV / A
2025-12-04 13:30:00.007 INFO: Epoch 357: head: Default, loss=0.00047485, RMSE_E_per_atom=    1.34 meV, RMSE_F=    6.76 meV / A
2025-12-04 13:31:40.761 INFO: Epoch 358: head: Default, loss=0.00045910, RMSE_E_per_atom=    1.35 meV, RMSE_F=    6.64 meV / A
2025-12-04 13:33:21.842 INFO: Epoch 359: head: Default, loss=0.00046575, RMSE_E_per_atom=    1.36 meV, RMSE_F=    6.69 meV / A
2025-12-04 13:35:02.811 INFO: Epoch 360: head: Default, loss=0.00046571, RMSE_E_per_atom=    1.37 meV, RMSE_F=    6.69 meV / A
2025-12-04 13:36:43.517 INFO: Epoch 361: head: Default, loss=0.00045568, RMSE_E_per_atom=    1.36 meV, RMSE_F=    6.62 meV / A
2025-12-04 13:38:25.132 INFO: Epoch 362: head: Default, loss=0.00045197, RMSE_E_per_atom=    1.35 meV, RMSE_F=    6.59 meV / A
2025-12-04 13:40:05.872 INFO: Epoch 363: head: Default, loss=0.00050431, RMSE_E_per_atom=    1.42 meV, RMSE_F=    6.97 meV / A
2025-12-04 13:41:46.571 INFO: Epoch 364: head: Default, loss=0.00048518, RMSE_E_per_atom=    1.41 meV, RMSE_F=    6.83 meV / A
2025-12-04 13:43:27.172 INFO: Epoch 365: head: Default, loss=0.00049709, RMSE_E_per_atom=    1.43 meV, RMSE_F=    6.91 meV / A
2025-12-04 13:45:07.812 INFO: Epoch 366: head: Default, loss=0.00047205, RMSE_E_per_atom=    1.45 meV, RMSE_F=    6.73 meV / A
2025-12-04 13:46:48.579 INFO: Epoch 367: head: Default, loss=0.00071049, RMSE_E_per_atom=    1.69 meV, RMSE_F=    8.28 meV / A
2025-12-04 13:48:29.261 INFO: Epoch 368: head: Default, loss=0.00055486, RMSE_E_per_atom=    1.53 meV, RMSE_F=    7.29 meV / A
2025-12-04 13:50:09.688 INFO: Epoch 369: head: Default, loss=0.00071774, RMSE_E_per_atom=    1.82 meV, RMSE_F=    8.33 meV / A
2025-12-04 13:51:49.917 INFO: Epoch 370: head: Default, loss=0.00055979, RMSE_E_per_atom=    1.61 meV, RMSE_F=    7.34 meV / A
2025-12-04 13:53:30.175 INFO: Epoch 371: head: Default, loss=0.00051660, RMSE_E_per_atom=    1.54 meV, RMSE_F=    7.05 meV / A
2025-12-04 13:55:10.658 INFO: Epoch 372: head: Default, loss=0.00049383, RMSE_E_per_atom=    1.50 meV, RMSE_F=    6.89 meV / A
2025-12-04 13:56:50.907 INFO: Epoch 373: head: Default, loss=0.00057276, RMSE_E_per_atom=    2.24 meV, RMSE_F=    7.43 meV / A
2025-12-04 13:58:31.232 INFO: Epoch 374: head: Default, loss=0.00050929, RMSE_E_per_atom=    1.56 meV, RMSE_F=    7.00 meV / A
2025-12-04 14:00:11.965 INFO: Epoch 375: head: Default, loss=0.00049199, RMSE_E_per_atom=    1.53 meV, RMSE_F=    6.88 meV / A
2025-12-04 14:01:52.244 INFO: Epoch 376: head: Default, loss=0.00048174, RMSE_E_per_atom=    1.49 meV, RMSE_F=    6.80 meV / A
2025-12-04 14:03:32.660 INFO: Epoch 377: head: Default, loss=0.00047032, RMSE_E_per_atom=    1.45 meV, RMSE_F=    6.72 meV / A
2025-12-04 14:05:13.412 INFO: Epoch 378: head: Default, loss=0.00046136, RMSE_E_per_atom=    1.42 meV, RMSE_F=    6.66 meV / A
2025-12-04 14:06:53.937 INFO: Epoch 379: head: Default, loss=0.00045480, RMSE_E_per_atom=    1.42 meV, RMSE_F=    6.61 meV / A
2025-12-04 14:08:34.557 INFO: Epoch 380: head: Default, loss=0.00045755, RMSE_E_per_atom=    1.41 meV, RMSE_F=    6.63 meV / A
2025-12-04 14:10:15.903 INFO: Epoch 381: head: Default, loss=0.00045246, RMSE_E_per_atom=    1.40 meV, RMSE_F=    6.59 meV / A
2025-12-04 14:11:56.306 INFO: Epoch 382: head: Default, loss=0.00044704, RMSE_E_per_atom=    1.39 meV, RMSE_F=    6.55 meV / A
2025-12-04 14:13:37.510 INFO: Epoch 383: head: Default, loss=0.00044046, RMSE_E_per_atom=    1.37 meV, RMSE_F=    6.51 meV / A
2025-12-04 14:15:18.073 INFO: Epoch 384: head: Default, loss=0.00043842, RMSE_E_per_atom=    1.37 meV, RMSE_F=    6.49 meV / A
2025-12-04 14:16:59.241 INFO: Epoch 385: head: Default, loss=0.00044006, RMSE_E_per_atom=    1.35 meV, RMSE_F=    6.50 meV / A
2025-12-04 14:18:41.470 INFO: Epoch 386: head: Default, loss=0.00044260, RMSE_E_per_atom=    1.37 meV, RMSE_F=    6.52 meV / A
2025-12-04 14:20:23.732 INFO: Epoch 387: head: Default, loss=0.00043516, RMSE_E_per_atom=    1.34 meV, RMSE_F=    6.47 meV / A
2025-12-04 14:22:04.339 INFO: Epoch 388: head: Default, loss=0.00043500, RMSE_E_per_atom=    1.37 meV, RMSE_F=    6.46 meV / A
2025-12-04 14:23:45.038 INFO: Epoch 389: head: Default, loss=0.00042891, RMSE_E_per_atom=    1.35 meV, RMSE_F=    6.42 meV / A
2025-12-04 14:25:25.684 INFO: Epoch 390: head: Default, loss=0.00042754, RMSE_E_per_atom=    1.33 meV, RMSE_F=    6.41 meV / A
2025-12-04 14:27:06.370 INFO: Epoch 391: head: Default, loss=0.00042612, RMSE_E_per_atom=    1.34 meV, RMSE_F=    6.40 meV / A
2025-12-04 14:28:47.175 INFO: Epoch 392: head: Default, loss=0.00042983, RMSE_E_per_atom=    1.32 meV, RMSE_F=    6.43 meV / A
2025-12-04 14:30:27.608 INFO: Epoch 393: head: Default, loss=0.00042656, RMSE_E_per_atom=    1.34 meV, RMSE_F=    6.40 meV / A
2025-12-04 14:32:07.955 INFO: Epoch 394: head: Default, loss=0.00042804, RMSE_E_per_atom=    1.33 meV, RMSE_F=    6.41 meV / A
2025-12-04 14:33:48.805 INFO: Epoch 395: head: Default, loss=0.00042344, RMSE_E_per_atom=    1.34 meV, RMSE_F=    6.38 meV / A
2025-12-04 14:35:29.813 INFO: Epoch 396: head: Default, loss=0.00042732, RMSE_E_per_atom=    1.34 meV, RMSE_F=    6.41 meV / A
2025-12-04 14:37:10.558 INFO: Epoch 397: head: Default, loss=0.00043067, RMSE_E_per_atom=    1.36 meV, RMSE_F=    6.43 meV / A
2025-12-04 14:38:51.317 INFO: Epoch 398: head: Default, loss=0.00042184, RMSE_E_per_atom=    1.34 meV, RMSE_F=    6.37 meV / A
2025-12-04 14:40:32.315 INFO: Epoch 399: head: Default, loss=0.00042305, RMSE_E_per_atom=    1.33 meV, RMSE_F=    6.37 meV / A
2025-12-04 14:42:12.644 INFO: Epoch 400: head: Default, loss=0.00042111, RMSE_E_per_atom=    1.31 meV, RMSE_F=    6.36 meV / A
2025-12-04 14:43:53.063 INFO: Epoch 401: head: Default, loss=0.00042614, RMSE_E_per_atom=    1.31 meV, RMSE_F=    6.40 meV / A
2025-12-04 14:45:33.245 INFO: Epoch 402: head: Default, loss=0.00042103, RMSE_E_per_atom=    1.32 meV, RMSE_F=    6.36 meV / A
2025-12-04 14:47:13.663 INFO: Epoch 403: head: Default, loss=0.00042048, RMSE_E_per_atom=    1.32 meV, RMSE_F=    6.36 meV / A
2025-12-04 14:48:54.201 INFO: Epoch 404: head: Default, loss=0.00042006, RMSE_E_per_atom=    1.34 meV, RMSE_F=    6.35 meV / A
2025-12-04 14:50:34.739 INFO: Epoch 405: head: Default, loss=0.00043028, RMSE_E_per_atom=    1.38 meV, RMSE_F=    6.43 meV / A
2025-12-04 14:52:15.022 INFO: Epoch 406: head: Default, loss=0.00042035, RMSE_E_per_atom=    1.33 meV, RMSE_F=    6.36 meV / A
2025-12-04 14:53:55.393 INFO: Epoch 407: head: Default, loss=0.00041695, RMSE_E_per_atom=    1.34 meV, RMSE_F=    6.33 meV / A
2025-12-04 14:55:36.094 INFO: Epoch 408: head: Default, loss=0.00041243, RMSE_E_per_atom=    1.33 meV, RMSE_F=    6.29 meV / A
2025-12-04 14:57:16.598 INFO: Epoch 409: head: Default, loss=0.00041882, RMSE_E_per_atom=    1.37 meV, RMSE_F=    6.34 meV / A
2025-12-04 14:58:56.904 INFO: Epoch 410: head: Default, loss=0.00042269, RMSE_E_per_atom=    1.37 meV, RMSE_F=    6.37 meV / A
2025-12-04 15:00:37.404 INFO: Epoch 411: head: Default, loss=0.00041415, RMSE_E_per_atom=    1.35 meV, RMSE_F=    6.31 meV / A
2025-12-04 15:02:17.693 INFO: Epoch 412: head: Default, loss=0.00041510, RMSE_E_per_atom=    1.31 meV, RMSE_F=    6.31 meV / A
2025-12-04 15:04:00.377 INFO: Epoch 413: head: Default, loss=0.00041996, RMSE_E_per_atom=    1.36 meV, RMSE_F=    6.35 meV / A
2025-12-04 15:05:42.817 INFO: Epoch 414: head: Default, loss=0.00041862, RMSE_E_per_atom=    1.32 meV, RMSE_F=    6.34 meV / A
2025-12-04 15:07:23.040 INFO: Epoch 415: head: Default, loss=0.00040685, RMSE_E_per_atom=    1.31 meV, RMSE_F=    6.25 meV / A
2025-12-04 15:09:03.515 INFO: Epoch 416: head: Default, loss=0.00041647, RMSE_E_per_atom=    1.34 meV, RMSE_F=    6.32 meV / A
2025-12-04 15:10:44.003 INFO: Epoch 417: head: Default, loss=0.00041458, RMSE_E_per_atom=    1.28 meV, RMSE_F=    6.31 meV / A
2025-12-04 15:12:24.899 INFO: Epoch 418: head: Default, loss=0.00041097, RMSE_E_per_atom=    1.32 meV, RMSE_F=    6.28 meV / A
2025-12-04 15:14:05.570 INFO: Epoch 419: head: Default, loss=0.00041953, RMSE_E_per_atom=    1.25 meV, RMSE_F=    6.35 meV / A
2025-12-04 15:15:45.707 INFO: Epoch 420: head: Default, loss=0.00044746, RMSE_E_per_atom=    1.38 meV, RMSE_F=    6.56 meV / A
2025-12-04 15:17:25.900 INFO: Epoch 421: head: Default, loss=0.00041600, RMSE_E_per_atom=    1.35 meV, RMSE_F=    6.32 meV / A
2025-12-04 15:19:06.420 INFO: Epoch 422: head: Default, loss=0.00040830, RMSE_E_per_atom=    1.32 meV, RMSE_F=    6.26 meV / A
2025-12-04 15:20:46.874 INFO: Epoch 423: head: Default, loss=0.00039975, RMSE_E_per_atom=    1.29 meV, RMSE_F=    6.20 meV / A
