[2025-12-05 09:25:27,017][nequip.utils.versions.package_versions][INFO] - [rank: 0] Version Information:
[2025-12-05 09:25:27,019][nequip.utils.versions.package_versions][INFO] - [rank: 0] torch 2.9.1
[2025-12-05 09:25:27,019][nequip.utils.versions.package_versions][INFO] - [rank: 0] e3nn 0.5.8
[2025-12-05 09:25:27,020][nequip.utils.versions.package_versions][INFO] - [rank: 0] nequip 0.16.1
[2025-12-05 09:25:27,020][nequip.utils.versions.package_versions][INFO] - [rank: 0] allegro 0.8.0
[2025-12-05 09:25:27,020][nequip.scripts.train][INFO] - [rank: 0] This `nequip-train` run will perform the following tasks: ['train', 'test']
[2025-12-05 09:25:27,021][nequip.scripts.train][INFO] - [rank: 0] and use the output directory provided by Hydra: /global/cfs/cdirs/m5047/train_sam/allegro_10e/outputs/2025-12-05/09-25-26
[2025-12-05 09:25:27,191][nequip.scripts.train][INFO] - [rank: 0] Building datamodule ...
[2025-12-05 09:25:27,201][nequip.data.datamodule._base_datamodule][INFO] - [rank: 0] Found 1 training dataset(s), 1 validation dataset(s), 1 test dataset(s), and 0 predict dataset(s).
[2025-12-05 09:25:57,813][nequip.data.stats_manager][INFO] - [rank: 0] Computed data statistics:
[2025-12-05 09:25:57,814][nequip.data.stats_manager][INFO] - [rank: 0] num_neighbors_mean: 94.33615740740741
[2025-12-05 09:25:57,815][nequip.data.stats_manager][INFO] - [rank: 0] per_type_num_neighbors_mean_H: 94.42649884259255
[2025-12-05 09:25:57,815][nequip.data.stats_manager][INFO] - [rank: 0] per_type_num_neighbors_mean_O: 94.15547453703704
[2025-12-05 09:25:57,816][nequip.data.stats_manager][INFO] - [rank: 0] per_atom_energy_mean: -5.208124335341453
[2025-12-05 09:25:57,817][nequip.data.stats_manager][INFO] - [rank: 0] forces_rms: 0.83703964537533
[2025-12-05 09:25:57,818][nequip.data.stats_manager][INFO] - [rank: 0] per_type_forces_rms_H: 0.7266157828407632
[2025-12-05 09:25:57,818][nequip.data.stats_manager][INFO] - [rank: 0] per_type_forces_rms_O: 1.0227243578030132
[2025-12-05 09:25:57,826][nequip.scripts.train][INFO] - [rank: 0] Building model and training_module from scratch ...
[2025-12-05 09:26:00,248][nequip.scripts.train][INFO] - [rank: 0] TRAIN RUN START
[2025-12-05 16:58:07,917][nequip.scripts.train][INFO] - [rank: 0] TRAIN RUN END
[2025-12-05 16:58:07,918][nequip.scripts.train][INFO] - [rank: 0] TEST RUN START
[2025-12-05 16:58:16,427][nequip.scripts.train][INFO] - [rank: 0] TEST RUN END
